#
# A fatal error has been detected by the Java Runtime Environment:
#
#  EXCEPTION_ACCESS_VIOLATION (0xc0000005) at pc=0x00007ffc8af7bf52, pid=13664, tid=10936
#
# JRE version: OpenJDK Runtime Environment (11.0.5+10) (build 11.0.5+10)
# Java VM: OpenJDK 64-Bit Server VM (11.0.5+10, mixed mode, tiered, compressed oops, g1 gc, windows-amd64)
# Problematic frame:
# C  [spirvcrossj.dll+0x16bf52]
#
# No core dump will be written. Minidumps are not enabled by default on client versions of Windows
#
# If you would like to submit a bug report, please visit:
#   https://github.com/AdoptOpenJDK/openjdk-build/issues
# The crash happened outside the Java Virtual Machine in native code.
# See problematic frame for where to report the bug.
#

---------------  S U M M A R Y ------------

Command Line: -agentlib:jdwp=transport=dt_socket,address=127.0.0.1:58002,suspend=y,server=n -ea -Djacoco-agent.destfile=C:\Users\justi\OneDrive\Dokumente\Max Planck Projekt\scenery-proteins\target/jacoco.exec -Didea.test.cyclic.buffer.size=1048576 -javaagent:C:\Users\justi\.IntelliJIdea2019.3\system\captureAgent\debugger-agent.jar -Dfile.encoding=UTF-8 com.intellij.rt.junit.JUnitStarter -ideVersion5 -junit4 graphics.scenery.tests.examples.PDB.CurveGeometryTest

Host: AMD Ryzen 3 2200U with Radeon Vega Mobile Gfx  , 4 cores, 7G,  Windows 10 , 64 bit Build 18362 (10.0.18362.329)
Time: Wed Feb 26 13:54:46 2020 Mitteleuropäische Zeit elapsed time: 135 seconds (0d 0h 2m 15s)

---------------  T H R E A D  ---------------

Current thread (0x000001f753dc3800):  JavaThread "main @coroutine#2" [_thread_in_native, id=10936, stack(0x0000006f1d400000,0x0000006f1d500000)]

Stack: [0x0000006f1d400000,0x0000006f1d500000],  sp=0x0000006f1d4ed690,  free space=949k
Native frames: (J=compiled Java code, j=interpreted, Vv=VM code, C=native code)
C  [spirvcrossj.dll+0x16bf52]

Java frames: (J=compiled Java code, j=interpreted, Vv=VM code)
j  graphics.scenery.spirvcrossj.libspirvcrossjJNI.TShader_parse__SWIG_2(JLgraphics/scenery/spirvcrossj/TShader;JIZI)Z+0
j  graphics.scenery.spirvcrossj.TShader.parse(Lgraphics/scenery/spirvcrossj/SWIGTYPE_p_TBuiltInResource;IZI)Z+13
j  graphics.scenery.backends.Shaders.compileFromSource(Lgraphics/scenery/backends/ShaderPackage;Ljava/lang/String;Lgraphics/scenery/backends/ShaderType;Lgraphics/scenery/backends/Shaders$ShaderTarget;Ljava/lang/Class;)Lkotlin/Pair;+440
j  graphics.scenery.backends.Shaders.compile(Lgraphics/scenery/backends/ShaderPackage;Lgraphics/scenery/backends/ShaderType;Lgraphics/scenery/backends/Shaders$ShaderTarget;Ljava/lang/Class;)Lgraphics/scenery/backends/ShaderPackage;+101
j  graphics.scenery.backends.Shaders$ShadersFromFiles.get(Lgraphics/scenery/backends/Shaders$ShaderTarget;Lgraphics/scenery/backends/ShaderType;)Lgraphics/scenery/backends/ShaderPackage;+834
j  graphics.scenery.backends.vulkan.VulkanRenderpass.initializeDefaultPipeline()V+282
j  graphics.scenery.backends.vulkan.VulkanRenderer.prepareRenderpassesFromConfig(Lgraphics/scenery/backends/RenderConfigReader$RenderConfig;II)V+4293
j  graphics.scenery.backends.vulkan.VulkanRenderer$SwapchainRecreator$recreate$refreshResolutionDependentResources$1.invoke()V+561
j  graphics.scenery.backends.vulkan.VulkanRenderer$SwapchainRecreator$recreate$refreshResolutionDependentResources$1.invoke()Ljava/lang/Object;+1
j  graphics.scenery.backends.vulkan.VulkanRenderer$SwapchainRecreator.recreate()V+225
j  graphics.scenery.backends.vulkan.VulkanRenderer.pollEvents()Z+48
j  graphics.scenery.backends.vulkan.VulkanRenderer.access$pollEvents(Lgraphics/scenery/backends/vulkan/VulkanRenderer;)Z+1
j  graphics.scenery.backends.vulkan.VulkanRenderer$render$1.invokeSuspend(Ljava/lang/Object;)Ljava/lang/Object;+57
j  kotlin.coroutines.jvm.internal.BaseContinuationImpl.resumeWith(Ljava/lang/Object;)V+49
j  kotlinx.coroutines.DispatchedTask.run()V+252
j  kotlinx.coroutines.EventLoopImplBase.processNextEvent()J+178
j  kotlinx.coroutines.BlockingCoroutine.joinBlocking()Ljava/lang/Object;+69
j  kotlinx.coroutines.BuildersKt__BuildersKt.runBlocking(Lkotlin/coroutines/CoroutineContext;Lkotlin/jvm/functions/Function2;)Ljava/lang/Object;+176
j  kotlinx.coroutines.BuildersKt.runBlocking(Lkotlin/coroutines/CoroutineContext;Lkotlin/jvm/functions/Function2;)Ljava/lang/Object;+2
j  kotlinx.coroutines.BuildersKt__BuildersKt.runBlocking$default(Lkotlin/coroutines/CoroutineContext;Lkotlin/jvm/functions/Function2;ILjava/lang/Object;)Ljava/lang/Object;+15
j  kotlinx.coroutines.BuildersKt.runBlocking$default(Lkotlin/coroutines/CoroutineContext;Lkotlin/jvm/functions/Function2;ILjava/lang/Object;)Ljava/lang/Object;+4
j  graphics.scenery.backends.vulkan.VulkanRenderer.render()V+15
j  graphics.scenery.SceneryBase.main()V+560
j  graphics.scenery.tests.examples.PDB.CurveGeometryTest.main()V+1
v  ~StubRoutines::call_stub
j  jdk.internal.reflect.NativeMethodAccessorImpl.invoke0(Ljava/lang/reflect/Method;Ljava/lang/Object;[Ljava/lang/Object;)Ljava/lang/Object;+0 java.base@11.0.5
j  jdk.internal.reflect.NativeMethodAccessorImpl.invoke(Ljava/lang/Object;[Ljava/lang/Object;)Ljava/lang/Object;+100 java.base@11.0.5
j  jdk.internal.reflect.DelegatingMethodAccessorImpl.invoke(Ljava/lang/Object;[Ljava/lang/Object;)Ljava/lang/Object;+6 java.base@11.0.5
j  java.lang.reflect.Method.invoke(Ljava/lang/Object;[Ljava/lang/Object;)Ljava/lang/Object;+59 java.base@11.0.5
j  org.junit.runners.model.FrameworkMethod$1.runReflectiveCall()Ljava/lang/Object;+15
j  org.junit.internal.runners.model.ReflectiveCallable.run()Ljava/lang/Object;+1
j  org.junit.runners.model.FrameworkMethod.invokeExplosively(Ljava/lang/Object;[Ljava/lang/Object;)Ljava/lang/Object;+10
j  org.junit.internal.runners.statements.InvokeMethod.evaluate()V+12
j  org.junit.runners.ParentRunner.runLeaf(Lorg/junit/runners/model/Statement;Lorg/junit/runner/Description;Lorg/junit/runner/notification/RunNotifier;)V+17
j  org.junit.runners.BlockJUnit4ClassRunner.runChild(Lorg/junit/runners/model/FrameworkMethod;Lorg/junit/runner/notification/RunNotifier;)V+30
j  org.junit.runners.BlockJUnit4ClassRunner.runChild(Ljava/lang/Object;Lorg/junit/runner/notification/RunNotifier;)V+6
j  org.junit.runners.ParentRunner$3.run()V+12
j  org.junit.runners.ParentRunner$1.schedule(Ljava/lang/Runnable;)V+1
j  org.junit.runners.ParentRunner.runChildren(Lorg/junit/runner/notification/RunNotifier;)V+44
j  org.junit.runners.ParentRunner.access$000(Lorg/junit/runners/ParentRunner;Lorg/junit/runner/notification/RunNotifier;)V+2
j  org.junit.runners.ParentRunner$2.evaluate()V+8
j  org.junit.runners.ParentRunner.run(Lorg/junit/runner/notification/RunNotifier;)V+20
j  org.junit.runner.JUnitCore.run(Lorg/junit/runner/Runner;)Lorg/junit/runner/Result;+37
j  com.intellij.junit4.JUnit4IdeaTestRunner.startRunnerWithArgs([Ljava/lang/String;Ljava/lang/String;IZ)I+146
j  com.intellij.rt.junit.IdeaTestRunner$Repeater.startRunnerWithArgs(Lcom/intellij/rt/junit/IdeaTestRunner;[Ljava/lang/String;Ljava/util/ArrayList;Ljava/lang/String;IZ)I+22
j  com.intellij.rt.junit.JUnitStarter.prepareStreamsAndStart([Ljava/lang/String;Ljava/lang/String;Ljava/util/ArrayList;Ljava/lang/String;)I+116
j  com.intellij.rt.junit.JUnitStarter.main([Ljava/lang/String;)V+116
v  ~StubRoutines::call_stub

siginfo: EXCEPTION_ACCESS_VIOLATION (0xc0000005), reading address 0x0000000000000008


Register to memory mapping:

RIP=0x00007ffc8af7bf52 spirvcrossj.dll
RAX=0x0000000000000039 is an unknown value
RBX=0x0000006f1d4fbe30 is pointing into the stack for thread: 0x000001f753dc3800
RCX=0x0 is NULL
RDX=0x0000006f1d4ed6e0 is pointing into the stack for thread: 0x000001f753dc3800
RSP=0x0000006f1d4ed690 is pointing into the stack for thread: 0x000001f753dc3800
RBP=0x0000006f1d4ed7e0 is pointing into the stack for thread: 0x000001f753dc3800
RSI=0x0000006f1d4edbd0 is pointing into the stack for thread: 0x000001f753dc3800
RDI=0x0000006f1d4fbe30 is pointing into the stack for thread: 0x000001f753dc3800
R8 =0x0000006f1d4fbe70 is pointing into the stack for thread: 0x000001f753dc3800
R9 =
[error occurred during error reporting (printing register info), id 0xc0000005, EXCEPTION_ACCESS_VIOLATION (0xc0000005) at pc=0x00007ffca6bd3576]

Registers:
RAX=0x0000000000000039, RBX=0x0000006f1d4fbe30, RCX=0x0000000000000000, RDX=0x0000006f1d4ed6e0
RSP=0x0000006f1d4ed690, RBP=0x0000006f1d4ed7e0, RSI=0x0000006f1d4edbd0, RDI=0x0000006f1d4fbe30
R8 =0x0000006f1d4fbe70, R9 =0x00000000a6c45d85, R10=0x0000006f1d4ed748, R11=0x0000006f1d4ed140
R12=0x00007ffc8ae10000, R13=0x00007ffc8b22d488, R14=0x0000006f1d4fbea0, R15=0x0000000000000000
RIP=0x00007ffc8af7bf52, EFLAGS=0x0000000000010206

Top of Stack: (sp=0x0000006f1d4ed690)
0x0000006f1d4ed690:   00007ffc8b22d488 00007ffc8afcd06a
0x0000006f1d4ed6a0:   0000006f1d4fbea0 0000006f1d4fbe30
0x0000006f1d4ed6b0:   00000000000000a2 00007ffc8af6ecce
0x0000006f1d4ed6c0:   ffffffffff000000 00007ffc8afd255c
0x0000006f1d4ed6d0:   00000000fffffffe 00007ffc8af7bd93
0x0000006f1d4ed6e0:   0000006f1d4fbe30 0000006f1d4fbe30
0x0000006f1d4ed6f0:   0000006f1d4edbd0 0000006f1d4edbd0
0x0000006f1d4ed700:   00006a33dd3c94cb 00007ffc8af5b84d
0x0000006f1d4ed710:   fffffffffffffffe 0000000000000000
0x0000006f1d4ed720:   0000000000000000 0000000100000000
0x0000006f1d4ed730:   8000000000000001 00007ffc8afef800
0x0000006f1d4ed740:   0000000000000000 00000074616f6c66
0x0000006f1d4ed750:   000001f703516c80 00007ffc8aff6ee0
0x0000006f1d4ed760:   fffffffffffffffe 00007ffc8aff368d
0x0000006f1d4ed770:   0000006f1d4ee278 0000006f1d4fcb70
0x0000006f1d4ed780:   000001f703516c48 0000006f1d4ed890 

Instructions: (pc=0x00007ffc8af7bf52)
0x00007ffc8af7be52:   16 00 99 bc 16 00 34 ba 16 00 a3 bc 16 00 bb bc
0x00007ffc8af7be62:   16 00 03 bd 16 00 1d bd 16 00 d3 bc 16 00 eb bc
0x00007ffc8af7be72:   16 00 37 bd 16 00 53 bd 16 00 6f bd 16 00 8b bd
0x00007ffc8af7be82:   16 00 44 ba 16 00 00 00 3a 3a 3a 3a 3a 3a 3a 3a
0x00007ffc8af7be92:   3a 3a 3a 3a 3a 3a 3a 3a 3a 3a 3a 3a 3a 3a 3a 3a
0x00007ffc8af7bea2:   3a 3a 3a 3a 3a 3a 3a 3a 01 3a 3a 3a 02 03 3a 04
0x00007ffc8af7beb2:   05 06 07 08 09 0a 0b 3a 3a 3a 3a 3a 3a 3a 3a 3a
0x00007ffc8af7bec2:   3a 0c 0d 0e 0f 10 11 3a 3a 3a 3a 3a 3a 3a 3a 3a
0x00007ffc8af7bed2:   3a 3a 3a 3a 3a 3a 3a 3a 3a 3a 3a 3a 3a 3a 3a 3a
0x00007ffc8af7bee2:   3a 3a 12 13 14 15 3a 3a 3a 3a 3a 3a 3a 3a 3a 3a
0x00007ffc8af7bef2:   3a 3a 3a 3a 3a 3a 3a 3a 3a 3a 3a 3a 3a 3a 3a 3a
0x00007ffc8af7bf02:   3a 3a 16 17 18 19 3a 3a 1a 1b 1c 1d 1e 1f 20 21
0x00007ffc8af7bf12:   22 23 24 25 26 27 28 29 2a 2b 2c 2d 2e 2f 3a 30
0x00007ffc8af7bf22:   31 32 33 34 35 36 37 38 3a 39 cc cc cc cc 48 89
0x00007ffc8af7bf32:   5c 24 10 48 89 74 24 18 57 48 83 ec 40 48 8b f9
0x00007ffc8af7bf42:   48 8d 54 24 50 48 8b 0d c2 08 4f 00 4c 8d 47 40
0x00007ffc8af7bf52:   48 8b 59 08 e8 25 f7 0f 00 48 39 5c 24 50 74 59
0x00007ffc8af7bf62:   48 8b 4f 08 48 8b 41 68 48 8b 50 08 48 2b 10 48
0x00007ffc8af7bf72:   c1 fa 03 ff ca 83 fa 02 0f 8e 61 11 00 00 48 8b
0x00007ffc8af7bf82:   01 4c 8d 05 fe 14 2b 00 4c 8b 4f 40 48 8d 57 18
0x00007ffc8af7bf92:   4c 89 44 24 28 4c 89 44 24 20 4c 8d 05 7d 5a 2f
0x00007ffc8af7bfa2:   00 ff 90 58 01 00 00 33 c0 48 8b 5c 24 58 48 8b
0x00007ffc8af7bfb2:   74 24 60 48 83 c4 40 5f c3 48 8b 1d 46 08 4f 00
0x00007ffc8af7bfc2:   4c 8d 47 40 48 8b cb 48 8d 54 24 50 e8 ad f6 0f
0x00007ffc8af7bfd2:   00 48 8b 44 24 50 48 3b 43 08 75 18 48 8b cf e8
0x00007ffc8af7bfe2:   4a f0 ff ff 48 8b 5c 24 58 48 8b 74 24 60 48 83
0x00007ffc8af7bff2:   c4 40 5f c3 44 8b 40 18 44 89 47 48 41 8d 80 fe
0x00007ffc8af7c002:   fe ff ff 3d 94 01 00 00 0f 87 90 10 00 00 48 63
0x00007ffc8af7c012:   c8 48 8d 05 e6 3f e9 ff 0f b6 8c 08 f8 d1 16 00
0x00007ffc8af7c022:   8b 94 88 f4 d0 16 00 48 03 d0 ff e2 41 8b c0 48
0x00007ffc8af7c032:   8b 5c 24 58 48 8b 74 24 60 48 83 c4 40 5f c3 c6
0x00007ffc8af7c042:   47 11 01 41 8b c0 48 8b 5c 24 58 48 8b 74 24 60 


Stack slot to memory mapping:
stack at sp + 0 slots: 0x00007ffc8b22d488 spirvcrossj.dll
stack at sp + 1 slots: 0x00007ffc8afcd06a spirvcrossj.dll
stack at sp + 2 slots: 0x0000006f1d4fbea0 is pointing into the stack for thread: 0x000001f753dc3800
stack at sp + 3 slots: 0x0000006f1d4fbe30 is pointing into the stack for thread: 0x000001f753dc3800
stack at sp + 4 slots: 0x00000000000000a2 is an unknown value
stack at sp + 5 slots: 0x00007ffc8af6ecce spirvcrossj.dll
stack at sp + 6 slots: 0xffffffffff000000 is an unknown value
stack at sp + 7 slots: 0x00007ffc8afd255c spirvcrossj.dll


---------------  P R O C E S S  ---------------

Threads class SMR info:
_java_thread_list=0x000001f778058c80, length=29, elements={
0x000001f753dc3800, 0x000001f77413c800, 0x000001f77413d000, 0x000001f77414d000,
0x000001f77414e000, 0x000001f774ac2800, 0x000001f774b2e800, 0x000001f774b32800,
0x000001f774d6e000, 0x000001f774d7e000, 0x000001f775909000, 0x000001f777710800,
0x000001f776141800, 0x000001f77618d800, 0x000001f776063000, 0x000001f776187800,
0x000001f77616c800, 0x000001f777b5e800, 0x000001f776a1a800, 0x000001f777b07800,
0x000001f777b09000, 0x000001f777b0a800, 0x000001f777b0b800, 0x000001f777b0c800,
0x000001f777b08000, 0x000001f777b0d000, 0x000001f70f7f5000, 0x000001f70f7f6000,
0x000001f70f7f3800
}

Java Threads: ( => current thread )
=>0x000001f753dc3800 JavaThread "main @coroutine#2" [_thread_in_native, id=10936, stack(0x0000006f1d400000,0x0000006f1d500000)]
  0x000001f77413c800 JavaThread "Reference Handler" daemon [_thread_blocked, id=16964, stack(0x0000006f1db00000,0x0000006f1dc00000)]
  0x000001f77413d000 JavaThread "Finalizer" daemon [_thread_blocked, id=8076, stack(0x0000006f1dc00000,0x0000006f1dd00000)]
  0x000001f77414d000 JavaThread "Signal Dispatcher" daemon [_thread_blocked, id=6928, stack(0x0000006f1dd00000,0x0000006f1de00000)]
  0x000001f77414e000 JavaThread "Attach Listener" daemon [_thread_blocked, id=12272, stack(0x0000006f1de00000,0x0000006f1df00000)]
  0x000001f774ac2800 JavaThread "C2 CompilerThread0" daemon [_thread_blocked, id=6500, stack(0x0000006f1df00000,0x0000006f1e000000)]
  0x000001f774b2e800 JavaThread "C1 CompilerThread0" daemon [_thread_blocked, id=15432, stack(0x0000006f1e000000,0x0000006f1e100000)]
  0x000001f774b32800 JavaThread "Sweeper thread" daemon [_thread_blocked, id=15240, stack(0x0000006f1e100000,0x0000006f1e200000)]
  0x000001f774d6e000 JavaThread "Common-Cleaner" daemon [_thread_blocked, id=13284, stack(0x0000006f1e200000,0x0000006f1e300000)]
  0x000001f774d7e000 JavaThread "JDWP Event Helper Thread" daemon [_thread_blocked, id=7496, stack(0x0000006f1e400000,0x0000006f1e500000)]
  0x000001f775909000 JavaThread "Service Thread" daemon [_thread_blocked, id=13272, stack(0x0000006f1e800000,0x0000006f1e900000)]
  0x000001f777710800 JavaThread "Thread-0" [_thread_blocked, id=14436, stack(0x0000006f1e600000,0x0000006f1e700000)]
  0x000001f776141800 JavaThread "reaper-1" daemon [_thread_in_native, id=12268, stack(0x0000006f1ec00000,0x0000006f1ed00000)]
  0x000001f77618d800 JavaThread "iothread-2" daemon [_thread_in_native, id=11800, stack(0x0000006f1ed00000,0x0000006f1ee00000)]
  0x000001f776063000 JavaThread "iothread-3" daemon [_thread_in_native, id=12228, stack(0x0000006f1ee00000,0x0000006f1ef00000)]
  0x000001f776187800 JavaThread "iothread-4" daemon [_thread_in_native, id=13564, stack(0x0000006f1ef00000,0x0000006f1f000000)]
  0x000001f77616c800 JavaThread "iothread-5" daemon [_thread_in_native, id=13632, stack(0x0000006f1f000000,0x0000006f1f100000)]
  0x000001f777b5e800 JavaThread "Java2D Disposer" daemon [_thread_blocked, id=8744, stack(0x0000006f1f400000,0x0000006f1f500000)]
  0x000001f776a1a800 JavaThread "AWT-Shutdown" [_thread_blocked, id=8960, stack(0x0000006f1f500000,0x0000006f1f600000)]
  0x000001f777b07800 JavaThread "AWT-EventQueue-0" [_thread_blocked, id=10700, stack(0x0000006f1fd00000,0x0000006f1fe00000)]
  0x000001f777b09000 JavaThread "pool-2-thread-1" [_thread_blocked, id=16344, stack(0x0000006f1fe00000,0x0000006f1ff00000)]
  0x000001f777b0a800 JavaThread "TimerQueue" daemon [_thread_blocked, id=13528, stack(0x0000006f1ff00000,0x0000006f20000000)]
  0x000001f777b0b800 JavaThread "pool-3-thread-1" [_thread_blocked, id=4396, stack(0x0000006f20000000,0x0000006f20100000)]
  0x000001f777b0c800 JavaThread "Timer-0" [_thread_in_native, id=5488, stack(0x0000006f1f100000,0x0000006f1f200000)]
  0x000001f777b08000 JavaThread "pool-1-thread-1" [_thread_blocked, id=10912, stack(0x0000006f20400000,0x0000006f20500000)]
  0x000001f777b0d000 JavaThread "Thread-4" daemon [_thread_in_native, id=15112, stack(0x0000006f1f200000,0x0000006f1f300000)]
  0x000001f70f7f5000 JavaThread "Thread-5" [_thread_blocked, id=16784, stack(0x0000006f1f300000,0x0000006f1f400000)]
  0x000001f70f7f6000 JavaThread "Thread-6" [_thread_blocked, id=5980, stack(0x0000006f20100000,0x0000006f20200000)]
  0x000001f70f7f3800 JavaThread "SIGINT handler" daemon [_thread_blocked, id=14076, stack(0x0000006f1d200000,0x0000006f1d300000)]

Other Threads:
  0x000001f774116000 VMThread "VM Thread" [stack: 0x0000006f1da00000,0x0000006f1db00000] [id=16212]
  0x000001f7761a8800 WatcherThread [stack: 0x0000006f1e900000,0x0000006f1ea00000] [id=10708]
  0x000001f753ddc000 GCTaskThread "GC Thread#0" [stack: 0x0000006f1d500000,0x0000006f1d600000] [id=14484]
  0x000001f7759db800 GCTaskThread "GC Thread#1" [stack: 0x0000006f1e700000,0x0000006f1e800000] [id=5588]
  0x000001f77606a000 GCTaskThread "GC Thread#2" [stack: 0x0000006f1ea00000,0x0000006f1eb00000] [id=15796]
  0x000001f77606b000 GCTaskThread "GC Thread#3" [stack: 0x0000006f1eb00000,0x0000006f1ec00000] [id=3616]
  0x000001f753e0b000 ConcurrentGCThread "G1 Main Marker" [stack: 0x0000006f1d600000,0x0000006f1d700000] [id=12732]
  0x000001f753e0c000 ConcurrentGCThread "G1 Conc#0" [stack: 0x0000006f1d700000,0x0000006f1d800000] [id=14972]
  0x000001f773f6e800 ConcurrentGCThread "G1 Refine#0" [stack: 0x0000006f1d800000,0x0000006f1d900000] [id=9148]
  0x000001f773f6f800 ConcurrentGCThread "G1 Young RemSet Sampling" [stack: 0x0000006f1d900000,0x0000006f1da00000] [id=12472]

Threads with active compile tasks:

VM state:not at safepoint (normal execution)

VM Mutex/Monitor currently owned by a thread: None

Heap address: 0x0000000085e00000, size: 1954 MB, Compressed Oops mode: 32-bit
Narrow klass base: 0x0000000000000000, Narrow klass shift: 3
Compressed class space size: 1073741824 Address: 0x0000000100000000

Heap:
 garbage-first heap   total 152576K, used 78848K [0x0000000085e00000, 0x0000000100000000)
  region size 1024K, 49 young (50176K), 8 survivors (8192K)
 Metaspace       used 74192K, capacity 76712K, committed 76876K, reserved 1116160K
  class space    used 9703K, capacity 10504K, committed 10624K, reserved 1048576K
Heap Regions: E=young(eden), S=young(survivor), O=old, HS=humongous(starts), HC=humongous(continues), CS=collection set, F=free, A=archive, TAMS=top-at-mark-start (previous, next)
|   0|0x0000000085e00000, 0x0000000085f00000, 0x0000000085f00000|100%| O|  |TAMS 0x0000000085f00000, 0x0000000085e00000| Untracked 
|   1|0x0000000085f00000, 0x0000000086000000, 0x0000000086000000|100%| O|  |TAMS 0x0000000086000000, 0x0000000085f00000| Untracked 
|   2|0x0000000086000000, 0x0000000086100000, 0x0000000086100000|100%| O|  |TAMS 0x0000000086100000, 0x0000000086000000| Untracked 
|   3|0x0000000086100000, 0x0000000086200000, 0x0000000086200000|100%| O|  |TAMS 0x0000000086200000, 0x0000000086100000| Untracked 
|   4|0x0000000086200000, 0x0000000086300000, 0x0000000086300000|100%|HS|  |TAMS 0x0000000086300000, 0x0000000086200000| Complete 
|   5|0x0000000086300000, 0x0000000086400000, 0x0000000086400000|100%|HS|  |TAMS 0x0000000086400000, 0x0000000086300000| Complete 
|   6|0x0000000086400000, 0x0000000086500000, 0x0000000086500000|100%|HC|  |TAMS 0x0000000086500000, 0x0000000086400000| Complete 
|   7|0x0000000086500000, 0x0000000086600000, 0x0000000086600000|100%| O|  |TAMS 0x0000000086600000, 0x0000000086500000| Untracked 
|   8|0x0000000086600000, 0x0000000086700000, 0x0000000086700000|100%| O|  |TAMS 0x0000000086700000, 0x0000000086600000| Untracked 
|   9|0x0000000086700000, 0x0000000086800000, 0x0000000086800000|100%| O|  |TAMS 0x0000000086800000, 0x0000000086700000| Untracked 
|  10|0x0000000086800000, 0x0000000086900000, 0x0000000086900000|100%| O|  |TAMS 0x0000000086900000, 0x0000000086800000| Untracked 
|  11|0x0000000086900000, 0x0000000086a00000, 0x0000000086a00000|100%| O|  |TAMS 0x0000000086a00000, 0x0000000086900000| Untracked 
|  12|0x0000000086a00000, 0x0000000086b00000, 0x0000000086b00000|100%| O|  |TAMS 0x0000000086b00000, 0x0000000086a00000| Untracked 
|  13|0x0000000086b00000, 0x0000000086c00000, 0x0000000086c00000|100%| O|  |TAMS 0x0000000086c00000, 0x0000000086b00000| Untracked 
|  14|0x0000000086c00000, 0x0000000086d00000, 0x0000000086d00000|100%| O|  |TAMS 0x0000000086d00000, 0x0000000086c00000| Untracked 
|  15|0x0000000086d00000, 0x0000000086e00000, 0x0000000086e00000|100%| O|  |TAMS 0x0000000086e00000, 0x0000000086d00000| Untracked 
|  16|0x0000000086e00000, 0x0000000086f00000, 0x0000000086f00000|100%| O|  |TAMS 0x0000000086f00000, 0x0000000086e00000| Untracked 
|  17|0x0000000086f00000, 0x0000000087000000, 0x0000000087000000|100%| O|  |TAMS 0x0000000087000000, 0x0000000086f00000| Untracked 
|  18|0x0000000087000000, 0x0000000087100000, 0x0000000087100000|100%| O|  |TAMS 0x0000000087100000, 0x0000000087000000| Untracked 
|  19|0x0000000087100000, 0x0000000087200000, 0x0000000087200000|100%| O|  |TAMS 0x0000000087200000, 0x0000000087100000| Untracked 
|  20|0x0000000087200000, 0x0000000087300000, 0x0000000087300000|100%| O|  |TAMS 0x0000000087300000, 0x0000000087200000| Untracked 
|  21|0x0000000087300000, 0x0000000087400000, 0x0000000087400000|100%| O|  |TAMS 0x0000000087400000, 0x0000000087300000| Untracked 
|  22|0x0000000087400000, 0x0000000087500000, 0x0000000087500000|100%| O|  |TAMS 0x0000000087500000, 0x0000000087400000| Untracked 
|  23|0x0000000087500000, 0x0000000087600000, 0x0000000087600000|100%| O|  |TAMS 0x0000000087600000, 0x0000000087500000| Untracked 
|  24|0x0000000087600000, 0x0000000087700000, 0x0000000087700000|100%| O|  |TAMS 0x0000000087700000, 0x0000000087600000| Untracked 
|  25|0x0000000087700000, 0x0000000087800000, 0x0000000087800000|100%| O|  |TAMS 0x0000000087800000, 0x0000000087700000| Untracked 
|  26|0x0000000087800000, 0x0000000087800000, 0x0000000087900000|  0%| F|  |TAMS 0x0000000087800000, 0x0000000087800000| Untracked 
|  27|0x0000000087900000, 0x0000000087900000, 0x0000000087a00000|  0%| F|  |TAMS 0x0000000087900000, 0x0000000087900000| Untracked 
|  28|0x0000000087a00000, 0x0000000087a00000, 0x0000000087b00000|  0%| F|  |TAMS 0x0000000087a00000, 0x0000000087a00000| Untracked 
|  29|0x0000000087b00000, 0x0000000087b00000, 0x0000000087c00000|  0%| F|  |TAMS 0x0000000087b00000, 0x0000000087b00000| Untracked 
|  30|0x0000000087c00000, 0x0000000087c00000, 0x0000000087d00000|  0%| F|  |TAMS 0x0000000087c00000, 0x0000000087c00000| Untracked 
|  31|0x0000000087d00000, 0x0000000087d00000, 0x0000000087e00000|  0%| F|  |TAMS 0x0000000087d00000, 0x0000000087d00000| Untracked 
|  32|0x0000000087e00000, 0x0000000087e00000, 0x0000000087f00000|  0%| F|  |TAMS 0x0000000087e00000, 0x0000000087e00000| Untracked 
|  33|0x0000000087f00000, 0x0000000087f00000, 0x0000000088000000|  0%| F|  |TAMS 0x0000000087f00000, 0x0000000087f00000| Untracked 
|  34|0x0000000088000000, 0x0000000088000000, 0x0000000088100000|  0%| F|  |TAMS 0x0000000088000000, 0x0000000088000000| Untracked 
|  35|0x0000000088100000, 0x0000000088100000, 0x0000000088200000|  0%| F|  |TAMS 0x0000000088100000, 0x0000000088100000| Untracked 
|  36|0x0000000088200000, 0x0000000088200000, 0x0000000088300000|  0%| F|  |TAMS 0x0000000088200000, 0x0000000088200000| Untracked 
|  37|0x0000000088300000, 0x0000000088300000, 0x0000000088400000|  0%| F|  |TAMS 0x0000000088300000, 0x0000000088300000| Untracked 
|  38|0x0000000088400000, 0x0000000088400000, 0x0000000088500000|  0%| F|  |TAMS 0x0000000088400000, 0x0000000088400000| Untracked 
|  39|0x0000000088500000, 0x0000000088500000, 0x0000000088600000|  0%| F|  |TAMS 0x0000000088500000, 0x0000000088500000| Untracked 
|  40|0x0000000088600000, 0x0000000088600000, 0x0000000088700000|  0%| F|  |TAMS 0x0000000088600000, 0x0000000088600000| Untracked 
|  41|0x0000000088700000, 0x0000000088700000, 0x0000000088800000|  0%| F|  |TAMS 0x0000000088700000, 0x0000000088700000| Untracked 
|  42|0x0000000088800000, 0x0000000088800000, 0x0000000088900000|  0%| F|  |TAMS 0x0000000088800000, 0x0000000088800000| Untracked 
|  43|0x0000000088900000, 0x0000000088900000, 0x0000000088a00000|  0%| F|  |TAMS 0x0000000088900000, 0x0000000088900000| Untracked 
|  44|0x0000000088a00000, 0x0000000088a00000, 0x0000000088b00000|  0%| F|  |TAMS 0x0000000088a00000, 0x0000000088a00000| Untracked 
|  45|0x0000000088b00000, 0x0000000088c00000, 0x0000000088c00000|100%| O|  |TAMS 0x0000000088c00000, 0x0000000088b00000| Untracked 
|  46|0x0000000088c00000, 0x0000000088d00000, 0x0000000088d00000|100%| O|  |TAMS 0x0000000088d00000, 0x0000000088c00000| Untracked 
|  47|0x0000000088d00000, 0x0000000088e00000, 0x0000000088e00000|100%| O|  |TAMS 0x0000000088e00000, 0x0000000088d00000| Untracked 
|  48|0x0000000088e00000, 0x0000000088e00000, 0x0000000088f00000|  0%| F|  |TAMS 0x0000000088e00000, 0x0000000088e00000| Untracked 
|  49|0x0000000088f00000, 0x0000000088f00000, 0x0000000089000000|  0%| F|  |TAMS 0x0000000088f00000, 0x0000000088f00000| Untracked 
|  50|0x0000000089000000, 0x0000000089000000, 0x0000000089100000|  0%| F|  |TAMS 0x0000000089000000, 0x0000000089000000| Untracked 
|  51|0x0000000089100000, 0x0000000089100000, 0x0000000089200000|  0%| F|  |TAMS 0x0000000089100000, 0x0000000089100000| Untracked 
|  52|0x0000000089200000, 0x0000000089200000, 0x0000000089300000|  0%| F|  |TAMS 0x0000000089200000, 0x0000000089200000| Untracked 
|  53|0x0000000089300000, 0x0000000089300000, 0x0000000089400000|  0%| F|  |TAMS 0x0000000089300000, 0x0000000089300000| Untracked 
|  54|0x0000000089400000, 0x0000000089400000, 0x0000000089500000|  0%| F|  |TAMS 0x0000000089400000, 0x0000000089400000| Untracked 
|  55|0x0000000089500000, 0x0000000089500000, 0x0000000089600000|  0%| F|  |TAMS 0x0000000089500000, 0x0000000089500000| Untracked 
|  56|0x0000000089600000, 0x0000000089600000, 0x0000000089700000|  0%| F|  |TAMS 0x0000000089600000, 0x0000000089600000| Untracked 
|  57|0x0000000089700000, 0x0000000089700000, 0x0000000089800000|  0%| F|  |TAMS 0x0000000089700000, 0x0000000089700000| Untracked 
|  58|0x0000000089800000, 0x0000000089800000, 0x0000000089900000|  0%| F|  |TAMS 0x0000000089800000, 0x0000000089800000| Untracked 
|  59|0x0000000089900000, 0x0000000089900000, 0x0000000089a00000|  0%| F|  |TAMS 0x0000000089900000, 0x0000000089900000| Untracked 
|  60|0x0000000089a00000, 0x0000000089a00000, 0x0000000089b00000|  0%| F|  |TAMS 0x0000000089a00000, 0x0000000089a00000| Untracked 
|  61|0x0000000089b00000, 0x0000000089b00000, 0x0000000089c00000|  0%| F|  |TAMS 0x0000000089b00000, 0x0000000089b00000| Untracked 
|  62|0x0000000089c00000, 0x0000000089c00000, 0x0000000089d00000|  0%| F|  |TAMS 0x0000000089c00000, 0x0000000089c00000| Untracked 
|  63|0x0000000089d00000, 0x0000000089d00000, 0x0000000089e00000|  0%| F|  |TAMS 0x0000000089d00000, 0x0000000089d00000| Untracked 
|  64|0x0000000089e00000, 0x0000000089e00000, 0x0000000089f00000|  0%| F|  |TAMS 0x0000000089e00000, 0x0000000089e00000| Untracked 
|  65|0x0000000089f00000, 0x0000000089f00000, 0x000000008a000000|  0%| F|  |TAMS 0x0000000089f00000, 0x0000000089f00000| Untracked 
|  66|0x000000008a000000, 0x000000008a000000, 0x000000008a100000|  0%| F|  |TAMS 0x000000008a000000, 0x000000008a000000| Untracked 
|  67|0x000000008a100000, 0x000000008a100000, 0x000000008a200000|  0%| F|  |TAMS 0x000000008a100000, 0x000000008a100000| Untracked 
|  68|0x000000008a200000, 0x000000008a200000, 0x000000008a300000|  0%| F|  |TAMS 0x000000008a200000, 0x000000008a200000| Untracked 
|  69|0x000000008a300000, 0x000000008a400000, 0x000000008a400000|100%| S|CS|TAMS 0x000000008a300000, 0x000000008a300000| Complete 
|  70|0x000000008a400000, 0x000000008a500000, 0x000000008a500000|100%| S|CS|TAMS 0x000000008a400000, 0x000000008a400000| Complete 
|  71|0x000000008a500000, 0x000000008a600000, 0x000000008a600000|100%| S|CS|TAMS 0x000000008a500000, 0x000000008a500000| Complete 
|  72|0x000000008a600000, 0x000000008a700000, 0x000000008a700000|100%| S|CS|TAMS 0x000000008a600000, 0x000000008a600000| Complete 
|  73|0x000000008a700000, 0x000000008a800000, 0x000000008a800000|100%| S|CS|TAMS 0x000000008a700000, 0x000000008a700000| Complete 
|  74|0x000000008a800000, 0x000000008a900000, 0x000000008a900000|100%| S|CS|TAMS 0x000000008a800000, 0x000000008a800000| Complete 
|  75|0x000000008a900000, 0x000000008aa00000, 0x000000008aa00000|100%| S|CS|TAMS 0x000000008a900000, 0x000000008a900000| Complete 
|  76|0x000000008aa00000, 0x000000008ab00000, 0x000000008ab00000|100%| S|CS|TAMS 0x000000008aa00000, 0x000000008aa00000| Complete 
|  77|0x000000008ab00000, 0x000000008ab00000, 0x000000008ac00000|  0%| F|  |TAMS 0x000000008ab00000, 0x000000008ab00000| Untracked 
|  78|0x000000008ac00000, 0x000000008ac00000, 0x000000008ad00000|  0%| F|  |TAMS 0x000000008ac00000, 0x000000008ac00000| Untracked 
|  79|0x000000008ad00000, 0x000000008ad00000, 0x000000008ae00000|  0%| F|  |TAMS 0x000000008ad00000, 0x000000008ad00000| Untracked 
|  80|0x000000008ae00000, 0x000000008ae00000, 0x000000008af00000|  0%| F|  |TAMS 0x000000008ae00000, 0x000000008ae00000| Untracked 
|  81|0x000000008af00000, 0x000000008af00000, 0x000000008b000000|  0%| F|  |TAMS 0x000000008af00000, 0x000000008af00000| Untracked 
|  82|0x000000008b000000, 0x000000008b000000, 0x000000008b100000|  0%| F|  |TAMS 0x000000008b000000, 0x000000008b000000| Untracked 
|  83|0x000000008b100000, 0x000000008b100000, 0x000000008b200000|  0%| F|  |TAMS 0x000000008b100000, 0x000000008b100000| Untracked 
|  84|0x000000008b200000, 0x000000008b200000, 0x000000008b300000|  0%| F|  |TAMS 0x000000008b200000, 0x000000008b200000| Untracked 
|  85|0x000000008b300000, 0x000000008b300000, 0x000000008b400000|  0%| F|  |TAMS 0x000000008b300000, 0x000000008b300000| Untracked 
|  86|0x000000008b400000, 0x000000008b400000, 0x000000008b500000|  0%| F|  |TAMS 0x000000008b400000, 0x000000008b400000| Untracked 
|  87|0x000000008b500000, 0x000000008b500000, 0x000000008b600000|  0%| F|  |TAMS 0x000000008b500000, 0x000000008b500000| Untracked 
|  88|0x000000008b600000, 0x000000008b600000, 0x000000008b700000|  0%| F|  |TAMS 0x000000008b600000, 0x000000008b600000| Untracked 
|  89|0x000000008b700000, 0x000000008b700000, 0x000000008b800000|  0%| F|  |TAMS 0x000000008b700000, 0x000000008b700000| Untracked 
|  90|0x000000008b800000, 0x000000008b800000, 0x000000008b900000|  0%| F|  |TAMS 0x000000008b800000, 0x000000008b800000| Untracked 
|  91|0x000000008b900000, 0x000000008b900000, 0x000000008ba00000|  0%| F|  |TAMS 0x000000008b900000, 0x000000008b900000| Untracked 
|  92|0x000000008ba00000, 0x000000008ba00000, 0x000000008bb00000|  0%| F|  |TAMS 0x000000008ba00000, 0x000000008ba00000| Untracked 
|  93|0x000000008bb00000, 0x000000008bb00000, 0x000000008bc00000|  0%| F|  |TAMS 0x000000008bb00000, 0x000000008bb00000| Untracked 
|  94|0x000000008bc00000, 0x000000008bc00000, 0x000000008bd00000|  0%| F|  |TAMS 0x000000008bc00000, 0x000000008bc00000| Untracked 
|  95|0x000000008bd00000, 0x000000008bd00000, 0x000000008be00000|  0%| F|  |TAMS 0x000000008bd00000, 0x000000008bd00000| Untracked 
|  96|0x000000008be00000, 0x000000008be00000, 0x000000008bf00000|  0%| F|  |TAMS 0x000000008be00000, 0x000000008be00000| Untracked 
|  97|0x000000008bf00000, 0x000000008bf00000, 0x000000008c000000|  0%| F|  |TAMS 0x000000008bf00000, 0x000000008bf00000| Untracked 
|  98|0x000000008c000000, 0x000000008c000000, 0x000000008c100000|  0%| F|  |TAMS 0x000000008c000000, 0x000000008c000000| Untracked 
|  99|0x000000008c100000, 0x000000008c100000, 0x000000008c200000|  0%| F|  |TAMS 0x000000008c100000, 0x000000008c100000| Untracked 
| 100|0x000000008c200000, 0x000000008c200000, 0x000000008c300000|  0%| F|  |TAMS 0x000000008c200000, 0x000000008c200000| Untracked 
| 101|0x000000008c300000, 0x000000008c300000, 0x000000008c400000|  0%| F|  |TAMS 0x000000008c300000, 0x000000008c300000| Untracked 
| 102|0x000000008c400000, 0x000000008c400000, 0x000000008c500000|  0%| F|  |TAMS 0x000000008c400000, 0x000000008c400000| Untracked 
| 103|0x000000008c500000, 0x000000008c500000, 0x000000008c600000|  0%| F|  |TAMS 0x000000008c500000, 0x000000008c500000| Untracked 
| 104|0x000000008c600000, 0x000000008c600000, 0x000000008c700000|  0%| F|  |TAMS 0x000000008c600000, 0x000000008c600000| Untracked 
| 105|0x000000008c700000, 0x000000008c700000, 0x000000008c800000|  0%| F|  |TAMS 0x000000008c700000, 0x000000008c700000| Untracked 
| 106|0x000000008c800000, 0x000000008c800000, 0x000000008c900000|  0%| F|  |TAMS 0x000000008c800000, 0x000000008c800000| Untracked 
| 107|0x000000008c900000, 0x000000008c900000, 0x000000008ca00000|  0%| F|  |TAMS 0x000000008c900000, 0x000000008c900000| Untracked 
| 108|0x000000008ca00000, 0x000000008ca88820, 0x000000008cb00000| 53%| E|  |TAMS 0x000000008ca00000, 0x000000008ca00000| Complete 
| 109|0x000000008cb00000, 0x000000008cc00000, 0x000000008cc00000|100%| E|CS|TAMS 0x000000008cb00000, 0x000000008cb00000| Complete 
| 110|0x000000008cc00000, 0x000000008cd00000, 0x000000008cd00000|100%| E|CS|TAMS 0x000000008cc00000, 0x000000008cc00000| Complete 
| 111|0x000000008cd00000, 0x000000008ce00000, 0x000000008ce00000|100%| E|CS|TAMS 0x000000008cd00000, 0x000000008cd00000| Complete 
| 112|0x000000008ce00000, 0x000000008cf00000, 0x000000008cf00000|100%| E|CS|TAMS 0x000000008ce00000, 0x000000008ce00000| Complete 
| 113|0x000000008cf00000, 0x000000008d000000, 0x000000008d000000|100%| E|CS|TAMS 0x000000008cf00000, 0x000000008cf00000| Complete 
| 114|0x000000008d000000, 0x000000008d100000, 0x000000008d100000|100%| E|CS|TAMS 0x000000008d000000, 0x000000008d000000| Complete 
| 115|0x000000008d100000, 0x000000008d200000, 0x000000008d200000|100%| E|CS|TAMS 0x000000008d100000, 0x000000008d100000| Complete 
| 116|0x000000008d200000, 0x000000008d300000, 0x000000008d300000|100%| E|CS|TAMS 0x000000008d200000, 0x000000008d200000| Complete 
| 117|0x000000008d300000, 0x000000008d400000, 0x000000008d400000|100%| E|CS|TAMS 0x000000008d300000, 0x000000008d300000| Complete 
| 118|0x000000008d400000, 0x000000008d500000, 0x000000008d500000|100%| E|CS|TAMS 0x000000008d400000, 0x000000008d400000| Complete 
| 119|0x000000008d500000, 0x000000008d600000, 0x000000008d600000|100%| E|CS|TAMS 0x000000008d500000, 0x000000008d500000| Complete 
| 120|0x000000008d600000, 0x000000008d700000, 0x000000008d700000|100%| E|CS|TAMS 0x000000008d600000, 0x000000008d600000| Complete 
| 121|0x000000008d700000, 0x000000008d800000, 0x000000008d800000|100%| E|CS|TAMS 0x000000008d700000, 0x000000008d700000| Complete 
| 122|0x000000008d800000, 0x000000008d900000, 0x000000008d900000|100%| E|CS|TAMS 0x000000008d800000, 0x000000008d800000| Complete 
| 123|0x000000008d900000, 0x000000008da00000, 0x000000008da00000|100%| E|CS|TAMS 0x000000008d900000, 0x000000008d900000| Complete 
| 124|0x000000008da00000, 0x000000008db00000, 0x000000008db00000|100%| E|CS|TAMS 0x000000008da00000, 0x000000008da00000| Complete 
| 125|0x000000008db00000, 0x000000008dc00000, 0x000000008dc00000|100%| E|CS|TAMS 0x000000008db00000, 0x000000008db00000| Complete 
| 126|0x000000008dc00000, 0x000000008dd00000, 0x000000008dd00000|100%| E|CS|TAMS 0x000000008dc00000, 0x000000008dc00000| Complete 
| 127|0x000000008dd00000, 0x000000008de00000, 0x000000008de00000|100%| E|CS|TAMS 0x000000008dd00000, 0x000000008dd00000| Complete 
| 128|0x000000008de00000, 0x000000008df00000, 0x000000008df00000|100%| E|CS|TAMS 0x000000008de00000, 0x000000008de00000| Complete 
| 129|0x000000008df00000, 0x000000008e000000, 0x000000008e000000|100%| E|CS|TAMS 0x000000008df00000, 0x000000008df00000| Complete 
| 130|0x000000008e000000, 0x000000008e100000, 0x000000008e100000|100%| E|CS|TAMS 0x000000008e000000, 0x000000008e000000| Complete 
| 131|0x000000008e100000, 0x000000008e200000, 0x000000008e200000|100%| E|CS|TAMS 0x000000008e100000, 0x000000008e100000| Complete 
| 132|0x000000008e200000, 0x000000008e300000, 0x000000008e300000|100%| E|CS|TAMS 0x000000008e200000, 0x000000008e200000| Complete 
| 133|0x000000008e300000, 0x000000008e400000, 0x000000008e400000|100%| E|CS|TAMS 0x000000008e300000, 0x000000008e300000| Complete 
| 134|0x000000008e400000, 0x000000008e500000, 0x000000008e500000|100%| E|CS|TAMS 0x000000008e400000, 0x000000008e400000| Complete 
| 135|0x000000008e500000, 0x000000008e600000, 0x000000008e600000|100%| E|CS|TAMS 0x000000008e500000, 0x000000008e500000| Complete 
| 136|0x000000008e600000, 0x000000008e700000, 0x000000008e700000|100%| E|CS|TAMS 0x000000008e600000, 0x000000008e600000| Complete 
| 137|0x000000008e700000, 0x000000008e800000, 0x000000008e800000|100%| E|CS|TAMS 0x000000008e700000, 0x000000008e700000| Complete 
| 138|0x000000008e800000, 0x000000008e900000, 0x000000008e900000|100%| E|CS|TAMS 0x000000008e800000, 0x000000008e800000| Complete 
| 139|0x000000008e900000, 0x000000008ea00000, 0x000000008ea00000|100%| E|CS|TAMS 0x000000008e900000, 0x000000008e900000| Complete 
| 140|0x000000008ea00000, 0x000000008eb00000, 0x000000008eb00000|100%| E|CS|TAMS 0x000000008ea00000, 0x000000008ea00000| Complete 
| 141|0x000000008eb00000, 0x000000008ec00000, 0x000000008ec00000|100%| E|CS|TAMS 0x000000008eb00000, 0x000000008eb00000| Complete 
| 142|0x000000008ec00000, 0x000000008ed00000, 0x000000008ed00000|100%| E|CS|TAMS 0x000000008ec00000, 0x000000008ec00000| Complete 
| 143|0x000000008ed00000, 0x000000008ee00000, 0x000000008ee00000|100%| E|CS|TAMS 0x000000008ed00000, 0x000000008ed00000| Complete 
| 144|0x000000008ee00000, 0x000000008ef00000, 0x000000008ef00000|100%| E|CS|TAMS 0x000000008ee00000, 0x000000008ee00000| Complete 
| 145|0x000000008ef00000, 0x000000008f000000, 0x000000008f000000|100%| E|CS|TAMS 0x000000008ef00000, 0x000000008ef00000| Complete 
| 146|0x000000008f000000, 0x000000008f100000, 0x000000008f100000|100%| E|CS|TAMS 0x000000008f000000, 0x000000008f000000| Complete 
| 147|0x000000008f100000, 0x000000008f200000, 0x000000008f200000|100%| E|CS|TAMS 0x000000008f100000, 0x000000008f100000| Complete 
| 148|0x000000008f200000, 0x000000008f300000, 0x000000008f300000|100%| E|CS|TAMS 0x000000008f200000, 0x000000008f200000| Complete 

Card table byte_map: [0x000001f76d5e0000,0x000001f76d9c0000] _byte_map_base: 0x000001f76d1b1000

Marking Bits (Prev, Next): (CMBitMap*) 0x000001f753e026f0, (CMBitMap*) 0x000001f753e026b8
 Prev Bits: [0x000001f76fc30000, 0x000001f771ab8000)
 Next Bits: [0x000001f76dda0000, 0x000001f76fc28000)

Polling page: 0x000001f753e70000

Metaspace:

Usage:
  Non-class:     64.66 MB capacity,    62.98 MB ( 97%) used,     1.48 MB (  2%) free+waste,   205.38 KB ( <1%) overhead. 
      Class:     10.26 MB capacity,     9.48 MB ( 92%) used,   692.34 KB (  7%) free+waste,   107.94 KB (  1%) overhead. 
       Both:     74.91 MB capacity,    72.45 MB ( 97%) used,     2.15 MB (  3%) free+waste,   313.31 KB ( <1%) overhead. 

Virtual space:
  Non-class space:       66.00 MB reserved,      64.70 MB ( 98%) committed 
      Class space:        1.00 GB reserved,      10.38 MB (  1%) committed 
             Both:        1.06 GB reserved,      75.07 MB (  7%) committed 

Chunk freelists:
   Non-Class:  44.00 KB
       Class:  24.00 KB
        Both:  68.00 KB

MaxMetaspaceSize: 17179869184.00 GB
CompressedClassSpaceSize: 1.00 GB

CodeHeap 'non-profiled nmethods': size=120064Kb used=3569Kb max_used=3569Kb free=116494Kb
 bounds [0x000001f7656a0000, 0x000001f765a20000, 0x000001f76cbe0000]
CodeHeap 'profiled nmethods': size=120000Kb used=13617Kb max_used=13617Kb free=106382Kb
 bounds [0x000001f75e170000, 0x000001f75eed0000, 0x000001f7656a0000]
CodeHeap 'non-nmethods': size=5696Kb used=1854Kb max_used=1907Kb free=3841Kb
 bounds [0x000001f75dbe0000, 0x000001f75de50000, 0x000001f75e170000]
 total_blobs=10285 nmethods=6197 adapters=1357
 compilation: enabled
              stopped_count=0, restarted_count=0
 full_count=0

Compilation events (20 events):
Event: 135.600 Thread 0x000001f774b2e800 nmethod 6917 0x000001f765a18990 code [0x000001f765a18b40, 0x000001f765a18c58]
Event: 135.605 Thread 0x000001f774b2e800 6918       1       sun.util.calendar.CalendarDate::setLeapYear (6 bytes)
Event: 135.605 Thread 0x000001f774b2e800 nmethod 6918 0x000001f765a18d10 code [0x000001f765a18ec0, 0x000001f765a18fd8]
Event: 135.606 Thread 0x000001f774b2e800 6920       3       java.util.Calendar::get (10 bytes)
Event: 135.606 Thread 0x000001f774b2e800 nmethod 6920 0x000001f75eec4b10 code [0x000001f75eec4ce0, 0x000001f75eec4f90]
Event: 135.606 Thread 0x000001f774b2e800 6919       3       sun.util.calendar.BaseCalendar::getFixedDate (324 bytes)
Event: 135.609 Thread 0x000001f774b2e800 nmethod 6919 0x000001f75eec5090 code [0x000001f75eec53c0, 0x000001f75eec74d8]
Event: 135.610 Thread 0x000001f774ac2800 6921       4       jdk.internal.module.ModuleReferenceImpl::hashCode (56 bytes)
Event: 135.611 Thread 0x000001f774ac2800 nmethod 6921 0x000001f765a19090 code [0x000001f765a19220, 0x000001f765a19298]
Event: 135.612 Thread 0x000001f774b2e800 6922       3       jdk.internal.loader.URLClassPath::findResource (38 bytes)
Event: 135.613 Thread 0x000001f774b2e800 nmethod 6922 0x000001f75eec7f90 code [0x000001f75eec8180, 0x000001f75eec8520]
Event: 135.619 Thread 0x000001f774b2e800 6923       3       java.net.URL::isValidProtocol (78 bytes)
Event: 135.621 Thread 0x000001f774b2e800 nmethod 6923 0x000001f75eec8690 code [0x000001f75eec89c0, 0x000001f75eec9d20]
Event: 135.621 Thread 0x000001f774b2e800 6924       3       java.lang.Character::isLetter (5 bytes)
Event: 135.621 Thread 0x000001f774b2e800 nmethod 6924 0x000001f75eeca510 code [0x000001f75eeca700, 0x000001f75eecaa60]
Event: 135.621 Thread 0x000001f774b2e800 6925       3       java.net.URL::<init> (7 bytes)
Event: 135.622 Thread 0x000001f774b2e800 nmethod 6925 0x000001f75eecab90 code [0x000001f75eecad60, 0x000001f75eecaf90]
Event: 135.622 Thread 0x000001f774ac2800 6926       4       sun.nio.cs.UTF_8$Decoder::decodeArrayLoop (691 bytes)
Event: 135.623 Thread 0x000001f774b2e800 6927       1       org.slf4j.impl.StaticLoggerBinder::getLoggerFactory (5 bytes)
Event: 135.623 Thread 0x000001f774b2e800 nmethod 6927 0x000001f765a19310 code [0x000001f765a194c0, 0x000001f765a195d8]

GC Heap History (20 events):
Event: 3.729 GC heap before
{Heap before GC invocations=3 (full 0):
 garbage-first heap   total 126976K, used 53626K [0x0000000085e00000, 0x0000000100000000)
  region size 1024K, 41 young (41984K), 3 survivors (3072K)
 Metaspace       used 12935K, capacity 13137K, committed 13312K, reserved 1060864K
  class space    used 1194K, capacity 1245K, committed 1280K, reserved 1048576K
}
Event: 3.736 GC heap after
{Heap after GC invocations=4 (full 0):
 garbage-first heap   total 126976K, used 15757K [0x0000000085e00000, 0x0000000100000000)
  region size 1024K, 4 young (4096K), 4 survivors (4096K)
 Metaspace       used 12935K, capacity 13137K, committed 13312K, reserved 1060864K
  class space    used 1194K, capacity 1245K, committed 1280K, reserved 1048576K
}
Event: 5.900 GC heap before
{Heap before GC invocations=4 (full 0):
 garbage-first heap   total 126976K, used 67981K [0x0000000085e00000, 0x0000000100000000)
  region size 1024K, 55 young (56320K), 4 survivors (4096K)
 Metaspace       used 17539K, capacity 17805K, committed 18048K, reserved 1064960K
  class space    used 1751K, capacity 1844K, committed 1920K, reserved 1048576K
}
Event: 5.913 GC heap after
{Heap after GC invocations=5 (full 0):
 garbage-first heap   total 126976K, used 17053K [0x0000000085e00000, 0x0000000100000000)
  region size 1024K, 3 young (3072K), 3 survivors (3072K)
 Metaspace       used 17539K, capacity 17805K, committed 18048K, reserved 1064960K
  class space    used 1751K, capacity 1844K, committed 1920K, reserved 1048576K
}
Event: 6.272 GC heap before
{Heap before GC invocations=5 (full 0):
 garbage-first heap   total 126976K, used 43677K [0x0000000085e00000, 0x0000000100000000)
  region size 1024K, 30 young (30720K), 3 survivors (3072K)
 Metaspace       used 20893K, capacity 21129K, committed 21248K, reserved 1069056K
  class space    used 2164K, capacity 2245K, committed 2304K, reserved 1048576K
}
Event: 6.282 GC heap after
{Heap after GC invocations=6 (full 0):
 garbage-first heap   total 126976K, used 18850K [0x0000000085e00000, 0x0000000100000000)
  region size 1024K, 5 young (5120K), 5 survivors (5120K)
 Metaspace       used 20893K, capacity 21129K, committed 21248K, reserved 1069056K
  class space    used 2164K, capacity 2245K, committed 2304K, reserved 1048576K
}
Event: 7.137 GC heap before
{Heap before GC invocations=7 (full 0):
 garbage-first heap   total 126976K, used 74146K [0x0000000085e00000, 0x0000000100000000)
  region size 1024K, 59 young (60416K), 5 survivors (5120K)
 Metaspace       used 25328K, capacity 25589K, committed 25728K, reserved 1071104K
  class space    used 3296K, capacity 3367K, committed 3456K, reserved 1048576K
}
Event: 7.146 GC heap after
{Heap after GC invocations=8 (full 0):
 garbage-first heap   total 126976K, used 21486K [0x0000000085e00000, 0x0000000100000000)
  region size 1024K, 7 young (7168K), 7 survivors (7168K)
 Metaspace       used 25328K, capacity 25589K, committed 25728K, reserved 1071104K
  class space    used 3296K, capacity 3367K, committed 3456K, reserved 1048576K
}
Event: 8.218 GC heap before
{Heap before GC invocations=8 (full 0):
 garbage-first heap   total 126976K, used 79854K [0x0000000085e00000, 0x0000000100000000)
  region size 1024K, 64 young (65536K), 7 survivors (7168K)
 Metaspace       used 29847K, capacity 30185K, committed 30464K, reserved 1075200K
  class space    used 4420K, capacity 4513K, committed 4608K, reserved 1048576K
}
Event: 8.230 GC heap after
{Heap after GC invocations=9 (full 0):
 garbage-first heap   total 126976K, used 23512K [0x0000000085e00000, 0x0000000100000000)
  region size 1024K, 5 young (5120K), 5 survivors (5120K)
 Metaspace       used 29847K, capacity 30185K, committed 30464K, reserved 1075200K
  class space    used 4420K, capacity 4513K, committed 4608K, reserved 1048576K
}
Event: 8.773 GC heap before
{Heap before GC invocations=9 (full 0):
 garbage-first heap   total 126976K, used 53208K [0x0000000085e00000, 0x0000000100000000)
  region size 1024K, 36 young (36864K), 5 survivors (5120K)
 Metaspace       used 35251K, capacity 35641K, committed 35840K, reserved 1079296K
  class space    used 5243K, capacity 5367K, committed 5376K, reserved 1048576K
}
Event: 8.782 GC heap after
{Heap after GC invocations=10 (full 0):
 garbage-first heap   total 126976K, used 25502K [0x0000000085e00000, 0x0000000100000000)
  region size 1024K, 7 young (7168K), 7 survivors (7168K)
 Metaspace       used 35251K, capacity 35641K, committed 35840K, reserved 1079296K
  class space    used 5243K, capacity 5367K, committed 5376K, reserved 1048576K
}
Event: 10.599 GC heap before
{Heap before GC invocations=11 (full 0):
 garbage-first heap   total 126976K, used 111518K [0x0000000085e00000, 0x0000000100000000)
  region size 1024K, 65 young (66560K), 7 survivors (7168K)
 Metaspace       used 49424K, capacity 50213K, committed 50508K, reserved 1093632K
  class space    used 6875K, capacity 7191K, committed 7296K, reserved 1048576K
}
Event: 10.613 GC heap after
{Heap after GC invocations=12 (full 0):
 garbage-first heap   total 152576K, used 29951K [0x0000000085e00000, 0x0000000100000000)
  region size 1024K, 9 young (9216K), 9 survivors (9216K)
 Metaspace       used 49424K, capacity 50213K, committed 50508K, reserved 1093632K
  class space    used 6875K, capacity 7191K, committed 7296K, reserved 1048576K
}
Event: 11.406 GC heap before
{Heap before GC invocations=12 (full 0):
 garbage-first heap   total 152576K, used 95487K [0x0000000085e00000, 0x0000000100000000)
  region size 1024K, 73 young (74752K), 9 survivors (9216K)
 Metaspace       used 53805K, capacity 54571K, committed 54860K, reserved 1095680K
  class space    used 7451K, capacity 7769K, committed 7808K, reserved 1048576K
}
Event: 11.418 GC heap after
{Heap after GC invocations=13 (full 0):
 garbage-first heap   total 152576K, used 32505K [0x0000000085e00000, 0x0000000100000000)
  region size 1024K, 7 young (7168K), 7 survivors (7168K)
 Metaspace       used 53805K, capacity 54571K, committed 54860K, reserved 1095680K
  class space    used 7451K, capacity 7769K, committed 7808K, reserved 1048576K
}
Event: 12.687 GC heap before
{Heap before GC invocations=13 (full 0):
 garbage-first heap   total 152576K, used 82681K [0x0000000085e00000, 0x0000000100000000)
  region size 1024K, 57 young (58368K), 7 survivors (7168K)
 Metaspace       used 59394K, capacity 60140K, committed 60236K, reserved 1101824K
  class space    used 7921K, capacity 8261K, committed 8320K, reserved 1048576K
}
Event: 12.702 GC heap after
{Heap after GC invocations=14 (full 0):
 garbage-first heap   total 152576K, used 34816K [0x0000000085e00000, 0x0000000100000000)
  region size 1024K, 5 young (5120K), 5 survivors (5120K)
 Metaspace       used 59394K, capacity 60140K, committed 60236K, reserved 1101824K
  class space    used 7921K, capacity 8261K, committed 8320K, reserved 1048576K
}
Event: 133.611 GC heap before
{Heap before GC invocations=15 (full 0):
 garbage-first heap   total 152576K, used 103424K [0x0000000085e00000, 0x0000000100000000)
  region size 1024K, 72 young (73728K), 5 survivors (5120K)
 Metaspace       used 70230K, capacity 72316K, committed 72396K, reserved 1112064K
  class space    used 9239K, capacity 9980K, committed 9984K, reserved 1048576K
}
Event: 133.627 GC heap after
{Heap after GC invocations=16 (full 0):
 garbage-first heap   total 152576K, used 37888K [0x0000000085e00000, 0x0000000100000000)
  region size 1024K, 8 young (8192K), 8 survivors (8192K)
 Metaspace       used 70230K, capacity 72316K, committed 72396K, reserved 1112064K
  class space    used 9239K, capacity 9980K, committed 9984K, reserved 1048576K
}

Deoptimization events (20 events):
Event: 135.091 Thread 0x000001f753dc3800 Uncommon trap: trap_request=0xffffffc6 fr.pc=0x000001f7658c6108 relative=0x00000000000000c8
Event: 135.091 Thread 0x000001f753dc3800 Uncommon trap: reason=bimorphic_or_optimized_type_check action=maybe_recompile pc=0x000001f7658c6108 method=java.io.FilterInputStream.read([B)I @ 5 c2
Event: 135.091 Thread 0x000001f753dc3800 DEOPT PACKING pc=0x000001f7658c6108 sp=0x0000006f1d4fa610
Event: 135.091 Thread 0x000001f753dc3800 DEOPT UNPACKING pc=0x000001f75dc1d62f sp=0x0000006f1d4fa598 mode 2
Event: 135.093 Thread 0x000001f753dc3800 Uncommon trap: trap_request=0xffffffde fr.pc=0x000001f7656dd1c4 relative=0x00000000000005a4
Event: 135.093 Thread 0x000001f753dc3800 Uncommon trap: reason=class_check action=maybe_recompile pc=0x000001f7656dd1c4 method=java.io.DataInputStream.readInt()I @ 4 c2
Event: 135.093 Thread 0x000001f753dc3800 DEOPT PACKING pc=0x000001f7656dd1c4 sp=0x0000006f1d4fcd90
Event: 135.093 Thread 0x000001f753dc3800 DEOPT UNPACKING pc=0x000001f75dc1d62f sp=0x0000006f1d4fcd60 mode 2
Event: 135.093 Thread 0x000001f753dc3800 Uncommon trap: trap_request=0xffffffde fr.pc=0x000001f7656dd1c4 relative=0x00000000000005a4
Event: 135.093 Thread 0x000001f753dc3800 Uncommon trap: reason=class_check action=maybe_recompile pc=0x000001f7656dd1c4 method=java.io.DataInputStream.readInt()I @ 4 c2
Event: 135.093 Thread 0x000001f753dc3800 DEOPT PACKING pc=0x000001f7656dd1c4 sp=0x0000006f1d4fcd90
Event: 135.093 Thread 0x000001f753dc3800 DEOPT UNPACKING pc=0x000001f75dc1d62f sp=0x0000006f1d4fcd60 mode 2
Event: 135.094 Thread 0x000001f753dc3800 Uncommon trap: trap_request=0xffffff4d fr.pc=0x000001f765781dfc relative=0x000000000000089c
Event: 135.094 Thread 0x000001f753dc3800 Uncommon trap: reason=unstable_if action=reinterpret pc=0x000001f765781dfc method=java.lang.StringLatin1.regionMatchesCI([BI[BII)Z @ 66 c2
Event: 135.094 Thread 0x000001f753dc3800 DEOPT PACKING pc=0x000001f765781dfc sp=0x0000006f1d4fd0a0
Event: 135.094 Thread 0x000001f753dc3800 DEOPT UNPACKING pc=0x000001f75dc1d62f sp=0x0000006f1d4fcfe0 mode 2
Event: 135.622 Thread 0x000001f753dc3800 DEOPT PACKING pc=0x000001f75e76fdca sp=0x0000006f1d4fcbc0
Event: 135.622 Thread 0x000001f753dc3800 DEOPT UNPACKING pc=0x000001f75dc1d44e sp=0x0000006f1d4fc198 mode 0
Event: 135.623 Thread 0x000001f753dc3800 DEOPT PACKING pc=0x000001f75e76fdca sp=0x0000006f1d4fcbc0
Event: 135.623 Thread 0x000001f753dc3800 DEOPT UNPACKING pc=0x000001f75dc1d44e sp=0x0000006f1d4fc198 mode 0

Classes redefined (0 events):
No events

Internal exceptions (20 events):
Event: 133.704 Thread 0x000001f753dc3800 Exception <a 'java/lang/IncompatibleClassChangeError'{0x000000008f28c4c8}: Found class java.lang.Object, but interface was expected> (0x000000008f28c4c8) thrown at [c:/cygwin64/tmp/openjdk-jdk11u-windows-x64-hotspot/workspace/build/src/src/hotspot/share/i
Event: 133.704 Thread 0x000001f753dc3800 Exception <a 'java/lang/IncompatibleClassChangeError'{0x000000008f28d980}: Found class java.lang.Object, but interface was expected> (0x000000008f28d980) thrown at [c:/cygwin64/tmp/openjdk-jdk11u-windows-x64-hotspot/workspace/build/src/src/hotspot/share/i
Event: 134.358 Thread 0x000001f753dc3800 Exception <a 'java/lang/reflect/InvocationTargetException'{0x000000008e4f3658}> (0x000000008e4f3658) thrown at [c:/cygwin64/tmp/openjdk-jdk11u-windows-x64-hotspot/workspace/build/src/src/hotspot/share/runtime/reflection.cpp, line 1246]
Event: 134.358 Thread 0x000001f753dc3800 Exception <a 'java/lang/IllegalArgumentException'{0x000000008e4f30a0}> (0x000000008e4f30a0) thrown at [c:/cygwin64/tmp/openjdk-jdk11u-windows-x64-hotspot/workspace/build/src/src/hotspot/share/prims/jni.cpp, line 615]
Event: 134.519 Thread 0x000001f753dc3800 Exception <a 'java/lang/NoSuchMethodError'{0x000000008e02aeb8}: 'void java.lang.invoke.DirectMethodHandle$Holder.invokeSpecial(java.lang.Object, java.lang.Object, java.lang.Object, int)'> (0x000000008e02aeb8) thrown at [c:/cygwin64/tmp/openjdk-jdk11u-wind
Event: 134.520 Thread 0x000001f753dc3800 Exception <a 'java/lang/NoSuchMethodError'{0x000000008e02e028}: 'void java.lang.invoke.Invokers$Holder.exactInvoker(java.lang.Object, java.lang.Object, java.lang.Object, int)'> (0x000000008e02e028) thrown at [c:/cygwin64/tmp/openjdk-jdk11u-windows-x64-hot
Event: 134.521 Thread 0x000001f753dc3800 Exception <a 'java/lang/NoSuchMethodError'{0x000000008e031628}: 'void java.lang.invoke.DelegatingMethodHandle$Holder.delegate(java.lang.Object, java.lang.Object, java.lang.Object, int)'> (0x000000008e031628) thrown at [c:/cygwin64/tmp/openjdk-jdk11u-windo
Event: 134.523 Thread 0x000001f753dc3800 Exception <a 'java/lang/NoSuchMethodError'{0x000000008e03b350}: 'void java.lang.invoke.Invokers$Holder.linkToCallSite(java.lang.Object, int, java.lang.Object)'> (0x000000008e03b350) thrown at [c:/cygwin64/tmp/openjdk-jdk11u-windows-x64-hotspot/workspace/b
Event: 134.526 Thread 0x000001f753dc3800 Exception <a 'java/lang/NoSuchMethodError'{0x000000008e055238}: 'java.lang.Object java.lang.invoke.DirectMethodHandle$Holder.invokeStatic(java.lang.Object, java.lang.Object, java.lang.Object, java.lang.Object, java.lang.Object, int, java.lang.Object, java
Event: 134.537 Thread 0x000001f753dc3800 Exception <a 'java/lang/NoSuchMethodError'{0x000000008e0bbfe0}: 'java.lang.Object java.lang.invoke.Invokers$Holder.linkToCallSite(java.lang.Object, int, java.lang.Object)'> (0x000000008e0bbfe0) thrown at [c:/cygwin64/tmp/openjdk-jdk11u-windows-x64-hotspot
Event: 134.572 Thread 0x000001f753dc3800 Exception <a 'java/lang/NoSuchMethodError'{0x000000008df36e78}: 'void java.lang.invoke.DirectMethodHandle$Holder.invokeVirtual(java.lang.Object, java.lang.Object, int)'> (0x000000008df36e78) thrown at [c:/cygwin64/tmp/openjdk-jdk11u-windows-x64-hotspot/wo
Event: 134.587 Thread 0x000001f753dc3800 Exception <a 'java/lang/NoSuchMethodError'{0x000000008df40ce0}: 'void java.lang.invoke.DirectMethodHandle$Holder.invokeSpecial(java.lang.Object, java.lang.Object, int)'> (0x000000008df40ce0) thrown at [c:/cygwin64/tmp/openjdk-jdk11u-windows-x64-hotspot/wo
Event: 134.592 Thread 0x000001f753dc3800 Exception <a 'java/lang/NoSuchMethodError'{0x000000008df4fd60}: 'float java.lang.invoke.DirectMethodHandle$Holder.invokeVirtual(java.lang.Object, java.lang.Object)'> (0x000000008df4fd60) thrown at [c:/cygwin64/tmp/openjdk-jdk11u-windows-x64-hotspot/worksp
Event: 134.592 Thread 0x000001f753dc3800 Exception <a 'java/lang/NoSuchMethodError'{0x000000008df53770}: 'float java.lang.invoke.DirectMethodHandle$Holder.invokeInterface(java.lang.Object, java.lang.Object)'> (0x000000008df53770) thrown at [c:/cygwin64/tmp/openjdk-jdk11u-windows-x64-hotspot/work
Event: 134.597 Thread 0x000001f753dc3800 Exception <a 'java/lang/NoSuchMethodError'{0x000000008df5b828}: 'long java.lang.invoke.DirectMethodHandle$Holder.invokeSpecial(java.lang.Object, java.lang.Object)'> (0x000000008df5b828) thrown at [c:/cygwin64/tmp/openjdk-jdk11u-windows-x64-hotspot/workspa
Event: 134.626 Thread 0x000001f753dc3800 Exception <a 'java/lang/NoSuchMethodError'{0x000000008df9cd60}: 'void java.lang.invoke.DirectMethodHandle$Holder.invokeVirtual(java.lang.Object, java.lang.Object, float)'> (0x000000008df9cd60) thrown at [c:/cygwin64/tmp/openjdk-jdk11u-windows-x64-hotspot/
Event: 134.641 Thread 0x000001f753dc3800 Exception <a 'java/lang/NoSuchMethodError'{0x000000008dfd34b0}: 'int java.lang.invoke.Invokers$Holder.linkToCallSite(java.lang.Object, int, java.lang.Object)'> (0x000000008dfd34b0) thrown at [c:/cygwin64/tmp/openjdk-jdk11u-windows-x64-hotspot/workspace/bu
Event: 134.642 Thread 0x000001f753dc3800 Exception <a 'java/lang/NoSuchMethodError'{0x000000008dfd6920}: 'int java.lang.invoke.DirectMethodHandle$Holder.invokeVirtual(java.lang.Object, java.lang.Object, int, int)'> (0x000000008dfd6920) thrown at [c:/cygwin64/tmp/openjdk-jdk11u-windows-x64-hotspo
Event: 134.643 Thread 0x000001f753dc3800 Exception <a 'java/lang/NoSuchMethodError'{0x000000008dfd9fb0}: 'int java.lang.invoke.DirectMethodHandle$Holder.invokeSpecial(java.lang.Object, java.lang.Object, java.lang.Object, int, int)'> (0x000000008dfd9fb0) thrown at [c:/cygwin64/tmp/openjdk-jdk11u-
Event: 134.740 Thread 0x000001f753dc3800 Exception <a 'java/lang/NoSuchMethodError'{0x000000008dc82fc0}: 'void java.lang.invoke.DirectMethodHandle$Holder.invokeVirtual(java.lang.Object, java.lang.Object, int, int)'> (0x000000008dc82fc0) thrown at [c:/cygwin64/tmp/openjdk-jdk11u-windows-x64-hotsp

Events (20 events):
Event: 135.617 Executing VM operation: RevokeBias done
Event: 135.617 Executing VM operation: RevokeBias
Event: 135.617 Executing VM operation: RevokeBias done
Event: 135.617 Executing VM operation: RevokeBias
Event: 135.618 Executing VM operation: RevokeBias done
Event: 135.618 Executing VM operation: RevokeBias
Event: 135.618 Executing VM operation: RevokeBias done
Event: 135.618 Executing VM operation: RevokeBias
Event: 135.618 Executing VM operation: RevokeBias done
Event: 135.618 Executing VM operation: RevokeBias
Event: 135.618 Executing VM operation: RevokeBias done
Event: 135.618 Executing VM operation: RevokeBias
Event: 135.619 Executing VM operation: RevokeBias done
Event: 135.619 Executing VM operation: RevokeBias
Event: 135.619 Executing VM operation: RevokeBias done
Event: 135.619 Executing VM operation: RevokeBias
Event: 135.619 Executing VM operation: RevokeBias done
Event: 135.619 Thread 0x000001f70f7f2800 Thread exited: 0x000001f70f7f2800
Event: 135.627 Thread 0x000001f777b0a000 Thread exited: 0x000001f777b0a000
Event: 135.627 Thread 0x000001f70f7f4000 Thread exited: 0x000001f70f7f4000


Dynamic libraries:
0x00007ff63cdd0000 - 0x00007ff63cddd000 	C:\Program Files\AdoptOpenJDK\jdk-11.0.5.10-hotspot\bin\java.exe
0x00007ffce9540000 - 0x00007ffce9730000 	C:\WINDOWS\SYSTEM32\ntdll.dll
0x00007ffce8000000 - 0x00007ffce80b2000 	C:\WINDOWS\System32\KERNEL32.DLL
0x00007ffce67d0000 - 0x00007ffce6a73000 	C:\WINDOWS\System32\KERNELBASE.dll
0x00007ffce6670000 - 0x00007ffce676a000 	C:\WINDOWS\System32\ucrtbase.dll
0x00007ffce0710000 - 0x00007ffce0727000 	C:\Program Files\AdoptOpenJDK\jdk-11.0.5.10-hotspot\bin\jli.dll
0x00007ffce8250000 - 0x00007ffce83e4000 	C:\WINDOWS\System32\USER32.dll
0x00007ffce74e0000 - 0x00007ffce7501000 	C:\WINDOWS\System32\win32u.dll
0x00007ffce8570000 - 0x00007ffce8596000 	C:\WINDOWS\System32\GDI32.dll
0x00007ffce64d0000 - 0x00007ffce6664000 	C:\WINDOWS\System32\gdi32full.dll
0x00007ffce7200000 - 0x00007ffce729e000 	C:\WINDOWS\System32\msvcp_win.dll
0x00007ffce0730000 - 0x00007ffce0746000 	C:\Program Files\AdoptOpenJDK\jdk-11.0.5.10-hotspot\bin\VCRUNTIME140.dll
0x00007ffcdd590000 - 0x00007ffcdd815000 	C:\WINDOWS\WinSxS\amd64_microsoft.windows.common-controls_6595b64144ccf1df_6.0.18362.657_none_e6c5b579130e3898\COMCTL32.dll
0x00007ffce85a0000 - 0x00007ffce863e000 	C:\WINDOWS\System32\msvcrt.dll
0x00007ffce9060000 - 0x00007ffce9396000 	C:\WINDOWS\System32\combase.dll
0x00007ffce8f40000 - 0x00007ffce9060000 	C:\WINDOWS\System32\RPCRT4.dll
0x00007ffce7410000 - 0x00007ffce7490000 	C:\WINDOWS\System32\bcryptPrimitives.dll
0x00007ffce86a0000 - 0x00007ffce86ce000 	C:\WINDOWS\System32\IMM32.DLL
0x00007ffcd9d00000 - 0x00007ffcd9d9b000 	C:\Program Files\AdoptOpenJDK\jdk-11.0.5.10-hotspot\bin\msvcp140.dll
0x00007ffca6900000 - 0x00007ffca73ba000 	C:\Program Files\AdoptOpenJDK\jdk-11.0.5.10-hotspot\bin\server\jvm.dll
0x00007ffce86d0000 - 0x00007ffce8773000 	C:\WINDOWS\System32\ADVAPI32.dll
0x00007ffce8140000 - 0x00007ffce81d7000 	C:\WINDOWS\System32\sechost.dll
0x00007ffce7ad0000 - 0x00007ffce7ad8000 	C:\WINDOWS\System32\PSAPI.DLL
0x00007ffce0d10000 - 0x00007ffce0d19000 	C:\WINDOWS\SYSTEM32\WSOCK32.dll
0x00007ffce8500000 - 0x00007ffce856f000 	C:\WINDOWS\System32\WS2_32.dll
0x00007ffcdbbc0000 - 0x00007ffcdbbe4000 	C:\WINDOWS\SYSTEM32\WINMM.dll
0x00007ffcd81d0000 - 0x00007ffcd81da000 	C:\WINDOWS\SYSTEM32\VERSION.dll
0x00007ffcdbb20000 - 0x00007ffcdbb4d000 	C:\WINDOWS\SYSTEM32\WINMMBASE.dll
0x00007ffce7490000 - 0x00007ffce74da000 	C:\WINDOWS\System32\cfgmgr32.dll
0x00007ffce6420000 - 0x00007ffce6431000 	C:\WINDOWS\System32\kernel.appcore.dll
0x00007ffce0700000 - 0x00007ffce0710000 	C:\Program Files\AdoptOpenJDK\jdk-11.0.5.10-hotspot\bin\verify.dll
0x00007ffce4df0000 - 0x00007ffce4fe4000 	C:\WINDOWS\SYSTEM32\DBGHELP.DLL
0x00007ffcdeb10000 - 0x00007ffcdeb3a000 	C:\WINDOWS\SYSTEM32\dbgcore.DLL
0x00007ffce06d0000 - 0x00007ffce06f8000 	C:\Program Files\AdoptOpenJDK\jdk-11.0.5.10-hotspot\bin\java.dll
0x00007ffcd82a0000 - 0x00007ffcd82d8000 	C:\Program Files\AdoptOpenJDK\jdk-11.0.5.10-hotspot\bin\jdwp.dll
0x00007ffce1e20000 - 0x00007ffce1e2e000 	C:\Program Files\AdoptOpenJDK\jdk-11.0.5.10-hotspot\bin\instrument.dll
0x00007ffcda3f0000 - 0x00007ffcda406000 	C:\Program Files\AdoptOpenJDK\jdk-11.0.5.10-hotspot\bin\zip.dll
0x00007ffce06c0000 - 0x00007ffce06ca000 	C:\Program Files\AdoptOpenJDK\jdk-11.0.5.10-hotspot\bin\jimage.dll
0x00007ffce8780000 - 0x00007ffce8e65000 	C:\WINDOWS\System32\SHELL32.dll
0x00007ffce7ae0000 - 0x00007ffce7b89000 	C:\WINDOWS\System32\shcore.dll
0x00007ffce6a80000 - 0x00007ffce71ff000 	C:\WINDOWS\System32\windows.storage.dll
0x00007ffce6490000 - 0x00007ffce64af000 	C:\WINDOWS\System32\profapi.dll
0x00007ffce6440000 - 0x00007ffce648a000 	C:\WINDOWS\System32\powrprof.dll
0x00007ffce6410000 - 0x00007ffce6420000 	C:\WINDOWS\System32\UMPDC.dll
0x00007ffce7920000 - 0x00007ffce7972000 	C:\WINDOWS\System32\shlwapi.dll
0x00007ffce72a0000 - 0x00007ffce72b7000 	C:\WINDOWS\System32\cryptsp.dll
0x00007ffce18b0000 - 0x00007ffce18ba000 	C:\Program Files\AdoptOpenJDK\jdk-11.0.5.10-hotspot\bin\dt_socket.dll
0x00007ffce5c20000 - 0x00007ffce5c87000 	C:\WINDOWS\system32\mswsock.dll
0x00007ffcd9ce0000 - 0x00007ffcd9cf9000 	C:\Program Files\AdoptOpenJDK\jdk-11.0.5.10-hotspot\bin\net.dll
0x00007ffcdcae0000 - 0x00007ffcdcbd0000 	C:\WINDOWS\SYSTEM32\WINHTTP.dll
0x00007ffcd9cc0000 - 0x00007ffcd9cd2000 	C:\Program Files\AdoptOpenJDK\jdk-11.0.5.10-hotspot\bin\nio.dll
0x00007ffce5790000 - 0x00007ffce57c3000 	C:\WINDOWS\system32\rsaenh.dll
0x00007ffce7510000 - 0x00007ffce7536000 	C:\WINDOWS\System32\bcrypt.dll
0x00007ffce6330000 - 0x00007ffce6355000 	C:\WINDOWS\SYSTEM32\USERENV.dll
0x00007ffce5df0000 - 0x00007ffce5dfc000 	C:\WINDOWS\SYSTEM32\CRYPTBASE.dll
0x00007ffce5930000 - 0x00007ffce596a000 	C:\WINDOWS\SYSTEM32\IPHLPAPI.DLL
0x00007ffce7610000 - 0x00007ffce7618000 	C:\WINDOWS\System32\NSI.dll
0x00007ffcdec70000 - 0x00007ffcdec86000 	C:\WINDOWS\SYSTEM32\dhcpcsvc6.DLL
0x00007ffcdee60000 - 0x00007ffcdee7c000 	C:\WINDOWS\SYSTEM32\dhcpcsvc.DLL
0x00007ffce5970000 - 0x00007ffce5a3a000 	C:\WINDOWS\SYSTEM32\DNSAPI.dll
0x00007ffcda3c0000 - 0x00007ffcda3c9000 	C:\Program Files\AdoptOpenJDK\jdk-11.0.5.10-hotspot\bin\management.dll
0x00007ffcda130000 - 0x00007ffcda13b000 	C:\Program Files\AdoptOpenJDK\jdk-11.0.5.10-hotspot\bin\management_ext.dll
0x00007ffce0cd0000 - 0x00007ffce0ce6000 	C:\WINDOWS\system32\napinsp.dll
0x00007ffce0cb0000 - 0x00007ffce0cca000 	C:\WINDOWS\system32\pnrpnsp.dll
0x00007ffce1e30000 - 0x00007ffce1e3e000 	C:\WINDOWS\System32\winrnr.dll
0x00007ffcdfdc0000 - 0x00007ffcdfddc000 	C:\WINDOWS\system32\NLAapi.dll
0x00007ffce21a0000 - 0x00007ffce21b5000 	C:\WINDOWS\system32\wshbth.dll
0x00007ffcdfdb0000 - 0x00007ffcdfdba000 	C:\Windows\System32\rasadhlp.dll
0x00007ffcde9b0000 - 0x00007ffcdea27000 	C:\WINDOWS\System32\fwpuclnt.dll
0x00007ffce1850000 - 0x00007ffce1859000 	C:\Program Files\AdoptOpenJDK\jdk-11.0.5.10-hotspot\bin\prefs.dll
0x00007ffcc2a80000 - 0x00007ffcc2c19000 	C:\Program Files\AdoptOpenJDK\jdk-11.0.5.10-hotspot\bin\awt.dll
0x00007ffce7a00000 - 0x00007ffce7ac4000 	C:\WINDOWS\System32\OLEAUT32.dll
0x00007ffce2f80000 - 0x00007ffce3540000 	C:\WINDOWS\SYSTEM32\d2d1.dll
0x00007ffce4380000 - 0x00007ffce440f000 	C:\WINDOWS\SYSTEM32\apphelp.dll
0x00007ffce4850000 - 0x00007ffce487d000 	C:\WINDOWS\system32\DWMAPI.DLL
0x00007ffce4430000 - 0x00007ffce44c9000 	C:\WINDOWS\system32\uxtheme.dll
0x00007ffcbef90000 - 0x00007ffcbf0e6000 	C:\WINDOWS\system32\opengl32.dll
0x00007ffcc55c0000 - 0x00007ffcc55ec000 	C:\WINDOWS\SYSTEM32\GLU32.dll
0x00007ffce5060000 - 0x00007ffce5080000 	C:\WINDOWS\SYSTEM32\dxcore.dll
0x00007ffce77e0000 - 0x00007ffce7915000 	C:\WINDOWS\System32\MSCTF.dll
0x00007ffce93a0000 - 0x00007ffce94f6000 	C:\WINDOWS\System32\ole32.dll
0x00007ffce18e0000 - 0x00007ffce190b000 	C:\WINDOWS\SYSTEM32\amdihk64.dll
0x00007ffcc80f0000 - 0x00007ffcc8172000 	C:\Program Files\AdoptOpenJDK\jdk-11.0.5.10-hotspot\bin\freetype.dll
0x00007ffcc8040000 - 0x00007ffcc80e6000 	C:\Program Files\AdoptOpenJDK\jdk-11.0.5.10-hotspot\bin\fontmanager.dll
0x00007ffce83f0000 - 0x00007ffce8492000 	C:\WINDOWS\System32\clbcatq.dll
0x00007ffcd9170000 - 0x00007ffcd931f000 	C:\WINDOWS\SYSTEM32\WindowsCodecs.dll
0x00007ffcd63f0000 - 0x00007ffcd642a000 	C:\WINDOWS\system32\dataexchange.dll
0x00007ffce39a0000 - 0x00007ffce3bfb000 	C:\WINDOWS\system32\d3d11.dll
0x00007ffce3c00000 - 0x00007ffce3ddb000 	C:\WINDOWS\system32\dcomp.dll
0x00007ffce50f0000 - 0x00007ffce51db000 	C:\WINDOWS\system32\dxgi.dll
0x00007ffce4520000 - 0x00007ffce477a000 	C:\WINDOWS\system32\twinapi.appcore.dll
0x00007ffce4880000 - 0x00007ffce48a9000 	C:\WINDOWS\system32\RMCLIENT.dll
0x00007ffc8ae10000 - 0x00007ffc8bb37000 	C:\Users\justi\AppData\Local\Temp\spirvcrossj-natives-tmp18133326148833924999\spirvcrossj.dll
0x00007ffcc2d10000 - 0x00007ffcc2d74000 	C:\Users\justi\AppData\Local\Temp\lwjgljusti\3.2.3-build-13\lwjgl.dll
0x00007ffcc1b90000 - 0x00007ffcc1de3000 	C:\Users\justi\AppData\Local\Temp\lwjgljusti\3.2.3-build-13\jemalloc.dll
0x00007ffcc1b20000 - 0x00007ffcc1b82000 	C:\Users\justi\AppData\Local\Temp\lwjgljusti\3.2.3-build-13\glfw.dll
0x00007ffcc7d40000 - 0x00007ffcc7d83000 	C:\WINDOWS\SYSTEM32\dinput8.dll
0x00007ffcde3d0000 - 0x00007ffcde3e1000 	C:\WINDOWS\SYSTEM32\xinput1_4.dll
0x00007ffce61b0000 - 0x00007ffce61da000 	C:\WINDOWS\SYSTEM32\DEVOBJ.dll
0x00007ffcda010000 - 0x00007ffcda12a000 	C:\WINDOWS\SYSTEM32\inputhost.dll
0x00007ffce4150000 - 0x00007ffce4224000 	C:\WINDOWS\SYSTEM32\CoreMessaging.dll
0x00007ffcdae60000 - 0x00007ffcdb18a000 	C:\WINDOWS\SYSTEM32\CoreUIComponents.dll
0x00007ffce2880000 - 0x00007ffce296f000 	C:\WINDOWS\SYSTEM32\PROPSYS.dll
0x00007ffce2220000 - 0x00007ffce2373000 	C:\WINDOWS\SYSTEM32\wintypes.dll
0x00007ffce5500000 - 0x00007ffce5531000 	C:\WINDOWS\SYSTEM32\ntmarta.dll
0x00007ffce4cc0000 - 0x00007ffce4cce000 	C:\WINDOWS\SYSTEM32\HID.DLL
0x00007ffce7b90000 - 0x00007ffce8000000 	C:\WINDOWS\System32\SETUPAPI.DLL
0x00007ffce6770000 - 0x00007ffce67cc000 	C:\WINDOWS\System32\WINTRUST.dll
0x00007ffce64b0000 - 0x00007ffce64c2000 	C:\WINDOWS\System32\MSASN1.dll
0x00007ffce72c0000 - 0x00007ffce7409000 	C:\WINDOWS\System32\CRYPT32.dll
0x00007ffcc1a10000 - 0x00007ffcc1b1a000 	C:\WINDOWS\SYSTEM32\vulkan-1.dll
0x00007ffc89da0000 - 0x00007ffc8ae03000 	C:\WINDOWS\System32\DriverStore\FileRepository\u0347247.inf_amd64_b64920149a076a52\B347036\amdvlk64.dll
0x00007ffcdb1c0000 - 0x00007ffcdb25e000 	C:\WINDOWS\System32\TextInputFramework.dll
0x00007ffcd9320000 - 0x00007ffcd95c6000 	C:\WINDOWS\System32\iertutil.dll
0x00007ffcd9c90000 - 0x00007ffcd9cb5000 	C:\Users\justi\AppData\Local\Temp\scenery-natives-tmp4385745340257675417\jinput-dx8_64.dll
0x00007ffcd9c60000 - 0x00007ffcd9c86000 	C:\Users\justi\AppData\Local\Temp\scenery-natives-tmp4385745340257675417\jinput-raw_64.dll

dbghelp: loaded successfully - version: 4.0.5 - missing functions: none
symbol engine: initialized successfully - sym options: 0x614 - pdb path: .;C:\Program Files\AdoptOpenJDK\jdk-11.0.5.10-hotspot\bin;C:\WINDOWS\SYSTEM32;C:\WINDOWS\WinSxS\amd64_microsoft.windows.common-controls_6595b64144ccf1df_6.0.18362.657_none_e6c5b579130e3898;C:\Program Files\AdoptOpenJDK\jdk-11.0.5.10-hotspot\bin\server;C:\WINDOWS\System32\DriverStore\FileRepository\u0347247.inf_amd64_b64920149a076a52\B347036;C:\Users\justi\AppData\Local\Temp\spirvcrossj-natives-tmp18133326148833924999;C:\Users\justi\AppData\Local\Temp\lwjgljusti\3.2.3-build-13;C:\Users\justi\AppData\Local\Temp\scenery-natives-tmp4385745340257675417

VM Arguments:
jvm_args: -agentlib:jdwp=transport=dt_socket,address=127.0.0.1:58002,suspend=y,server=n -ea -Djacoco-agent.destfile=C:\Users\justi\OneDrive\Dokumente\Max Planck Projekt\scenery-proteins\target/jacoco.exec -Didea.test.cyclic.buffer.size=1048576 -javaagent:C:\Users\justi\.IntelliJIdea2019.3\system\captureAgent\debugger-agent.jar -Dfile.encoding=UTF-8 
java_command: com.intellij.rt.junit.JUnitStarter -ideVersion5 -junit4 graphics.scenery.tests.examples.PDB.CurveGeometryTest
java_class_path (initial): C:\Program Files\JetBrains\IntelliJ IDEA 2019.2.3\lib\idea_rt.jar;C:\Program Files\JetBrains\IntelliJ IDEA 2019.2.3\plugins\junit\lib\junit5-rt.jar;C:\Program Files\JetBrains\IntelliJ IDEA 2019.2.3\plugins\junit\lib\junit-rt.jar;C:\Users\justi\OneDrive\Dokumente\Max Planck Projekt\scenery-proteins\target\test-classes;C:\Users\justi\OneDrive\Dokumente\Max Planck Projekt\scenery-proteins\target\classes;C:\Users\justi\.m2\repository\graphics\scenery\scenery\0.7.0-beta-7\scenery-0.7.0-beta-7.jar;C:\Users\justi\.m2\repository\org\jogamp\gluegen\gluegen-rt\2.3.2\gluegen-rt-2.3.2.jar;C:\Users\justi\.m2\repository\org\jogamp\gluegen\gluegen-rt\2.3.2\gluegen-rt-2.3.2-natives-linux-amd64.jar;C:\Users\justi\.m2\repository\org\jogamp\gluegen\gluegen-rt\2.3.2\gluegen-rt-2.3.2-natives-linux-i586.jar;C:\Users\justi\.m2\repository\org\jogamp\gluegen\gluegen-rt\2.3.2\gluegen-rt-2.3.2-natives-macosx-universal.jar;C:\Users\justi\.m2\repository\org\jogamp\gluegen\gluegen-rt\2.3.2\gluegen-rt-2.3.2-natives-windows-amd64.jar;C:\Users\justi\.m2\repository\org\jogamp\jogl\jogl-all\2.3.2\jogl-all-2.3.2.jar;C:\Users\justi\.m2\repository\org\jogamp\jogl\jogl-all\2.3.2\jogl-all-2.3.2-natives-linux-amd64.jar;C:\Users\justi\.m2\repository\org\jogamp\jogl\jogl-all\2.3.2\jogl-all-2.3.2-natives-linux-i586.jar;C:\Users\justi\.m2\repository\org\jogamp\jogl\jogl-all\2.3.2\jogl-all-2.3.2-natives-macosx-universal.jar;C:\Users\justi\.m2\repository\org\jogamp\jogl\jogl-all\2.3.2\jogl-all-2.3.2-natives-windows-amd64.jar;C:\Users\justi\.m2\repository\org\slf4j\slf4j-api\1.7.25\slf4j-api-1.7.25.jar;C:\Users\justi\.m2\repository\net\clearvolume\cleargl\2.2.6\cleargl-2.2.6.jar;C:\Users\justi\.m2\repository\org\jogamp\gluegen\gluegen-rt-main\2.3.2\gluegen-rt-main-2.3.2.jar;C:\Users\justi\.m2\repository\org\jogamp\gluegen\gluegen-rt\2.3.2\gluegen-rt-2.3.2-natives-android-aarch64.jar;C:\Users\justi\.m2\repository\org\jogamp\gluegen\gluegen-rt\2.3.2\gluegen-rt-2.3.2-natives-android-armv
Launcher Type: SUN_STANDARD

[Global flags]
     intx CICompilerCount                          = 3                                         {product} {ergonomic}
     uint ConcGCThreads                            = 1                                         {product} {ergonomic}
     uint G1ConcRefinementThreads                  = 4                                         {product} {ergonomic}
   size_t G1HeapRegionSize                         = 1048576                                   {product} {ergonomic}
    uintx GCDrainStackTargetSize                   = 64                                        {product} {ergonomic}
   size_t InitialHeapSize                          = 130023424                                 {product} {ergonomic}
   size_t MarkStackSize                            = 4194304                                   {product} {ergonomic}
   size_t MaxHeapSize                              = 2048917504                                {product} {ergonomic}
   size_t MaxNewSize                               = 1228931072                                {product} {ergonomic}
   size_t MinHeapDeltaBytes                        = 1048576                                   {product} {ergonomic}
    uintx NonNMethodCodeHeapSize                   = 5830732                                {pd product} {ergonomic}
    uintx NonProfiledCodeHeapSize                  = 122913754                              {pd product} {ergonomic}
    uintx ProfiledCodeHeapSize                     = 122913754                              {pd product} {ergonomic}
    uintx ReservedCodeCacheSize                    = 251658240                              {pd product} {ergonomic}
     bool SegmentedCodeCache                       = true                                      {product} {ergonomic}
     bool UseCompressedClassPointers               = true                                 {lp64_product} {ergonomic}
     bool UseCompressedOops                        = true                                 {lp64_product} {ergonomic}
     bool UseG1GC                                  = true                                      {product} {ergonomic}
     bool UseLargePagesIndividualAllocation        = false                                  {pd product} {ergonomic}

Logging:
Log output configuration:
 #0: stdout all=warning uptime,level,tags
 #1: stderr all=off uptime,level,tags

Environment Variables:
PATH=C:\Program Files (x86)\Common Files\Oracle\Java\javapath;C:\ProgramData\Oracle\Java\javapath;C:\Program Files\AdoptOpenJDK\jdk-8.0.232.09-hotspot\bin;C:\Program Files\AdoptOpenJDK\jdk-11.0.5.10-hotspot\bin;C:\WINDOWS\system32;C:\WINDOWS;C:\WINDOWS\System32\Wbem;C:\WINDOWS\System32\WindowsPowerShell\v1.0\;C:\WINDOWS\System32\OpenSSH\;C:\Program Files\Git\cmd;C:\Users\justi\AppData\Local\Microsoft\WindowsApps;C:\Users\justi\AppData\Local\Programs\MiKTeX 2.9\miktex\bin\x64\;C:\Program Files\Java\jdk-12.0.1\bin;C:\Users\justi\AppData\Local\Pandoc\
USERNAME=justi
OS=Windows_NT
PROCESSOR_IDENTIFIER=AMD64 Family 23 Model 17 Stepping 0, AuthenticAMD



---------------  S Y S T E M  ---------------

OS: Windows 10 , 64 bit Build 18362 (10.0.18362.329)

CPU:total 4 (initial active 4) (4 cores per cpu, 2 threads per core) family 23 model 17 stepping 0, cmov, cx8, fxsr, mmx, sse, sse2, sse3, ssse3, sse4.1, sse4.2, popcnt, avx, avx2, aes, clmul, mmxext, 3dnowpref, lzcnt, sse4a, ht, tsc, tscinvbit, tscinv, bmi1, bmi2, adx, sha, fma

Memory: 4k page, system-wide physical 7810M (3114M free)
TotalPageFile size 12674M (AvailPageFile size 4178M)
current process WorkingSet (physical memory assigned to process): 422M, peak: 459M
current process commit charge ("private bytes"): 519M, peak: 556M

vm_info: OpenJDK 64-Bit Server VM (11.0.5+10) for windows-amd64 JRE (11.0.5+10), built on Oct 19 2019 12:23:57 by "" with MS VC++ 15.8 (VS2017)

END.
