#
# A fatal error has been detected by the Java Runtime Environment:
#
#  EXCEPTION_UNCAUGHT_CXX_EXCEPTION (0xe06d7363) at pc=0x00007ffaeaa9a859, pid=10272, tid=16492
#
# JRE version: OpenJDK Runtime Environment (11.0.5+10) (build 11.0.5+10)
# Java VM: OpenJDK 64-Bit Server VM (11.0.5+10, mixed mode, tiered, compressed oops, g1 gc, windows-amd64)
# Problematic frame:
# C  [KERNELBASE.dll+0x3a859]
#
# No core dump will be written. Minidumps are not enabled by default on client versions of Windows
#
# If you would like to submit a bug report, please visit:
#   https://github.com/AdoptOpenJDK/openjdk-build/issues
# The crash happened outside the Java Virtual Machine in native code.
# See problematic frame for where to report the bug.
#

---------------  S U M M A R Y ------------

Command Line: -ea -Djacoco-agent.destfile=C:\Users\justi\OneDrive\Dokumente\Max Planck Projekt\scenery-proteins\target/jacoco.exec -Didea.test.cyclic.buffer.size=1048576 -javaagent:C:\Program Files\JetBrains\IntelliJ IDEA 2019.2.3\lib\idea_rt.jar=49262:C:\Program Files\JetBrains\IntelliJ IDEA 2019.2.3\bin -Dfile.encoding=UTF-8 com.intellij.rt.junit.JUnitStarter -ideVersion5 -junit4 graphics.scenery.tests.examples.PDB.BSplineTest

Host: AMD Ryzen 3 2200U with Radeon Vega Mobile Gfx  , 4 cores, 7G,  Windows 10 , 64 bit Build 18362 (10.0.18362.329)
Time: Fri Mar 27 08:52:09 2020 Mitteleuropäische Zeit elapsed time: 14 seconds (0d 0h 0m 14s)

---------------  T H R E A D  ---------------

Current thread (0x0000027027b33800):  JavaThread "main @coroutine#4" [_thread_in_native, id=16492, stack(0x0000007428500000,0x0000007428600000)]

Stack: [0x0000007428500000,0x0000007428600000],  sp=0x00000074285fc8c0,  free space=1010k
Native frames: (J=compiled Java code, j=interpreted, Vv=VM code, C=native code)
C  [KERNELBASE.dll+0x3a859]
C  [VCRUNTIME140.dll+0x42cd]
C  [spirvcrossj.dll+0x39670f]

Java frames: (J=compiled Java code, j=interpreted, Vv=VM code)
j  graphics.scenery.spirvcrossj.libspirvcrossjJNI.ResourceVec_get(JLgraphics/scenery/spirvcrossj/ResourceVec;J)J+0
j  graphics.scenery.spirvcrossj.ResourceVec.get(J)Lgraphics/scenery/spirvcrossj/Resource;+10
j  graphics.scenery.backends.vulkan.VulkanShaderModule.<init>(Lgraphics/scenery/backends/vulkan/VulkanDevice;Ljava/lang/String;Lgraphics/scenery/backends/ShaderPackage;)V+164
j  graphics.scenery.backends.vulkan.VulkanShaderModule$Companion.getFromCacheOrCreate(Lgraphics/scenery/backends/vulkan/VulkanDevice;Ljava/lang/String;Lgraphics/scenery/backends/ShaderPackage;)Lgraphics/scenery/backends/vulkan/VulkanShaderModule;+77
j  graphics.scenery.backends.vulkan.VulkanRenderpass.initializeDefaultPipeline()V+285
j  graphics.scenery.backends.vulkan.VulkanRenderer.prepareRenderpassesFromConfig(Lgraphics/scenery/backends/RenderConfigReader$RenderConfig;II)V+4293
j  graphics.scenery.backends.vulkan.VulkanRenderer$SwapchainRecreator$recreate$refreshResolutionDependentResources$1.invoke()V+561
j  graphics.scenery.backends.vulkan.VulkanRenderer$SwapchainRecreator$recreate$refreshResolutionDependentResources$1.invoke()Ljava/lang/Object;+1
j  graphics.scenery.backends.vulkan.VulkanRenderer$SwapchainRecreator.recreate()V+225
j  graphics.scenery.backends.vulkan.VulkanRenderer.pollEvents()Z+48
j  graphics.scenery.backends.vulkan.VulkanRenderer.access$pollEvents(Lgraphics/scenery/backends/vulkan/VulkanRenderer;)Z+1
j  graphics.scenery.backends.vulkan.VulkanRenderer$render$1.invokeSuspend(Ljava/lang/Object;)Ljava/lang/Object;+57
j  kotlin.coroutines.jvm.internal.BaseContinuationImpl.resumeWith(Ljava/lang/Object;)V+49
j  kotlinx.coroutines.DispatchedTask.run()V+252
j  kotlinx.coroutines.EventLoopImplBase.processNextEvent()J+178
j  kotlinx.coroutines.BlockingCoroutine.joinBlocking()Ljava/lang/Object;+69
j  kotlinx.coroutines.BuildersKt__BuildersKt.runBlocking(Lkotlin/coroutines/CoroutineContext;Lkotlin/jvm/functions/Function2;)Ljava/lang/Object;+176
j  kotlinx.coroutines.BuildersKt.runBlocking(Lkotlin/coroutines/CoroutineContext;Lkotlin/jvm/functions/Function2;)Ljava/lang/Object;+2
j  kotlinx.coroutines.BuildersKt__BuildersKt.runBlocking$default(Lkotlin/coroutines/CoroutineContext;Lkotlin/jvm/functions/Function2;ILjava/lang/Object;)Ljava/lang/Object;+15
j  kotlinx.coroutines.BuildersKt.runBlocking$default(Lkotlin/coroutines/CoroutineContext;Lkotlin/jvm/functions/Function2;ILjava/lang/Object;)Ljava/lang/Object;+4
j  graphics.scenery.backends.vulkan.VulkanRenderer.render()V+15
j  graphics.scenery.SceneryBase.main()V+560
j  graphics.scenery.tests.examples.PDB.BSplineTest.main()V+1
v  ~StubRoutines::call_stub
j  jdk.internal.reflect.NativeMethodAccessorImpl.invoke0(Ljava/lang/reflect/Method;Ljava/lang/Object;[Ljava/lang/Object;)Ljava/lang/Object;+0 java.base@11.0.5
j  jdk.internal.reflect.NativeMethodAccessorImpl.invoke(Ljava/lang/Object;[Ljava/lang/Object;)Ljava/lang/Object;+100 java.base@11.0.5
j  jdk.internal.reflect.DelegatingMethodAccessorImpl.invoke(Ljava/lang/Object;[Ljava/lang/Object;)Ljava/lang/Object;+6 java.base@11.0.5
j  java.lang.reflect.Method.invoke(Ljava/lang/Object;[Ljava/lang/Object;)Ljava/lang/Object;+59 java.base@11.0.5
j  org.junit.runners.model.FrameworkMethod$1.runReflectiveCall()Ljava/lang/Object;+15
j  org.junit.internal.runners.model.ReflectiveCallable.run()Ljava/lang/Object;+1
j  org.junit.runners.model.FrameworkMethod.invokeExplosively(Ljava/lang/Object;[Ljava/lang/Object;)Ljava/lang/Object;+10
j  org.junit.internal.runners.statements.InvokeMethod.evaluate()V+12
j  org.junit.runners.ParentRunner.runLeaf(Lorg/junit/runners/model/Statement;Lorg/junit/runner/Description;Lorg/junit/runner/notification/RunNotifier;)V+17
j  org.junit.runners.BlockJUnit4ClassRunner.runChild(Lorg/junit/runners/model/FrameworkMethod;Lorg/junit/runner/notification/RunNotifier;)V+30
j  org.junit.runners.BlockJUnit4ClassRunner.runChild(Ljava/lang/Object;Lorg/junit/runner/notification/RunNotifier;)V+6
j  org.junit.runners.ParentRunner$3.run()V+12
j  org.junit.runners.ParentRunner$1.schedule(Ljava/lang/Runnable;)V+1
j  org.junit.runners.ParentRunner.runChildren(Lorg/junit/runner/notification/RunNotifier;)V+44
j  org.junit.runners.ParentRunner.access$000(Lorg/junit/runners/ParentRunner;Lorg/junit/runner/notification/RunNotifier;)V+2
j  org.junit.runners.ParentRunner$2.evaluate()V+8
j  org.junit.runners.ParentRunner.run(Lorg/junit/runner/notification/RunNotifier;)V+20
j  org.junit.runner.JUnitCore.run(Lorg/junit/runner/Runner;)Lorg/junit/runner/Result;+37
j  com.intellij.junit4.JUnit4IdeaTestRunner.startRunnerWithArgs([Ljava/lang/String;Ljava/lang/String;IZ)I+146
j  com.intellij.rt.junit.IdeaTestRunner$Repeater.startRunnerWithArgs(Lcom/intellij/rt/junit/IdeaTestRunner;[Ljava/lang/String;Ljava/util/ArrayList;Ljava/lang/String;IZ)I+22
j  com.intellij.rt.junit.JUnitStarter.prepareStreamsAndStart([Ljava/lang/String;Ljava/lang/String;Ljava/util/ArrayList;Ljava/lang/String;)I+116
j  com.intellij.rt.junit.JUnitStarter.main([Ljava/lang/String;)V+116
v  ~StubRoutines::call_stub

siginfo: EXCEPTION_UNCAUGHT_CXX_EXCEPTION (0xe06d7363), ExceptionInformation=0x0000000019930520 0x00000074285fca30 0x00007ffa860c1998 0x00007ffa85ae0000 


Register to memory mapping:

RIP=0x00007ffaeaa9a859 KERNELBASE.dll
RAX=0x00007ffaeaa850ca KERNELBASE.dll
RBX=0x00007ffa860c1998 spirvcrossj.dll
RCX=0x00000270699b8dd3 is pointing into metadata
RDX=0x00000074285fc1f0 is pointing into the stack for thread: 0x0000027027b33800
RSP=0x00000074285fc8c0 is pointing into the stack for thread: 0x0000027027b33800
RBP=0x00000074285fca00 is pointing into the stack for thread: 0x0000027027b33800
RSI=0x00007781d9aefc04 is an unknown value
RDI=0x00000074285fca30 is pointing into the stack for thread: 0x0000027027b33800
R8 =0x0 is NULL
R9 =0x0 is NULL
R10=0x000002703014c914 is at code_begin+180 in an Interpreter codelet
putstatic  179 putstatic  [0x000002703014c860, 0x000002703014cc00]  928 bytes
R11=0x00000074285fc210 is pointing into the stack for thread: 0x0000027027b33800
R12=0x0 is NULL
R13={method} {0x0000027052a125c8} 'ResourceVec_get' '(JLgraphics/scenery/spirvcrossj/ResourceVec;J)J' in 'graphics/scenery/spirvcrossj/libspirvcrossjJNI'
R14=0x0000027000000004 is an unknown value
R15=0x0000027027b33800 is a thread


Registers:
RAX=0x00007ffaeaa850ca, RBX=0x00007ffa860c1998, RCX=0x00000270699b8dd3, RDX=0x00000074285fc1f0
RSP=0x00000074285fc8c0, RBP=0x00000074285fca00, RSI=0x00007781d9aefc04, RDI=0x00000074285fca30
R8 =0x0000000000000000, R9 =0x0000000000000000, R10=0x000002703014c914, R11=0x00000074285fc210
R12=0x0000000000000000, R13=0x0000027052a125c0, R14=0x0000027000000004, R15=0x0000027027b33800
RIP=0x00007ffaeaa9a859, EFLAGS=0x0000000000000202

Top of Stack: (sp=0x00000074285fc8c0)
0x00000074285fc8c0:   0000ede7863e1389 00007ffa860c1998
0x00000074285fc8d0:   00007781d9aefc04 00007ffaea87a510
0x00000074285fc8e0:   00000001e06d7363 0000000000000000
0x00000074285fc8f0:   00007ffaeaa9a859 0000007400000004
0x00000074285fc900:   0000000019930520 00000074285fca30
0x00000074285fc910:   00007ffa860c1998 00007ffa85ae0000
0x00000074285fc920:   0000027052a125c0 0000000000000000
0x00000074285fc930:   00007781d9aefc04 00000074285fca00
0x00000074285fc940:   00000074285fca10 00007ffaed81f49f
0x00000074285fc950:   00000074285fca30 0000007400000000
0x00000074285fc960:   00007ffaea87a510 00007ffaea87a510
0x00000074285fc970:   00007ffa867ce000 00007ffa85ae0000
0x00000074285fc980:   00001db3f8f12a13 00000074285fc9c0
0x00000074285fc990:   00007ffa860c1998 00007ffac77442cd
0x00000074285fc9a0:   00000074285fccf0 00007ffaae171f70
0x00000074285fc9b0:   0000000000000000 0000000000000004 

Instructions: (pc=0x00007ffaeaa9a859)
0x00007ffaeaa9a759:   fe ff ff 4c 8d 05 ed 51 20 00 33 d2 8d 4a 02 e8
0x00007ffaeaa9a769:   63 18 02 00 48 8b f8 48 89 44 24 58 e9 ef fd ff
0x00007ffaeaa9a779:   ff 45 33 c0 49 8b d7 48 83 c9 ff e8 e7 f0 02 00
0x00007ffaeaa9a789:   e9 09 ff ff ff 48 8b 0d f3 0f 23 00 e8 06 f2 ff
0x00007ffaeaa9a799:   ff 48 8b cf e8 4e a2 fe ff e9 f9 fe ff ff 49 8b
0x00007ffaeaa9a7a9:   ce e8 41 a2 fe ff e9 f5 fe ff ff 48 8b ce e8 34
0x00007ffaeaa9a7b9:   a2 fe ff e9 f1 fe ff ff cc cc cc cc cc cc cc cc
0x00007ffaeaa9a7c9:   cc cc cc cc cc cc cc 65 48 8b 04 25 30 00 00 00
0x00007ffaeaa9a7d9:   8b 40 68 c3 cc cc cc cc cc cc cc cc cc cc cc cc
0x00007ffaeaa9a7e9:   cc cc cc cc cc cc cc 48 81 ec d8 00 00 00 48 8b
0x00007ffaeaa9a7f9:   05 32 e6 22 00 48 33 c4 48 89 84 24 c0 00 00 00
0x00007ffaeaa9a809:   48 83 64 24 28 00 48 8d 05 da ff ff ff 83 e2 01
0x00007ffaeaa9a819:   89 4c 24 20 89 54 24 24 48 89 44 24 30 4d 85 c9
0x00007ffaeaa9a829:   74 4b b8 0f 00 00 00 48 8d 4c 24 40 44 3b c0 49
0x00007ffaeaa9a839:   8b d1 44 0f 47 c0 44 89 44 24 38 49 c1 e0 03 e8
0x00007ffaeaa9a849:   da 4e 05 00 48 8d 4c 24 20 48 ff 15 cf c3 16 00
0x00007ffaeaa9a859:   0f 1f 44 00 00 48 8b 8c 24 c0 00 00 00 48 33 cc
0x00007ffaeaa9a869:   e8 72 ef 04 00 48 81 c4 d8 00 00 00 c3 83 64 24
0x00007ffaeaa9a879:   38 00 eb d0 cc cc cc cc cc cc cc 48 89 5c 24 08
0x00007ffaeaa9a889:   48 89 74 24 10 57 48 83 ec 20 8b da 48 8b f9 e8
0x00007ffaeaa9a899:   f3 d6 ff ff 33 f6 85 c0 0f 84 f1 88 06 00 85 db
0x00007ffaeaa9a8a9:   0f 84 e9 88 06 00 44 8d 4e 02 ba 09 10 00 20 4c
0x00007ffaeaa9a8b9:   8d 44 24 40 48 8b cf e8 7b b5 ff ff 85 c0 0f 84
0x00007ffaeaa9a8c9:   cb 88 06 00 39 5c 24 40 0f 85 c1 88 06 00 0f b7
0x00007ffaeaa9a8d9:   c3 48 8b 5c 24 30 48 8b 74 24 38 48 83 c4 20 5f
0x00007ffaeaa9a8e9:   c3 cc cc cc cc cc cc 48 89 5c 24 08 48 89 74 24
0x00007ffaeaa9a8f9:   10 57 48 83 ec 40 48 8b c2 48 8b f1 48 8b c8 33
0x00007ffaeaa9a909:   d2 49 8b d9 41 8b f8 e8 5b 6c ff ff 48 8b d0 48
0x00007ffaeaa9a919:   85 db 0f 85 ab 88 06 00 48 8b 44 24 78 44 8b c7
0x00007ffaeaa9a929:   44 8b 4c 24 70 48 8b ce 48 89 44 24 38 8d 43 01
0x00007ffaeaa9a939:   89 44 24 30 89 44 24 28 89 44 24 20 e8 16 00 00
0x00007ffaeaa9a949:   00 48 8b 5c 24 50 48 8b 74 24 58 48 83 c4 40 5f 


Stack slot to memory mapping:
stack at sp + 0 slots: 0x0000ede7863e1389 is an unknown value
stack at sp + 1 slots: 0x00007ffa860c1998 spirvcrossj.dll
stack at sp + 2 slots: 0x00007781d9aefc04 is an unknown value
stack at sp + 3 slots: 0x00007ffaea87a510 ucrtbase.dll
stack at sp + 4 slots: 0x00000001e06d7363 is an unknown value
stack at sp + 5 slots: 0x0 is NULL
stack at sp + 6 slots: 0x00007ffaeaa9a859 KERNELBASE.dll
stack at sp + 7 slots: 0x0000007400000004 is an unknown value


---------------  P R O C E S S  ---------------

Threads class SMR info:
_java_thread_list=0x000002705f6f9510, length=32, elements={
0x0000027027b33800, 0x0000027045f1b800, 0x0000027045f25800, 0x000002704677b800,
0x000002704677c800, 0x000002704677d800, 0x0000027046782000, 0x00000270467d8800,
0x0000027046a15800, 0x0000027046a83800, 0x0000027046c86800, 0x0000027047fa5000,
0x0000027047f95800, 0x0000027047e49000, 0x0000027048811800, 0x0000027047de3800,
0x0000027048bbd800, 0x000002704a710800, 0x0000027048b06000, 0x0000027048cb8000,
0x000002704a95a800, 0x000002704a958000, 0x000002704a959000, 0x000002704a955800,
0x000002704a959800, 0x000002704a954800, 0x000002704a7be000, 0x000002704a95b000,
0x000002704a956800, 0x000002704a957000, 0x000002704c48e000, 0x000002704c48e800
}

Java Threads: ( => current thread )
=>0x0000027027b33800 JavaThread "main @coroutine#4" [_thread_in_native, id=16492, stack(0x0000007428500000,0x0000007428600000)]
  0x0000027045f1b800 JavaThread "Reference Handler" daemon [_thread_blocked, id=17772, stack(0x0000007428c00000,0x0000007428d00000)]
  0x0000027045f25800 JavaThread "Finalizer" daemon [_thread_blocked, id=5520, stack(0x0000007428d00000,0x0000007428e00000)]
  0x000002704677b800 JavaThread "Signal Dispatcher" daemon [_thread_blocked, id=17824, stack(0x0000007428e00000,0x0000007428f00000)]
  0x000002704677c800 JavaThread "Attach Listener" daemon [_thread_blocked, id=14576, stack(0x0000007428f00000,0x0000007429000000)]
  0x000002704677d800 JavaThread "C2 CompilerThread0" daemon [_thread_blocked, id=4596, stack(0x0000007429000000,0x0000007429100000)]
  0x0000027046782000 JavaThread "C1 CompilerThread0" daemon [_thread_blocked, id=8652, stack(0x0000007429100000,0x0000007429200000)]
  0x00000270467d8800 JavaThread "Sweeper thread" daemon [_thread_blocked, id=11288, stack(0x0000007429200000,0x0000007429300000)]
  0x0000027046a15800 JavaThread "Common-Cleaner" daemon [_thread_blocked, id=10488, stack(0x0000007429300000,0x0000007429400000)]
  0x0000027046a83800 JavaThread "Monitor Ctrl-Break" daemon [_thread_in_native, id=16396, stack(0x0000007429400000,0x0000007429500000)]
  0x0000027046c86800 JavaThread "Service Thread" daemon [_thread_blocked, id=17032, stack(0x0000007429500000,0x0000007429600000)]
  0x0000027047fa5000 JavaThread "Thread-0" [_thread_blocked, id=19196, stack(0x0000007429800000,0x0000007429900000)]
  0x0000027047f95800 JavaThread "reaper-1" daemon [_thread_in_native, id=12728, stack(0x0000007429900000,0x0000007429a00000)]
  0x0000027047e49000 JavaThread "iothread-2" daemon [_thread_in_native, id=18580, stack(0x0000007429a00000,0x0000007429b00000)]
  0x0000027048811800 JavaThread "iothread-3" daemon [_thread_in_native, id=15752, stack(0x0000007429c00000,0x0000007429d00000)]
  0x0000027047de3800 JavaThread "iothread-4" daemon [_thread_in_native, id=18204, stack(0x0000007429d00000,0x0000007429e00000)]
  0x0000027048bbd800 JavaThread "iothread-5" daemon [_thread_in_native, id=12812, stack(0x0000007429e00000,0x0000007429f00000)]
  0x000002704a710800 JavaThread "SciJava-66933239-Thread-0" [_thread_blocked, id=9144, stack(0x000000742a100000,0x000000742a200000)]
  0x0000027048b06000 JavaThread "Java2D Disposer" daemon [_thread_blocked, id=14168, stack(0x000000742a200000,0x000000742a300000)]
  0x0000027048cb8000 JavaThread "AWT-Shutdown" [_thread_blocked, id=2220, stack(0x000000742a300000,0x000000742a400000)]
  0x000002704a95a800 JavaThread "AWT-Windows" daemon [_thread_in_native, id=19924, stack(0x000000742a400000,0x000000742a500000)]
  0x000002704a958000 JavaThread "AWT-EventQueue-0" [_thread_blocked, id=5196, stack(0x000000742ab00000,0x000000742ac00000)]
  0x000002704a959000 JavaThread "pool-2-thread-1" [_thread_blocked, id=19708, stack(0x000000742ac00000,0x000000742ad00000)]
  0x000002704a955800 JavaThread "TimerQueue" daemon [_thread_blocked, id=6500, stack(0x000000742ad00000,0x000000742ae00000)]
  0x000002704a959800 JavaThread "pool-3-thread-1" [_thread_blocked, id=15132, stack(0x000000742ae00000,0x000000742af00000)]
  0x000002704a954800 JavaThread "Timer-0" [_thread_in_native, id=13252, stack(0x0000007429b00000,0x0000007429c00000)]
  0x000002704a7be000 JavaThread "C2 CompilerThread1" daemon [_thread_blocked, id=11028, stack(0x000000742b000000,0x000000742b100000)]
  0x000002704a95b000 JavaThread "pool-1-thread-1" [_thread_blocked, id=18464, stack(0x000000742b300000,0x000000742b400000)]
  0x000002704a956800 JavaThread "Timer-1" [_thread_blocked, id=8248, stack(0x000000742b400000,0x000000742b500000)]
  0x000002704a957000 JavaThread "Thread-5" daemon [_thread_in_native, id=13800, stack(0x000000742b600000,0x000000742b700000)]
  0x000002704c48e000 JavaThread "Thread-6" [_thread_blocked, id=19636, stack(0x000000742b700000,0x000000742b800000)]
  0x000002704c48e800 JavaThread "Thread-7" [_thread_blocked, id=19724, stack(0x000000742bb00000,0x000000742bc00000)]

Other Threads:
  0x0000027045ef5000 VMThread "VM Thread" [stack: 0x0000007428b00000,0x0000007428c00000] [id=16944]
  0x0000027046c87800 WatcherThread [stack: 0x0000007429600000,0x0000007429700000] [id=12228]
  0x0000027027b4d000 GCTaskThread "GC Thread#0" [stack: 0x0000007428600000,0x0000007428700000] [id=7588]
  0x00000270474c7000 GCTaskThread "GC Thread#1" [stack: 0x0000007429700000,0x0000007429800000] [id=14488]
  0x00000270485e7800 GCTaskThread "GC Thread#2" [stack: 0x0000007429f00000,0x000000742a000000] [id=7700]
  0x0000027047f9f800 GCTaskThread "GC Thread#3" [stack: 0x000000742a000000,0x000000742a100000] [id=20044]
  0x0000027027b7c800 ConcurrentGCThread "G1 Main Marker" [stack: 0x0000007428700000,0x0000007428800000] [id=17960]
  0x0000027027b7e000 ConcurrentGCThread "G1 Conc#0" [stack: 0x0000007428800000,0x0000007428900000] [id=16592]
  0x0000027045d4e800 ConcurrentGCThread "G1 Refine#0" [stack: 0x0000007428900000,0x0000007428a00000] [id=17784]
  0x000002704afcc800 ConcurrentGCThread "G1 Refine#1" [stack: 0x000000742ba00000,0x000000742bb00000] [id=17204]
  0x0000027045d50800 ConcurrentGCThread "G1 Young RemSet Sampling" [stack: 0x0000007428a00000,0x0000007428b00000] [id=1876]

Threads with active compile tasks:

VM state:not at safepoint (normal execution)

VM Mutex/Monitor currently owned by a thread: None

Heap address: 0x0000000085e00000, size: 1954 MB, Compressed Oops mode: 32-bit
Narrow klass base: 0x0000000000000000, Narrow klass shift: 3
Compressed class space size: 1073741824 Address: 0x0000000100000000

Heap:
 garbage-first heap   total 183296K, used 60416K [0x0000000085e00000, 0x0000000100000000)
  region size 1024K, 7 young (7168K), 5 survivors (5120K)
 Metaspace       used 72721K, capacity 75229K, committed 75520K, reserved 1114112K
  class space    used 9613K, capacity 10408K, committed 10496K, reserved 1048576K
Heap Regions: E=young(eden), S=young(survivor), O=old, HS=humongous(starts), HC=humongous(continues), CS=collection set, F=free, A=archive, TAMS=top-at-mark-start (previous, next)
|   0|0x0000000085e00000, 0x0000000085f00000, 0x0000000085f00000|100%| O|  |TAMS 0x0000000085f00000, 0x0000000085e00000| Untracked 
|   1|0x0000000085f00000, 0x0000000086000000, 0x0000000086000000|100%| O|  |TAMS 0x0000000086000000, 0x0000000085f00000| Untracked 
|   2|0x0000000086000000, 0x0000000086100000, 0x0000000086100000|100%| O|  |TAMS 0x0000000086100000, 0x0000000086000000| Untracked 
|   3|0x0000000086100000, 0x0000000086200000, 0x0000000086200000|100%| O|  |TAMS 0x0000000086200000, 0x0000000086100000| Untracked 
|   4|0x0000000086200000, 0x0000000086300000, 0x0000000086300000|100%|HS|  |TAMS 0x0000000086300000, 0x0000000086200000| Complete 
|   5|0x0000000086300000, 0x0000000086400000, 0x0000000086400000|100%|HS|  |TAMS 0x0000000086400000, 0x0000000086300000| Complete 
|   6|0x0000000086400000, 0x0000000086500000, 0x0000000086500000|100%|HC|  |TAMS 0x0000000086500000, 0x0000000086400000| Complete 
|   7|0x0000000086500000, 0x0000000086600000, 0x0000000086600000|100%| O|  |TAMS 0x0000000086600000, 0x0000000086500000| Untracked 
|   8|0x0000000086600000, 0x0000000086700000, 0x0000000086700000|100%| O|  |TAMS 0x0000000086700000, 0x0000000086600000| Untracked 
|   9|0x0000000086700000, 0x0000000086800000, 0x0000000086800000|100%| O|  |TAMS 0x0000000086800000, 0x0000000086700000| Untracked 
|  10|0x0000000086800000, 0x0000000086900000, 0x0000000086900000|100%| O|  |TAMS 0x0000000086900000, 0x0000000086800000| Untracked 
|  11|0x0000000086900000, 0x0000000086a00000, 0x0000000086a00000|100%| O|  |TAMS 0x0000000086a00000, 0x0000000086900000| Untracked 
|  12|0x0000000086a00000, 0x0000000086b00000, 0x0000000086b00000|100%| O|  |TAMS 0x0000000086b00000, 0x0000000086a00000| Untracked 
|  13|0x0000000086b00000, 0x0000000086c00000, 0x0000000086c00000|100%| O|  |TAMS 0x0000000086c00000, 0x0000000086b00000| Untracked 
|  14|0x0000000086c00000, 0x0000000086d00000, 0x0000000086d00000|100%| O|  |TAMS 0x0000000086d00000, 0x0000000086c00000| Untracked 
|  15|0x0000000086d00000, 0x0000000086e00000, 0x0000000086e00000|100%| O|  |TAMS 0x0000000086e00000, 0x0000000086d00000| Untracked 
|  16|0x0000000086e00000, 0x0000000086f00000, 0x0000000086f00000|100%| O|  |TAMS 0x0000000086f00000, 0x0000000086e00000| Untracked 
|  17|0x0000000086f00000, 0x0000000087000000, 0x0000000087000000|100%| O|  |TAMS 0x0000000087000000, 0x0000000086f00000| Untracked 
|  18|0x0000000087000000, 0x0000000087100000, 0x0000000087100000|100%| O|  |TAMS 0x0000000087100000, 0x0000000087000000| Untracked 
|  19|0x0000000087100000, 0x0000000087200000, 0x0000000087200000|100%| O|  |TAMS 0x0000000087200000, 0x0000000087100000| Untracked 
|  20|0x0000000087200000, 0x0000000087300000, 0x0000000087300000|100%| O|  |TAMS 0x0000000087300000, 0x0000000087200000| Untracked 
|  21|0x0000000087300000, 0x0000000087400000, 0x0000000087400000|100%| O|  |TAMS 0x0000000087340800, 0x0000000087300000| Untracked 
|  22|0x0000000087400000, 0x0000000087500000, 0x0000000087500000|100%| O|  |TAMS 0x0000000087400000, 0x0000000087400000| Untracked 
|  23|0x0000000087500000, 0x0000000087600000, 0x0000000087600000|100%| O|  |TAMS 0x0000000087500000, 0x0000000087500000| Untracked 
|  24|0x0000000087600000, 0x0000000087700000, 0x0000000087700000|100%| O|  |TAMS 0x0000000087600000, 0x0000000087600000| Untracked 
|  25|0x0000000087700000, 0x0000000087800000, 0x0000000087800000|100%| O|  |TAMS 0x0000000087700000, 0x0000000087700000| Untracked 
|  26|0x0000000087800000, 0x0000000087900000, 0x0000000087900000|100%| O|  |TAMS 0x0000000087800000, 0x0000000087800000| Untracked 
|  27|0x0000000087900000, 0x0000000087a00000, 0x0000000087a00000|100%| O|  |TAMS 0x0000000087900000, 0x0000000087900000| Untracked 
|  28|0x0000000087a00000, 0x0000000087b00000, 0x0000000087b00000|100%| O|  |TAMS 0x0000000087a00000, 0x0000000087a00000| Untracked 
|  29|0x0000000087b00000, 0x0000000087c00000, 0x0000000087c00000|100%| O|  |TAMS 0x0000000087b00000, 0x0000000087b00000| Untracked 
|  30|0x0000000087c00000, 0x0000000087d00000, 0x0000000087d00000|100%| O|  |TAMS 0x0000000087c00000, 0x0000000087c00000| Untracked 
|  31|0x0000000087d00000, 0x0000000087e00000, 0x0000000087e00000|100%| O|  |TAMS 0x0000000087d00000, 0x0000000087d00000| Untracked 
|  32|0x0000000087e00000, 0x0000000087f00000, 0x0000000087f00000|100%| O|  |TAMS 0x0000000087e00000, 0x0000000087e00000| Untracked 
|  33|0x0000000087f00000, 0x0000000088000000, 0x0000000088000000|100%| O|  |TAMS 0x0000000087f00000, 0x0000000087f00000| Untracked 
|  34|0x0000000088000000, 0x0000000088100000, 0x0000000088100000|100%| O|  |TAMS 0x0000000088000000, 0x0000000088000000| Untracked 
|  35|0x0000000088100000, 0x0000000088200000, 0x0000000088200000|100%| O|  |TAMS 0x0000000088100000, 0x0000000088100000| Untracked 
|  36|0x0000000088200000, 0x0000000088300000, 0x0000000088300000|100%| O|  |TAMS 0x0000000088200000, 0x0000000088200000| Untracked 
|  37|0x0000000088300000, 0x0000000088400000, 0x0000000088400000|100%| O|  |TAMS 0x0000000088300000, 0x0000000088300000| Untracked 
|  38|0x0000000088400000, 0x0000000088500000, 0x0000000088500000|100%| O|  |TAMS 0x0000000088400000, 0x0000000088400000| Untracked 
|  39|0x0000000088500000, 0x0000000088600000, 0x0000000088600000|100%| O|  |TAMS 0x0000000088500000, 0x0000000088500000| Untracked 
|  40|0x0000000088600000, 0x0000000088700000, 0x0000000088700000|100%| O|  |TAMS 0x0000000088600000, 0x0000000088600000| Untracked 
|  41|0x0000000088700000, 0x0000000088800000, 0x0000000088800000|100%| O|  |TAMS 0x0000000088700000, 0x0000000088700000| Untracked 
|  42|0x0000000088800000, 0x0000000088900000, 0x0000000088900000|100%| O|  |TAMS 0x0000000088800000, 0x0000000088800000| Untracked 
|  43|0x0000000088900000, 0x0000000088a00000, 0x0000000088a00000|100%| O|  |TAMS 0x0000000088900000, 0x0000000088900000| Untracked 
|  44|0x0000000088a00000, 0x0000000088b00000, 0x0000000088b00000|100%| O|  |TAMS 0x0000000088a00000, 0x0000000088a00000| Untracked 
|  45|0x0000000088b00000, 0x0000000088c00000, 0x0000000088c00000|100%| O|  |TAMS 0x0000000088b00000, 0x0000000088b00000| Untracked 
|  46|0x0000000088c00000, 0x0000000088d00000, 0x0000000088d00000|100%| O|  |TAMS 0x0000000088c00000, 0x0000000088c00000| Untracked 
|  47|0x0000000088d00000, 0x0000000088e00000, 0x0000000088e00000|100%| O|  |TAMS 0x0000000088d00000, 0x0000000088d00000| Untracked 
|  48|0x0000000088e00000, 0x0000000088f00000, 0x0000000088f00000|100%| O|  |TAMS 0x0000000088e00000, 0x0000000088e00000| Untracked 
|  49|0x0000000088f00000, 0x0000000089000000, 0x0000000089000000|100%| O|  |TAMS 0x0000000088f00000, 0x0000000088f00000| Untracked 
|  50|0x0000000089000000, 0x0000000089100000, 0x0000000089100000|100%| O|  |TAMS 0x0000000089000000, 0x0000000089000000| Untracked 
|  51|0x0000000089100000, 0x0000000089200000, 0x0000000089200000|100%| O|  |TAMS 0x0000000089100000, 0x0000000089100000| Untracked 
|  52|0x0000000089200000, 0x0000000089200000, 0x0000000089300000|  0%| F|  |TAMS 0x0000000089200000, 0x0000000089200000| Untracked 
|  53|0x0000000089300000, 0x0000000089300000, 0x0000000089400000|  0%| F|  |TAMS 0x0000000089300000, 0x0000000089300000| Untracked 
|  54|0x0000000089400000, 0x0000000089500000, 0x0000000089500000|100%| O|  |TAMS 0x0000000089400000, 0x0000000089400000| Untracked 
|  55|0x0000000089500000, 0x0000000089580000, 0x0000000089600000| 50%| O|  |TAMS 0x0000000089500000, 0x0000000089500000| Untracked 
|  56|0x0000000089600000, 0x0000000089600000, 0x0000000089700000|  0%| F|  |TAMS 0x0000000089600000, 0x0000000089600000| Untracked 
|  57|0x0000000089700000, 0x0000000089700000, 0x0000000089800000|  0%| F|  |TAMS 0x0000000089700000, 0x0000000089700000| Untracked 
|  58|0x0000000089800000, 0x0000000089800000, 0x0000000089900000|  0%| F|  |TAMS 0x0000000089800000, 0x0000000089800000| Untracked 
|  59|0x0000000089900000, 0x0000000089900000, 0x0000000089a00000|  0%| F|  |TAMS 0x0000000089900000, 0x0000000089900000| Untracked 
|  60|0x0000000089a00000, 0x0000000089a00000, 0x0000000089b00000|  0%| F|  |TAMS 0x0000000089a00000, 0x0000000089a00000| Untracked 
|  61|0x0000000089b00000, 0x0000000089b00000, 0x0000000089c00000|  0%| F|  |TAMS 0x0000000089b00000, 0x0000000089b00000| Untracked 
|  62|0x0000000089c00000, 0x0000000089c00000, 0x0000000089d00000|  0%| F|  |TAMS 0x0000000089c00000, 0x0000000089c00000| Untracked 
|  63|0x0000000089d00000, 0x0000000089d00000, 0x0000000089e00000|  0%| F|  |TAMS 0x0000000089d00000, 0x0000000089d00000| Untracked 
|  64|0x0000000089e00000, 0x0000000089e00000, 0x0000000089f00000|  0%| F|  |TAMS 0x0000000089e00000, 0x0000000089e00000| Untracked 
|  65|0x0000000089f00000, 0x0000000089f00000, 0x000000008a000000|  0%| F|  |TAMS 0x0000000089f00000, 0x0000000089f00000| Untracked 
|  66|0x000000008a000000, 0x000000008a000000, 0x000000008a100000|  0%| F|  |TAMS 0x000000008a000000, 0x000000008a000000| Untracked 
|  67|0x000000008a100000, 0x000000008a100000, 0x000000008a200000|  0%| F|  |TAMS 0x000000008a100000, 0x000000008a100000| Untracked 
|  68|0x000000008a200000, 0x000000008a200000, 0x000000008a300000|  0%| F|  |TAMS 0x000000008a200000, 0x000000008a200000| Untracked 
|  69|0x000000008a300000, 0x000000008a300000, 0x000000008a400000|  0%| F|  |TAMS 0x000000008a300000, 0x000000008a300000| Untracked 
|  70|0x000000008a400000, 0x000000008a400000, 0x000000008a500000|  0%| F|  |TAMS 0x000000008a400000, 0x000000008a400000| Untracked 
|  71|0x000000008a500000, 0x000000008a500000, 0x000000008a600000|  0%| F|  |TAMS 0x000000008a500000, 0x000000008a500000| Untracked 
|  72|0x000000008a600000, 0x000000008a600000, 0x000000008a700000|  0%| F|  |TAMS 0x000000008a600000, 0x000000008a600000| Untracked 
|  73|0x000000008a700000, 0x000000008a700000, 0x000000008a800000|  0%| F|  |TAMS 0x000000008a700000, 0x000000008a700000| Untracked 
|  74|0x000000008a800000, 0x000000008a800000, 0x000000008a900000|  0%| F|  |TAMS 0x000000008a800000, 0x000000008a800000| Untracked 
|  75|0x000000008a900000, 0x000000008a900000, 0x000000008aa00000|  0%| F|  |TAMS 0x000000008a900000, 0x000000008a900000| Untracked 
|  76|0x000000008aa00000, 0x000000008aa00000, 0x000000008ab00000|  0%| F|  |TAMS 0x000000008aa00000, 0x000000008aa00000| Untracked 
|  77|0x000000008ab00000, 0x000000008ab00000, 0x000000008ac00000|  0%| F|  |TAMS 0x000000008ab00000, 0x000000008ab00000| Untracked 
|  78|0x000000008ac00000, 0x000000008ac00000, 0x000000008ad00000|  0%| F|  |TAMS 0x000000008ac00000, 0x000000008ac00000| Untracked 
|  79|0x000000008ad00000, 0x000000008ad00000, 0x000000008ae00000|  0%| F|  |TAMS 0x000000008ad00000, 0x000000008ad00000| Untracked 
|  80|0x000000008ae00000, 0x000000008ae00000, 0x000000008af00000|  0%| F|  |TAMS 0x000000008ae00000, 0x000000008ae00000| Untracked 
|  81|0x000000008af00000, 0x000000008af00000, 0x000000008b000000|  0%| F|  |TAMS 0x000000008af00000, 0x000000008af00000| Untracked 
|  82|0x000000008b000000, 0x000000008b000000, 0x000000008b100000|  0%| F|  |TAMS 0x000000008b000000, 0x000000008b000000| Untracked 
|  83|0x000000008b100000, 0x000000008b100000, 0x000000008b200000|  0%| F|  |TAMS 0x000000008b100000, 0x000000008b100000| Untracked 
|  84|0x000000008b200000, 0x000000008b200000, 0x000000008b300000|  0%| F|  |TAMS 0x000000008b200000, 0x000000008b200000| Untracked 
|  85|0x000000008b300000, 0x000000008b300000, 0x000000008b400000|  0%| F|  |TAMS 0x000000008b300000, 0x000000008b300000| Untracked 
|  86|0x000000008b400000, 0x000000008b400000, 0x000000008b500000|  0%| F|  |TAMS 0x000000008b400000, 0x000000008b400000| Untracked 
|  87|0x000000008b500000, 0x000000008b500000, 0x000000008b600000|  0%| F|  |TAMS 0x000000008b500000, 0x000000008b500000| Untracked 
|  88|0x000000008b600000, 0x000000008b600000, 0x000000008b700000|  0%| F|  |TAMS 0x000000008b600000, 0x000000008b600000| Untracked 
|  89|0x000000008b700000, 0x000000008b700000, 0x000000008b800000|  0%| F|  |TAMS 0x000000008b700000, 0x000000008b700000| Untracked 
|  90|0x000000008b800000, 0x000000008b800000, 0x000000008b900000|  0%| F|  |TAMS 0x000000008b800000, 0x000000008b800000| Untracked 
|  91|0x000000008b900000, 0x000000008b900000, 0x000000008ba00000|  0%| F|  |TAMS 0x000000008b900000, 0x000000008b900000| Untracked 
|  92|0x000000008ba00000, 0x000000008ba80000, 0x000000008bb00000| 50%| S|CS|TAMS 0x000000008ba00000, 0x000000008ba00000| Complete 
|  93|0x000000008bb00000, 0x000000008bc00000, 0x000000008bc00000|100%| S|CS|TAMS 0x000000008bb00000, 0x000000008bb00000| Complete 
|  94|0x000000008bc00000, 0x000000008bd00000, 0x000000008bd00000|100%| S|CS|TAMS 0x000000008bc00000, 0x000000008bc00000| Complete 
|  95|0x000000008bd00000, 0x000000008be00000, 0x000000008be00000|100%| S|CS|TAMS 0x000000008bd00000, 0x000000008bd00000| Complete 
|  96|0x000000008be00000, 0x000000008bf00000, 0x000000008bf00000|100%| S|CS|TAMS 0x000000008be00000, 0x000000008be00000| Complete 
|  97|0x000000008bf00000, 0x000000008bf00000, 0x000000008c000000|  0%| F|  |TAMS 0x000000008bf00000, 0x000000008bf00000| Untracked 
|  98|0x000000008c000000, 0x000000008c000000, 0x000000008c100000|  0%| F|  |TAMS 0x000000008c000000, 0x000000008c000000| Untracked 
|  99|0x000000008c100000, 0x000000008c100000, 0x000000008c200000|  0%| F|  |TAMS 0x000000008c100000, 0x000000008c100000| Untracked 
| 100|0x000000008c200000, 0x000000008c200000, 0x000000008c300000|  0%| F|  |TAMS 0x000000008c200000, 0x000000008c200000| Untracked 
| 101|0x000000008c300000, 0x000000008c300000, 0x000000008c400000|  0%| F|  |TAMS 0x000000008c300000, 0x000000008c300000| Untracked 
| 102|0x000000008c400000, 0x000000008c400000, 0x000000008c500000|  0%| F|  |TAMS 0x000000008c400000, 0x000000008c400000| Untracked 
| 103|0x000000008c500000, 0x000000008c500000, 0x000000008c600000|  0%| F|  |TAMS 0x000000008c500000, 0x000000008c500000| Untracked 
| 104|0x000000008c600000, 0x000000008c600000, 0x000000008c700000|  0%| F|  |TAMS 0x000000008c600000, 0x000000008c600000| Untracked 
| 105|0x000000008c700000, 0x000000008c700000, 0x000000008c800000|  0%| F|  |TAMS 0x000000008c700000, 0x000000008c700000| Untracked 
| 106|0x000000008c800000, 0x000000008c800000, 0x000000008c900000|  0%| F|  |TAMS 0x000000008c800000, 0x000000008c800000| Untracked 
| 107|0x000000008c900000, 0x000000008c900000, 0x000000008ca00000|  0%| F|  |TAMS 0x000000008c900000, 0x000000008c900000| Untracked 
| 108|0x000000008ca00000, 0x000000008ca00000, 0x000000008cb00000|  0%| F|  |TAMS 0x000000008ca00000, 0x000000008ca00000| Untracked 
| 109|0x000000008cb00000, 0x000000008cb00000, 0x000000008cc00000|  0%| F|  |TAMS 0x000000008cb00000, 0x000000008cb00000| Untracked 
| 110|0x000000008cc00000, 0x000000008cc00000, 0x000000008cd00000|  0%| F|  |TAMS 0x000000008cc00000, 0x000000008cc00000| Untracked 
| 111|0x000000008cd00000, 0x000000008cd00000, 0x000000008ce00000|  0%| F|  |TAMS 0x000000008cd00000, 0x000000008cd00000| Untracked 
| 112|0x000000008ce00000, 0x000000008ce00000, 0x000000008cf00000|  0%| F|  |TAMS 0x000000008ce00000, 0x000000008ce00000| Untracked 
| 113|0x000000008cf00000, 0x000000008cf00000, 0x000000008d000000|  0%| F|  |TAMS 0x000000008cf00000, 0x000000008cf00000| Untracked 
| 114|0x000000008d000000, 0x000000008d000000, 0x000000008d100000|  0%| F|  |TAMS 0x000000008d000000, 0x000000008d000000| Untracked 
| 115|0x000000008d100000, 0x000000008d100000, 0x000000008d200000|  0%| F|  |TAMS 0x000000008d100000, 0x000000008d100000| Untracked 
| 116|0x000000008d200000, 0x000000008d200000, 0x000000008d300000|  0%| F|  |TAMS 0x000000008d200000, 0x000000008d200000| Untracked 
| 117|0x000000008d300000, 0x000000008d300000, 0x000000008d400000|  0%| F|  |TAMS 0x000000008d300000, 0x000000008d300000| Untracked 
| 118|0x000000008d400000, 0x000000008d400000, 0x000000008d500000|  0%| F|  |TAMS 0x000000008d400000, 0x000000008d400000| Untracked 
| 119|0x000000008d500000, 0x000000008d500000, 0x000000008d600000|  0%| F|  |TAMS 0x000000008d500000, 0x000000008d500000| Untracked 
| 120|0x000000008d600000, 0x000000008d600000, 0x000000008d700000|  0%| F|  |TAMS 0x000000008d600000, 0x000000008d600000| Untracked 
| 121|0x000000008d700000, 0x000000008d700000, 0x000000008d800000|  0%| F|  |TAMS 0x000000008d700000, 0x000000008d700000| Untracked 
| 122|0x000000008d800000, 0x000000008d800000, 0x000000008d900000|  0%| F|  |TAMS 0x000000008d800000, 0x000000008d800000| Untracked 
| 123|0x000000008d900000, 0x000000008d900000, 0x000000008da00000|  0%| F|  |TAMS 0x000000008d900000, 0x000000008d900000| Untracked 
| 124|0x000000008da00000, 0x000000008da00000, 0x000000008db00000|  0%| F|  |TAMS 0x000000008da00000, 0x000000008da00000| Untracked 
| 125|0x000000008db00000, 0x000000008db00000, 0x000000008dc00000|  0%| F|  |TAMS 0x000000008db00000, 0x000000008db00000| Untracked 
| 126|0x000000008dc00000, 0x000000008dc00000, 0x000000008dd00000|  0%| F|  |TAMS 0x000000008dc00000, 0x000000008dc00000| Untracked 
| 127|0x000000008dd00000, 0x000000008dd00000, 0x000000008de00000|  0%| F|  |TAMS 0x000000008dd00000, 0x000000008dd00000| Untracked 
| 128|0x000000008de00000, 0x000000008de00000, 0x000000008df00000|  0%| F|  |TAMS 0x000000008de00000, 0x000000008de00000| Untracked 
| 129|0x000000008df00000, 0x000000008df00000, 0x000000008e000000|  0%| F|  |TAMS 0x000000008df00000, 0x000000008df00000| Untracked 
| 130|0x000000008e000000, 0x000000008e000000, 0x000000008e100000|  0%| F|  |TAMS 0x000000008e000000, 0x000000008e000000| Untracked 
| 131|0x000000008e100000, 0x000000008e100000, 0x000000008e200000|  0%| F|  |TAMS 0x000000008e100000, 0x000000008e100000| Untracked 
| 132|0x000000008e200000, 0x000000008e200000, 0x000000008e300000|  0%| F|  |TAMS 0x000000008e200000, 0x000000008e200000| Untracked 
| 133|0x000000008e300000, 0x000000008e300000, 0x000000008e400000|  0%| F|  |TAMS 0x000000008e300000, 0x000000008e300000| Untracked 
| 134|0x000000008e400000, 0x000000008e400000, 0x000000008e500000|  0%| F|  |TAMS 0x000000008e400000, 0x000000008e400000| Untracked 
| 135|0x000000008e500000, 0x000000008e500000, 0x000000008e600000|  0%| F|  |TAMS 0x000000008e500000, 0x000000008e500000| Untracked 
| 136|0x000000008e600000, 0x000000008e600000, 0x000000008e700000|  0%| F|  |TAMS 0x000000008e600000, 0x000000008e600000| Untracked 
| 137|0x000000008e700000, 0x000000008e700000, 0x000000008e800000|  0%| F|  |TAMS 0x000000008e700000, 0x000000008e700000| Untracked 
| 138|0x000000008e800000, 0x000000008e800000, 0x000000008e900000|  0%| F|  |TAMS 0x000000008e800000, 0x000000008e800000| Untracked 
| 139|0x000000008e900000, 0x000000008e900000, 0x000000008ea00000|  0%| F|  |TAMS 0x000000008e900000, 0x000000008e900000| Untracked 
| 140|0x000000008ea00000, 0x000000008ea00000, 0x000000008eb00000|  0%| F|  |TAMS 0x000000008ea00000, 0x000000008ea00000| Untracked 
| 141|0x000000008eb00000, 0x000000008eb00000, 0x000000008ec00000|  0%| F|  |TAMS 0x000000008eb00000, 0x000000008eb00000| Untracked 
| 142|0x000000008ec00000, 0x000000008ec00000, 0x000000008ed00000|  0%| F|  |TAMS 0x000000008ec00000, 0x000000008ec00000| Untracked 
| 143|0x000000008ed00000, 0x000000008ed00000, 0x000000008ee00000|  0%| F|  |TAMS 0x000000008ed00000, 0x000000008ed00000| Untracked 
| 144|0x000000008ee00000, 0x000000008ee00000, 0x000000008ef00000|  0%| F|  |TAMS 0x000000008ee00000, 0x000000008ee00000| Untracked 
| 145|0x000000008ef00000, 0x000000008ef00000, 0x000000008f000000|  0%| F|  |TAMS 0x000000008ef00000, 0x000000008ef00000| Untracked 
| 146|0x000000008f000000, 0x000000008f000000, 0x000000008f100000|  0%| F|  |TAMS 0x000000008f000000, 0x000000008f000000| Untracked 
| 147|0x000000008f100000, 0x000000008f100000, 0x000000008f200000|  0%| F|  |TAMS 0x000000008f100000, 0x000000008f100000| Untracked 
| 148|0x000000008f200000, 0x000000008f200000, 0x000000008f300000|  0%| F|  |TAMS 0x000000008f200000, 0x000000008f200000| Untracked 
| 149|0x000000008f300000, 0x000000008f300000, 0x000000008f400000|  0%| F|  |TAMS 0x000000008f300000, 0x000000008f300000| Untracked 
| 150|0x000000008f400000, 0x000000008f400000, 0x000000008f500000|  0%| F|  |TAMS 0x000000008f400000, 0x000000008f400000| Untracked 
| 151|0x000000008f500000, 0x000000008f500000, 0x000000008f600000|  0%| F|  |TAMS 0x000000008f500000, 0x000000008f500000| Untracked 
| 152|0x000000008f600000, 0x000000008f600000, 0x000000008f700000|  0%| F|  |TAMS 0x000000008f600000, 0x000000008f600000| Untracked 
| 153|0x000000008f700000, 0x000000008f700000, 0x000000008f800000|  0%| F|  |TAMS 0x000000008f700000, 0x000000008f700000| Untracked 
| 154|0x000000008f800000, 0x000000008f800000, 0x000000008f900000|  0%| F|  |TAMS 0x000000008f800000, 0x000000008f800000| Untracked 
| 155|0x000000008f900000, 0x000000008f900000, 0x000000008fa00000|  0%| F|  |TAMS 0x000000008f900000, 0x000000008f900000| Untracked 
| 156|0x000000008fa00000, 0x000000008fa00000, 0x000000008fb00000|  0%| F|  |TAMS 0x000000008fa00000, 0x000000008fa00000| Untracked 
| 157|0x000000008fb00000, 0x000000008fb00000, 0x000000008fc00000|  0%| F|  |TAMS 0x000000008fb00000, 0x000000008fb00000| Untracked 
| 158|0x000000008fc00000, 0x000000008fc00000, 0x000000008fd00000|  0%| F|  |TAMS 0x000000008fc00000, 0x000000008fc00000| Untracked 
| 159|0x000000008fd00000, 0x000000008fd00000, 0x000000008fe00000|  0%| F|  |TAMS 0x000000008fd00000, 0x000000008fd00000| Untracked 
| 160|0x000000008fe00000, 0x000000008fe00000, 0x000000008ff00000|  0%| F|  |TAMS 0x000000008fe00000, 0x000000008fe00000| Untracked 
| 161|0x000000008ff00000, 0x000000008ff00000, 0x0000000090000000|  0%| F|  |TAMS 0x000000008ff00000, 0x000000008ff00000| Untracked 
| 162|0x0000000090000000, 0x0000000090000000, 0x0000000090100000|  0%| F|  |TAMS 0x0000000090000000, 0x0000000090000000| Untracked 
| 163|0x0000000090100000, 0x0000000090100000, 0x0000000090200000|  0%| F|  |TAMS 0x0000000090100000, 0x0000000090100000| Untracked 
| 164|0x0000000090200000, 0x0000000090200000, 0x0000000090300000|  0%| F|  |TAMS 0x0000000090200000, 0x0000000090200000| Untracked 
| 165|0x0000000090300000, 0x0000000090300000, 0x0000000090400000|  0%| F|  |TAMS 0x0000000090300000, 0x0000000090300000| Untracked 
| 166|0x0000000090400000, 0x0000000090400000, 0x0000000090500000|  0%| F|  |TAMS 0x0000000090400000, 0x0000000090400000| Untracked 
| 167|0x0000000090500000, 0x0000000090500000, 0x0000000090600000|  0%| F|  |TAMS 0x0000000090500000, 0x0000000090500000| Untracked 
| 168|0x0000000090600000, 0x0000000090600000, 0x0000000090700000|  0%| F|  |TAMS 0x0000000090600000, 0x0000000090600000| Untracked 
| 169|0x0000000090700000, 0x0000000090700000, 0x0000000090800000|  0%| F|  |TAMS 0x0000000090700000, 0x0000000090700000| Untracked 
| 170|0x0000000090800000, 0x0000000090800000, 0x0000000090900000|  0%| F|  |TAMS 0x0000000090800000, 0x0000000090800000| Untracked 
| 171|0x0000000090900000, 0x0000000090900000, 0x0000000090a00000|  0%| F|  |TAMS 0x0000000090900000, 0x0000000090900000| Untracked 
| 172|0x0000000090a00000, 0x0000000090a00000, 0x0000000090b00000|  0%| F|  |TAMS 0x0000000090a00000, 0x0000000090a00000| Untracked 
| 173|0x0000000090b00000, 0x0000000090b00000, 0x0000000090c00000|  0%| F|  |TAMS 0x0000000090b00000, 0x0000000090b00000| Untracked 
| 174|0x0000000090c00000, 0x0000000090c00000, 0x0000000090d00000|  0%| F|  |TAMS 0x0000000090c00000, 0x0000000090c00000| Untracked 
| 175|0x0000000090d00000, 0x0000000090d00000, 0x0000000090e00000|  0%| F|  |TAMS 0x0000000090d00000, 0x0000000090d00000| Untracked 
| 176|0x0000000090e00000, 0x0000000090e00000, 0x0000000090f00000|  0%| F|  |TAMS 0x0000000090e00000, 0x0000000090e00000| Untracked 
| 177|0x0000000090f00000, 0x0000000090fa24f8, 0x0000000091000000| 63%| E|  |TAMS 0x0000000090f00000, 0x0000000090f00000| Complete 
| 178|0x0000000091000000, 0x0000000091100000, 0x0000000091100000|100%| E|CS|TAMS 0x0000000091000000, 0x0000000091000000| Complete 

Card table byte_map: [0x000002703f510000,0x000002703f8f0000] _byte_map_base: 0x000002703f0e1000

Marking Bits (Prev, Next): (CMBitMap*) 0x0000027027b73ea0, (CMBitMap*) 0x0000027027b73e68
 Prev Bits: [0x0000027041b60000, 0x00000270439e8000)
 Next Bits: [0x000002703fcd0000, 0x0000027041b58000)

Polling page: 0x0000027025980000

Metaspace:

Usage:
  Non-class:     63.30 MB capacity,    61.63 MB ( 97%) used,     1.48 MB (  2%) free+waste,   200.44 KB ( <1%) overhead. 
      Class:     10.16 MB capacity,     9.39 MB ( 92%) used,   686.78 KB (  7%) free+waste,   107.75 KB (  1%) overhead. 
       Both:     73.47 MB capacity,    71.02 MB ( 97%) used,     2.15 MB (  3%) free+waste,   308.19 KB ( <1%) overhead. 

Virtual space:
  Non-class space:       64.00 MB reserved,      63.50 MB (>99%) committed 
      Class space:        1.00 GB reserved,      10.25 MB (  1%) committed 
             Both:        1.06 GB reserved,      73.75 MB (  7%) committed 

Chunk freelists:
   Non-Class:  11.00 KB
       Class:  24.00 KB
        Both:  35.00 KB

MaxMetaspaceSize: 17179869184.00 GB
CompressedClassSpaceSize: 1.00 GB

CodeHeap 'non-profiled nmethods': size=120064Kb used=3655Kb max_used=3655Kb free=116408Kb
 bounds [0x0000027037bf0000, 0x0000027037f90000, 0x000002703f130000]
CodeHeap 'profiled nmethods': size=120000Kb used=14868Kb max_used=14868Kb free=105131Kb
 bounds [0x00000270306c0000, 0x0000027031550000, 0x0000027037bf0000]
CodeHeap 'non-nmethods': size=5696Kb used=1769Kb max_used=1801Kb free=3926Kb
 bounds [0x0000027030130000, 0x00000270303a0000, 0x00000270306c0000]
 total_blobs=10635 nmethods=6684 adapters=1348
 compilation: enabled
              stopped_count=0, restarted_count=0
 full_count=0

Compilation events (20 events):
Event: 14.047 Thread 0x0000027046782000 7207   !   3       java.nio.DirectIntBufferU::put (31 bytes)
Event: 14.047 Thread 0x0000027046782000 nmethod 7207 0x0000027031548d90 code [0x0000027031548f80, 0x0000027031549450]
Event: 14.048 Thread 0x0000027046782000 7210       3       java.lang.String::regionMatches (150 bytes)
Event: 14.049 Thread 0x0000027046782000 nmethod 7210 0x0000027031549710 code [0x0000027031549980, 0x000002703154a3b0]
Event: 14.049 Thread 0x0000027046782000 7211  s    3       sun.net.www.protocol.file.Handler::openConnection (7 bytes)
Event: 14.049 Thread 0x0000027046782000 nmethod 7211 0x000002703154a710 code [0x000002703154a8e0, 0x000002703154abf0]
Event: 14.049 Thread 0x0000027046782000 7212  s!   3       sun.net.www.protocol.file.Handler::openConnection (273 bytes)
Event: 14.050 Thread 0x000002704a7be000 nmethod 7194 0x0000027037f7b410 code [0x0000027037f7b5c0, 0x0000027037f7bfb8]
Event: 14.050 Thread 0x000002704a7be000 7195  s    4       java.util.Hashtable::put (104 bytes)
Event: 14.052 Thread 0x0000027046782000 nmethod 7212 0x000002703154ac90 code [0x000002703154b240, 0x000002703154dc90]
Event: 14.085 Thread 0x000002704677d800 nmethod 7189 0x0000027037f7c490 code [0x0000027037f7c7c0, 0x0000027037f7e860]
Event: 14.085 Thread 0x000002704677d800 7202       4       java.nio.DirectIntBufferU::ix (10 bytes)
Event: 14.085 Thread 0x000002704677d800 nmethod 7202 0x0000027037f7fa10 code [0x0000027037f7fba0, 0x0000027037f7fc18]
Event: 14.085 Thread 0x000002704677d800 7208       4       java.nio.Buffer::nextPutIndex (31 bytes)
Event: 14.085 Thread 0x000002704677d800 nmethod 7208 0x0000027037f7fc90 code [0x0000027037f7fe20, 0x0000027037f7feb8]
Event: 14.085 Thread 0x000002704677d800 7209       4       jdk.internal.misc.Unsafe::putInt (8 bytes)
Event: 14.086 Thread 0x000002704677d800 nmethod 7209 0x0000027037f7ff90 code [0x0000027037f80120, 0x0000027037f80198]
Event: 14.089 Thread 0x000002704677d800 7213       4       java.util.ArrayDeque::add (7 bytes)
Event: 14.092 Thread 0x000002704677d800 nmethod 7213 0x0000027037f80210 code [0x0000027037f803c0, 0x0000027037f805e8]
Event: 14.256 Thread 0x000002704a7be000 nmethod 7195 0x0000027037f80710 code [0x0000027037f80900, 0x0000027037f819c8]

GC Heap History (20 events):
Event: 2.497 GC heap before
{Heap before GC invocations=3 (full 0):
 garbage-first heap   total 126976K, used 44727K [0x0000000085e00000, 0x0000000100000000)
  region size 1024K, 32 young (32768K), 3 survivors (3072K)
 Metaspace       used 12624K, capacity 12865K, committed 13056K, reserved 1060864K
  class space    used 1168K, capacity 1218K, committed 1280K, reserved 1048576K
}
Event: 2.501 GC heap after
{Heap after GC invocations=4 (full 0):
 garbage-first heap   total 126976K, used 15417K [0x0000000085e00000, 0x0000000100000000)
  region size 1024K, 1 young (1024K), 1 survivors (1024K)
 Metaspace       used 12624K, capacity 12865K, committed 13056K, reserved 1060864K
  class space    used 1168K, capacity 1218K, committed 1280K, reserved 1048576K
}
Event: 3.038 GC heap before
{Heap before GC invocations=4 (full 0):
 garbage-first heap   total 126976K, used 59449K [0x0000000085e00000, 0x0000000100000000)
  region size 1024K, 44 young (45056K), 1 survivors (1024K)
 Metaspace       used 15021K, capacity 15201K, committed 15360K, reserved 1062912K
  class space    used 1459K, capacity 1506K, committed 1536K, reserved 1048576K
}
Event: 3.043 GC heap after
{Heap after GC invocations=5 (full 0):
 garbage-first heap   total 126976K, used 16493K [0x0000000085e00000, 0x0000000100000000)
  region size 1024K, 2 young (2048K), 2 survivors (2048K)
 Metaspace       used 15021K, capacity 15201K, committed 15360K, reserved 1062912K
  class space    used 1459K, capacity 1506K, committed 1536K, reserved 1048576K
}
Event: 4.183 GC heap before
{Heap before GC invocations=5 (full 0):
 garbage-first heap   total 126976K, used 57453K [0x0000000085e00000, 0x0000000100000000)
  region size 1024K, 43 young (44032K), 2 survivors (2048K)
 Metaspace       used 20931K, capacity 21173K, committed 21248K, reserved 1069056K
  class space    used 2172K, capacity 2280K, committed 2304K, reserved 1048576K
}
Event: 4.190 GC heap after
{Heap after GC invocations=6 (full 0):
 garbage-first heap   total 126976K, used 18898K [0x0000000085e00000, 0x0000000100000000)
  region size 1024K, 4 young (4096K), 4 survivors (4096K)
 Metaspace       used 20931K, capacity 21173K, committed 21248K, reserved 1069056K
  class space    used 2172K, capacity 2280K, committed 2304K, reserved 1048576K
}
Event: 5.569 GC heap before
{Heap before GC invocations=7 (full 0):
 garbage-first heap   total 126976K, used 76242K [0x0000000085e00000, 0x0000000100000000)
  region size 1024K, 60 young (61440K), 4 survivors (4096K)
 Metaspace       used 25597K, capacity 25889K, committed 26112K, reserved 1071104K
  class space    used 3430K, capacity 3530K, committed 3584K, reserved 1048576K
}
Event: 5.577 GC heap after
{Heap after GC invocations=8 (full 0):
 garbage-first heap   total 126976K, used 21785K [0x0000000085e00000, 0x0000000100000000)
  region size 1024K, 7 young (7168K), 7 survivors (7168K)
 Metaspace       used 25597K, capacity 25889K, committed 26112K, reserved 1071104K
  class space    used 3430K, capacity 3530K, committed 3584K, reserved 1048576K
}
Event: 6.395 GC heap before
{Heap before GC invocations=8 (full 0):
 garbage-first heap   total 126976K, used 82201K [0x0000000085e00000, 0x0000000100000000)
  region size 1024K, 66 young (67584K), 7 survivors (7168K)
 Metaspace       used 32517K, capacity 32926K, committed 33152K, reserved 1077248K
  class space    used 4789K, capacity 4932K, committed 4992K, reserved 1048576K
}
Event: 6.411 GC heap after
{Heap after GC invocations=9 (full 0):
 garbage-first heap   total 126976K, used 25118K [0x0000000085e00000, 0x0000000100000000)
  region size 1024K, 7 young (7168K), 7 survivors (7168K)
 Metaspace       used 32517K, capacity 32926K, committed 33152K, reserved 1077248K
  class space    used 4789K, capacity 4932K, committed 4992K, reserved 1048576K
}
Event: 6.727 GC heap before
{Heap before GC invocations=9 (full 0):
 garbage-first heap   total 126976K, used 42526K [0x0000000085e00000, 0x0000000100000000)
  region size 1024K, 25 young (25600K), 7 survivors (7168K)
 Metaspace       used 35358K, capacity 35767K, committed 35840K, reserved 1079296K
  class space    used 5298K, capacity 5452K, committed 5504K, reserved 1048576K
}
Event: 6.736 GC heap after
{Heap after GC invocations=10 (full 0):
 garbage-first heap   total 152576K, used 26430K [0x0000000085e00000, 0x0000000100000000)
  region size 1024K, 5 young (5120K), 5 survivors (5120K)
 Metaspace       used 35358K, capacity 35767K, committed 35840K, reserved 1079296K
  class space    used 5298K, capacity 5452K, committed 5504K, reserved 1048576K
}
Event: 8.605 GC heap before
{Heap before GC invocations=11 (full 0):
 garbage-first heap   total 152576K, used 126782K [0x0000000085e00000, 0x0000000100000000)
  region size 1024K, 76 young (77824K), 5 survivors (5120K)
 Metaspace       used 51176K, capacity 51885K, committed 52096K, reserved 1093632K
  class space    used 7160K, capacity 7474K, committed 7552K, reserved 1048576K
}
Event: 8.617 GC heap after
{Heap after GC invocations=12 (full 0):
 garbage-first heap   total 152576K, used 30858K [0x0000000085e00000, 0x0000000100000000)
  region size 1024K, 9 young (9216K), 9 survivors (9216K)
 Metaspace       used 51176K, capacity 51885K, committed 52096K, reserved 1093632K
  class space    used 7160K, capacity 7474K, committed 7552K, reserved 1048576K
}
Event: 9.889 GC heap before
{Heap before GC invocations=13 (full 0):
 garbage-first heap   total 152576K, used 109706K [0x0000000085e00000, 0x0000000100000000)
  region size 1024K, 86 young (88064K), 9 survivors (9216K)
 Metaspace       used 57747K, capacity 58548K, committed 58624K, reserved 1099776K
  class space    used 7832K, capacity 8160K, committed 8192K, reserved 1048576K
}
Event: 9.904 GC heap after
{Heap after GC invocations=14 (full 0):
 garbage-first heap   total 152576K, used 34232K [0x0000000085e00000, 0x0000000100000000)
  region size 1024K, 9 young (9216K), 9 survivors (9216K)
 Metaspace       used 57747K, capacity 58548K, committed 58624K, reserved 1099776K
  class space    used 7832K, capacity 8160K, committed 8192K, reserved 1048576K
}
Event: 12.112 GC heap before
{Heap before GC invocations=14 (full 0):
 garbage-first heap   total 152576K, used 112056K [0x0000000085e00000, 0x0000000100000000)
  region size 1024K, 86 young (88064K), 9 survivors (9216K)
 Metaspace       used 66551K, capacity 67737K, committed 67840K, reserved 1107968K
  class space    used 8888K, capacity 9450K, committed 9472K, reserved 1048576K
}
Event: 12.144 GC heap after
{Heap after GC invocations=15 (full 0):
 garbage-first heap   total 152576K, used 54712K [0x0000000085e00000, 0x0000000100000000)
  region size 1024K, 11 young (11264K), 11 survivors (11264K)
 Metaspace       used 66551K, capacity 67737K, committed 67840K, reserved 1107968K
  class space    used 8888K, capacity 9450K, committed 9472K, reserved 1048576K
}
Event: 14.060 GC heap before
{Heap before GC invocations=15 (full 0):
 garbage-first heap   total 152576K, used 107960K [0x0000000085e00000, 0x0000000100000000)
  region size 1024K, 63 young (64512K), 11 survivors (11264K)
 Metaspace       used 72662K, capacity 75133K, committed 75264K, reserved 1114112K
  class space    used 9605K, capacity 10376K, committed 10496K, reserved 1048576K
}
Event: 14.083 GC heap after
{Heap after GC invocations=16 (full 0):
 garbage-first heap   total 183296K, used 59392K [0x0000000085e00000, 0x0000000100000000)
  region size 1024K, 5 young (5120K), 5 survivors (5120K)
 Metaspace       used 72662K, capacity 75133K, committed 75264K, reserved 1114112K
  class space    used 9605K, capacity 10376K, committed 10496K, reserved 1048576K
}

Deoptimization events (20 events):
Event: 14.035 Thread 0x0000027027b33800 Uncommon trap: trap_request=0xffffff4d fr.pc=0x0000027037cc3cfc relative=0x00000000000005bc
Event: 14.035 Thread 0x0000027027b33800 Uncommon trap: reason=unstable_if action=reinterpret pc=0x0000027037cc3cfc method=java.lang.StringLatin1.regionMatchesCI([BI[BII)Z @ 66 c2
Event: 14.035 Thread 0x0000027027b33800 DEOPT PACKING pc=0x0000027037cc3cfc sp=0x00000074285fcbc0
Event: 14.035 Thread 0x0000027027b33800 DEOPT UNPACKING pc=0x0000027030158f2f sp=0x00000074285fcac0 mode 2
Event: 14.083 Thread 0x0000027046a15800 Uncommon trap: trap_request=0xffffffde fr.pc=0x0000027037c3fe94 relative=0x0000000000000894
Event: 14.083 Thread 0x0000027046a15800 Uncommon trap: reason=class_check action=maybe_recompile pc=0x0000027037c3fe94 method=jdk.internal.ref.PhantomCleanable.clean()V @ 12 c2
Event: 14.083 Thread 0x0000027046a15800 DEOPT PACKING pc=0x0000027037c3fe94 sp=0x00000074293feda0
Event: 14.083 Thread 0x0000027046a15800 DEOPT UNPACKING pc=0x0000027030158f2f sp=0x00000074293feda0 mode 2
Event: 14.083 Thread 0x0000027046a15800 Uncommon trap: trap_request=0xffffffde fr.pc=0x0000027037c3fe94 relative=0x0000000000000894
Event: 14.083 Thread 0x0000027046a15800 Uncommon trap: reason=class_check action=maybe_recompile pc=0x0000027037c3fe94 method=jdk.internal.ref.PhantomCleanable.clean()V @ 12 c2
Event: 14.083 Thread 0x0000027046a15800 DEOPT PACKING pc=0x0000027037c3fe94 sp=0x00000074293feda0
Event: 14.083 Thread 0x0000027046a15800 DEOPT UNPACKING pc=0x0000027030158f2f sp=0x00000074293feda0 mode 2
Event: 14.083 Thread 0x0000027046a15800 Uncommon trap: trap_request=0xffffffde fr.pc=0x0000027037c3fe94 relative=0x0000000000000894
Event: 14.083 Thread 0x0000027046a15800 Uncommon trap: reason=class_check action=maybe_recompile pc=0x0000027037c3fe94 method=jdk.internal.ref.PhantomCleanable.clean()V @ 12 c2
Event: 14.083 Thread 0x0000027046a15800 DEOPT PACKING pc=0x0000027037c3fe94 sp=0x00000074293feda0
Event: 14.083 Thread 0x0000027046a15800 DEOPT UNPACKING pc=0x0000027030158f2f sp=0x00000074293feda0 mode 2
Event: 14.083 Thread 0x0000027046a15800 Uncommon trap: trap_request=0xffffffde fr.pc=0x0000027037c3fe94 relative=0x0000000000000894
Event: 14.083 Thread 0x0000027046a15800 Uncommon trap: reason=class_check action=maybe_recompile pc=0x0000027037c3fe94 method=jdk.internal.ref.PhantomCleanable.clean()V @ 12 c2
Event: 14.083 Thread 0x0000027046a15800 DEOPT PACKING pc=0x0000027037c3fe94 sp=0x00000074293feda0
Event: 14.083 Thread 0x0000027046a15800 DEOPT UNPACKING pc=0x0000027030158f2f sp=0x00000074293feda0 mode 2

Classes redefined (0 events):
No events

Internal exceptions (20 events):
Event: 13.326 Thread 0x0000027027b33800 Exception <a 'java/lang/IncompatibleClassChangeError'{0x000000008da994b8}: Found class java.lang.Object, but interface was expected> (0x000000008da994b8) thrown at [c:/cygwin64/tmp/openjdk-jdk11u-windows-x64-hotspot/workspace/build/src/src/hotspot/share/i
Event: 13.326 Thread 0x0000027027b33800 Exception <a 'java/lang/NoSuchMethodError'{0x000000008da9a6e8}: 'void java.lang.invoke.DirectMethodHandle$Holder.invokeVirtual(java.lang.Object, java.lang.Object)'> (0x000000008da9a6e8) thrown at [c:/cygwin64/tmp/openjdk-jdk11u-windows-x64-hotspot/workspa
Event: 13.650 Thread 0x0000027027b33800 Exception <a 'java/lang/reflect/InvocationTargetException'{0x000000008cd416c8}> (0x000000008cd416c8) thrown at [c:/cygwin64/tmp/openjdk-jdk11u-windows-x64-hotspot/workspace/build/src/src/hotspot/share/runtime/reflection.cpp, line 1246]
Event: 13.650 Thread 0x0000027027b33800 Exception <a 'java/lang/IllegalArgumentException'{0x000000008cd41110}> (0x000000008cd41110) thrown at [c:/cygwin64/tmp/openjdk-jdk11u-windows-x64-hotspot/workspace/build/src/src/hotspot/share/prims/jni.cpp, line 615]
Event: 13.711 Thread 0x0000027027b33800 Exception <a 'java/lang/NoSuchMethodError'{0x000000008ca17fa8}: 'void java.lang.invoke.DirectMethodHandle$Holder.invokeSpecial(java.lang.Object, java.lang.Object, java.lang.Object, int)'> (0x000000008ca17fa8) thrown at [c:/cygwin64/tmp/openjdk-jdk11u-wind
Event: 13.712 Thread 0x0000027027b33800 Exception <a 'java/lang/NoSuchMethodError'{0x000000008ca1b118}: 'void java.lang.invoke.Invokers$Holder.exactInvoker(java.lang.Object, java.lang.Object, java.lang.Object, int)'> (0x000000008ca1b118) thrown at [c:/cygwin64/tmp/openjdk-jdk11u-windows-x64-hot
Event: 13.712 Thread 0x0000027027b33800 Exception <a 'java/lang/NoSuchMethodError'{0x000000008ca1e678}: 'void java.lang.invoke.DelegatingMethodHandle$Holder.delegate(java.lang.Object, java.lang.Object, java.lang.Object, int)'> (0x000000008ca1e678) thrown at [c:/cygwin64/tmp/openjdk-jdk11u-windo
Event: 13.712 Thread 0x0000027027b33800 Exception <a 'java/lang/NoSuchMethodError'{0x000000008ca283a0}: 'void java.lang.invoke.Invokers$Holder.linkToCallSite(java.lang.Object, int, java.lang.Object)'> (0x000000008ca283a0) thrown at [c:/cygwin64/tmp/openjdk-jdk11u-windows-x64-hotspot/workspace/b
Event: 13.714 Thread 0x0000027027b33800 Exception <a 'java/lang/NoSuchMethodError'{0x000000008ca41130}: 'java.lang.Object java.lang.invoke.DirectMethodHandle$Holder.invokeStatic(java.lang.Object, java.lang.Object, java.lang.Object, java.lang.Object, java.lang.Object, int, java.lang.Object, java
Event: 13.720 Thread 0x0000027027b33800 Exception <a 'java/lang/NoSuchMethodError'{0x000000008caa5bb0}: 'java.lang.Object java.lang.invoke.Invokers$Holder.linkToCallSite(java.lang.Object, int, java.lang.Object)'> (0x000000008caa5bb0) thrown at [c:/cygwin64/tmp/openjdk-jdk11u-windows-x64-hotspot
Event: 13.731 Thread 0x0000027027b33800 Exception <a 'java/lang/NoSuchMethodError'{0x000000008c918da0}: 'void java.lang.invoke.DirectMethodHandle$Holder.invokeVirtual(java.lang.Object, java.lang.Object, float)'> (0x000000008c918da0) thrown at [c:/cygwin64/tmp/openjdk-jdk11u-windows-x64-hotspot/
Event: 13.735 Thread 0x0000027027b33800 Exception <a 'java/lang/NoSuchMethodError'{0x000000008c92bfd8}: 'void java.lang.invoke.DirectMethodHandle$Holder.invokeVirtual(java.lang.Object, java.lang.Object, int)'> (0x000000008c92bfd8) thrown at [c:/cygwin64/tmp/openjdk-jdk11u-windows-x64-hotspot/wo
Event: 13.736 Thread 0x0000027027b33800 Exception <a 'java/lang/NoSuchMethodError'{0x000000008c934908}: 'float java.lang.invoke.DirectMethodHandle$Holder.invokeVirtual(java.lang.Object, java.lang.Object)'> (0x000000008c934908) thrown at [c:/cygwin64/tmp/openjdk-jdk11u-windows-x64-hotspot/worksp
Event: 13.736 Thread 0x0000027027b33800 Exception <a 'java/lang/NoSuchMethodError'{0x000000008c938318}: 'float java.lang.invoke.DirectMethodHandle$Holder.invokeInterface(java.lang.Object, java.lang.Object)'> (0x000000008c938318) thrown at [c:/cygwin64/tmp/openjdk-jdk11u-windows-x64-hotspot/work
Event: 13.737 Thread 0x0000027027b33800 Exception <a 'java/lang/NoSuchMethodError'{0x000000008c940de0}: 'void java.lang.invoke.DirectMethodHandle$Holder.invokeSpecial(java.lang.Object, java.lang.Object, int)'> (0x000000008c940de0) thrown at [c:/cygwin64/tmp/openjdk-jdk11u-windows-x64-hotspot/wo
Event: 13.737 Thread 0x0000027027b33800 Exception <a 'java/lang/NoSuchMethodError'{0x000000008c944a40}: 'long java.lang.invoke.DirectMethodHandle$Holder.invokeSpecial(java.lang.Object, java.lang.Object)'> (0x000000008c944a40) thrown at [c:/cygwin64/tmp/openjdk-jdk11u-windows-x64-hotspot/workspa
Event: 13.747 Thread 0x0000027027b33800 Exception <a 'java/lang/NoSuchMethodError'{0x000000008c9b6050}: 'int java.lang.invoke.Invokers$Holder.linkToCallSite(java.lang.Object, int, java.lang.Object)'> (0x000000008c9b6050) thrown at [c:/cygwin64/tmp/openjdk-jdk11u-windows-x64-hotspot/workspace/bu
Event: 13.747 Thread 0x0000027027b33800 Exception <a 'java/lang/NoSuchMethodError'{0x000000008c9b94c0}: 'int java.lang.invoke.DirectMethodHandle$Holder.invokeVirtual(java.lang.Object, java.lang.Object, int, int)'> (0x000000008c9b94c0) thrown at [c:/cygwin64/tmp/openjdk-jdk11u-windows-x64-hotspo
Event: 13.748 Thread 0x0000027027b33800 Exception <a 'java/lang/NoSuchMethodError'{0x000000008c9bcb50}: 'int java.lang.invoke.DirectMethodHandle$Holder.invokeSpecial(java.lang.Object, java.lang.Object, java.lang.Object, int, int)'> (0x000000008c9bcb50) thrown at [c:/cygwin64/tmp/openjdk-jdk11u-
Event: 13.801 Thread 0x0000027027b33800 Exception <a 'java/lang/NoSuchMethodError'{0x000000008c647f78}: 'void java.lang.invoke.DirectMethodHandle$Holder.invokeVirtual(java.lang.Object, java.lang.Object, int, int)'> (0x000000008c647f78) thrown at [c:/cygwin64/tmp/openjdk-jdk11u-windows-x64-hotsp

Events (20 events):
Event: 14.085 loading class kotlin/collections/LongIterator
Event: 14.085 loading class kotlin/collections/LongIterator done
Event: 14.086 loading class graphics/scenery/spirvcrossj/BufferRange
Event: 14.086 loading class graphics/scenery/spirvcrossj/BufferRange done
Event: 14.087 loading class graphics/scenery/backends/vulkan/VulkanShaderModule$UBOMemberSpec
Event: 14.087 loading class graphics/scenery/backends/vulkan/VulkanShaderModule$UBOMemberSpec done
Event: 14.087 loading class graphics/scenery/backends/vulkan/VulkanShaderModule$$special$$inlined$sortedBy$1
Event: 14.087 loading class graphics/scenery/backends/vulkan/VulkanShaderModule$$special$$inlined$sortedBy$1 done
Event: 14.088 loading class kotlin/comparisons/ComparisonsKt
Event: 14.088 loading class kotlin/comparisons/ComparisonsKt done
Event: 14.088 loading class kotlin/comparisons/ComparisonsKt___ComparisonsKt
Event: 14.088 loading class kotlin/comparisons/ComparisonsKt___ComparisonsKt done
Event: 14.089 loading class kotlin/comparisons/ComparisonsKt___ComparisonsJvmKt
Event: 14.089 loading class kotlin/comparisons/ComparisonsKt___ComparisonsJvmKt done
Event: 14.090 loading class kotlin/comparisons/ComparisonsKt__ComparisonsKt
Event: 14.090 loading class kotlin/comparisons/ComparisonsKt__ComparisonsKt done
Event: 14.091 loading class graphics/scenery/backends/vulkan/VulkanShaderModule$UBOSpec
Event: 14.091 loading class graphics/scenery/backends/vulkan/VulkanShaderModule$UBOSpec done
Event: 14.092 loading class graphics/scenery/backends/vulkan/VulkanShaderModule$UBOSpecType
Event: 14.092 loading class graphics/scenery/backends/vulkan/VulkanShaderModule$UBOSpecType done


Dynamic libraries:
0x00007ff603690000 - 0x00007ff60369d000 	C:\Program Files\AdoptOpenJDK\jdk-11.0.5.10-hotspot\bin\java.exe
0x00007ffaed800000 - 0x00007ffaed9f0000 	C:\WINDOWS\SYSTEM32\ntdll.dll
0x00007ffaebca0000 - 0x00007ffaebd52000 	C:\WINDOWS\System32\KERNEL32.DLL
0x00007ffaeaa60000 - 0x00007ffaead03000 	C:\WINDOWS\System32\KERNELBASE.dll
0x00007ffaea790000 - 0x00007ffaea88a000 	C:\WINDOWS\System32\ucrtbase.dll
0x00007ffac7ed0000 - 0x00007ffac7ee7000 	C:\Program Files\AdoptOpenJDK\jdk-11.0.5.10-hotspot\bin\jli.dll
0x00007ffaecb70000 - 0x00007ffaecd04000 	C:\WINDOWS\System32\USER32.dll
0x00007ffaeae10000 - 0x00007ffaeae31000 	C:\WINDOWS\System32\win32u.dll
0x00007ffaec910000 - 0x00007ffaec936000 	C:\WINDOWS\System32\GDI32.dll
0x00007ffaeb710000 - 0x00007ffaeb8a4000 	C:\WINDOWS\System32\gdi32full.dll
0x00007ffaeb5f0000 - 0x00007ffaeb68e000 	C:\WINDOWS\System32\msvcp_win.dll
0x00007ffac7740000 - 0x00007ffac7756000 	C:\Program Files\AdoptOpenJDK\jdk-11.0.5.10-hotspot\bin\VCRUNTIME140.dll
0x00007ffad9420000 - 0x00007ffad96a5000 	C:\WINDOWS\WinSxS\amd64_microsoft.windows.common-controls_6595b64144ccf1df_6.0.18362.720_none_e6beb5c51314836b\COMCTL32.dll
0x00007ffaec1c0000 - 0x00007ffaec25e000 	C:\WINDOWS\System32\msvcrt.dll
0x00007ffaeb8b0000 - 0x00007ffaebbe6000 	C:\WINDOWS\System32\combase.dll
0x00007ffaece30000 - 0x00007ffaecf50000 	C:\WINDOWS\System32\RPCRT4.dll
0x00007ffaeb690000 - 0x00007ffaeb710000 	C:\WINDOWS\System32\bcryptPrimitives.dll
0x00007ffaed770000 - 0x00007ffaed79e000 	C:\WINDOWS\System32\IMM32.DLL
0x00007ffabe0e0000 - 0x00007ffabe17b000 	C:\Program Files\AdoptOpenJDK\jdk-11.0.5.10-hotspot\bin\msvcp140.dll
0x00007ffa86810000 - 0x00007ffa872ca000 	C:\Program Files\AdoptOpenJDK\jdk-11.0.5.10-hotspot\bin\server\jvm.dll
0x00007ffaebbf0000 - 0x00007ffaebc93000 	C:\WINDOWS\System32\ADVAPI32.dll
0x00007ffaecd10000 - 0x00007ffaecda7000 	C:\WINDOWS\System32\sechost.dll
0x00007ffaec940000 - 0x00007ffaec948000 	C:\WINDOWS\System32\PSAPI.DLL
0x00007ffae4630000 - 0x00007ffae4639000 	C:\WINDOWS\SYSTEM32\WSOCK32.dll
0x00007ffaec950000 - 0x00007ffaec9bf000 	C:\WINDOWS\System32\WS2_32.dll
0x00007ffae8440000 - 0x00007ffae8464000 	C:\WINDOWS\SYSTEM32\WINMM.dll
0x00007ffae2b20000 - 0x00007ffae2b2a000 	C:\WINDOWS\SYSTEM32\VERSION.dll
0x00007ffae8410000 - 0x00007ffae843d000 	C:\WINDOWS\SYSTEM32\WINMMBASE.dll
0x00007ffaead10000 - 0x00007ffaead5a000 	C:\WINDOWS\System32\cfgmgr32.dll
0x00007ffaea6d0000 - 0x00007ffaea6e1000 	C:\WINDOWS\System32\kernel.appcore.dll
0x00007ffadb450000 - 0x00007ffadb460000 	C:\Program Files\AdoptOpenJDK\jdk-11.0.5.10-hotspot\bin\verify.dll
0x00007ffae90a0000 - 0x00007ffae9294000 	C:\WINDOWS\SYSTEM32\DBGHELP.DLL
0x00007ffae0180000 - 0x00007ffae01aa000 	C:\WINDOWS\SYSTEM32\dbgcore.DLL
0x00007ffac7600000 - 0x00007ffac7628000 	C:\Program Files\AdoptOpenJDK\jdk-11.0.5.10-hotspot\bin\java.dll
0x00007ffae8480000 - 0x00007ffae848e000 	C:\Program Files\AdoptOpenJDK\jdk-11.0.5.10-hotspot\bin\instrument.dll
0x00007ffac7720000 - 0x00007ffac7736000 	C:\Program Files\AdoptOpenJDK\jdk-11.0.5.10-hotspot\bin\zip.dll
0x00007ffad90f0000 - 0x00007ffad90fa000 	C:\Program Files\AdoptOpenJDK\jdk-11.0.5.10-hotspot\bin\jimage.dll
0x00007ffaed080000 - 0x00007ffaed765000 	C:\WINDOWS\System32\SHELL32.dll
0x00007ffaebd60000 - 0x00007ffaebe09000 	C:\WINDOWS\System32\shcore.dll
0x00007ffaeae70000 - 0x00007ffaeb5f0000 	C:\WINDOWS\System32\windows.storage.dll
0x00007ffaea6f0000 - 0x00007ffaea713000 	C:\WINDOWS\System32\profapi.dll
0x00007ffaea740000 - 0x00007ffaea78a000 	C:\WINDOWS\System32\powrprof.dll
0x00007ffaea6c0000 - 0x00007ffaea6d0000 	C:\WINDOWS\System32\UMPDC.dll
0x00007ffaec8a0000 - 0x00007ffaec8f2000 	C:\WINDOWS\System32\shlwapi.dll
0x00007ffaea8f0000 - 0x00007ffaea907000 	C:\WINDOWS\System32\cryptsp.dll
0x00007ffac3490000 - 0x00007ffac34a9000 	C:\Program Files\AdoptOpenJDK\jdk-11.0.5.10-hotspot\bin\net.dll
0x00007ffadba00000 - 0x00007ffadbaf1000 	C:\WINDOWS\SYSTEM32\WINHTTP.dll
0x00007ffae9ed0000 - 0x00007ffae9f37000 	C:\WINDOWS\system32\mswsock.dll
0x00007ffac2c90000 - 0x00007ffac2ca2000 	C:\Program Files\AdoptOpenJDK\jdk-11.0.5.10-hotspot\bin\nio.dll
0x00007ffae0d70000 - 0x00007ffae0d8a000 	C:\Program Files\JetBrains\IntelliJ IDEA 2019.2.3\bin\breakgen64.dll
0x00007ffae9a40000 - 0x00007ffae9a73000 	C:\WINDOWS\system32\rsaenh.dll
0x00007ffaeae40000 - 0x00007ffaeae66000 	C:\WINDOWS\System32\bcrypt.dll
0x00007ffaea5e0000 - 0x00007ffaea605000 	C:\WINDOWS\SYSTEM32\USERENV.dll
0x00007ffaea0a0000 - 0x00007ffaea0ac000 	C:\WINDOWS\SYSTEM32\CRYPTBASE.dll
0x00007ffae9be0000 - 0x00007ffae9c1a000 	C:\WINDOWS\SYSTEM32\IPHLPAPI.DLL
0x00007ffaec900000 - 0x00007ffaec908000 	C:\WINDOWS\System32\NSI.dll
0x00007ffae0160000 - 0x00007ffae0176000 	C:\WINDOWS\SYSTEM32\dhcpcsvc6.DLL
0x00007ffae1b50000 - 0x00007ffae1b6c000 	C:\WINDOWS\SYSTEM32\dhcpcsvc.DLL
0x00007ffae9c20000 - 0x00007ffae9cea000 	C:\WINDOWS\SYSTEM32\DNSAPI.dll
0x00007ffad70a0000 - 0x00007ffad70a9000 	C:\Program Files\AdoptOpenJDK\jdk-11.0.5.10-hotspot\bin\management.dll
0x00007ffad6780000 - 0x00007ffad678b000 	C:\Program Files\AdoptOpenJDK\jdk-11.0.5.10-hotspot\bin\management_ext.dll
0x00007ffac3280000 - 0x00007ffac3296000 	C:\WINDOWS\system32\napinsp.dll
0x00007ffac0fb0000 - 0x00007ffac0fca000 	C:\WINDOWS\system32\pnrpnsp.dll
0x00007ffaddbd0000 - 0x00007ffaddbde000 	C:\WINDOWS\System32\winrnr.dll
0x00007ffae2200000 - 0x00007ffae221c000 	C:\WINDOWS\system32\NLAapi.dll
0x00007ffae5a50000 - 0x00007ffae5a65000 	C:\WINDOWS\system32\wshbth.dll
0x00007ffae1740000 - 0x00007ffae174a000 	C:\Windows\System32\rasadhlp.dll
0x00007ffae00e0000 - 0x00007ffae0157000 	C:\WINDOWS\System32\fwpuclnt.dll
0x00007ffae2ff0000 - 0x00007ffae2ff9000 	C:\Program Files\AdoptOpenJDK\jdk-11.0.5.10-hotspot\bin\prefs.dll
0x00007ffaae100000 - 0x00007ffaae299000 	C:\Program Files\AdoptOpenJDK\jdk-11.0.5.10-hotspot\bin\awt.dll
0x00007ffaec0f0000 - 0x00007ffaec1b4000 	C:\WINDOWS\System32\OLEAUT32.dll
0x00007ffae6e90000 - 0x00007ffae7450000 	C:\WINDOWS\SYSTEM32\d2d1.dll
0x00007ffae8590000 - 0x00007ffae861f000 	C:\WINDOWS\SYSTEM32\apphelp.dll
0x00007ffae8cd0000 - 0x00007ffae8cfd000 	C:\WINDOWS\system32\DWMAPI.DLL
0x00007ffae86e0000 - 0x00007ffae8779000 	C:\WINDOWS\system32\uxtheme.dll
0x00007ffab5af0000 - 0x00007ffab5c46000 	C:\WINDOWS\system32\opengl32.dll
0x00007ffab7b00000 - 0x00007ffab7b2c000 	C:\WINDOWS\SYSTEM32\GLU32.dll
0x00007ffae9310000 - 0x00007ffae9330000 	C:\WINDOWS\SYSTEM32\dxcore.dll
0x00007ffaec260000 - 0x00007ffaec396000 	C:\WINDOWS\System32\MSCTF.dll
0x00007ffaebec0000 - 0x00007ffaec017000 	C:\WINDOWS\System32\ole32.dll
0x00007ffab6730000 - 0x00007ffab68f7000 	C:\WINDOWS\system32\d3d9.dll
0x00007ffae1150000 - 0x00007ffae132b000 	C:\WINDOWS\System32\DriverStore\FileRepository\u0347247.inf_amd64_b64920149a076a52\B347036\aticfx64.dll
0x00007ffab2ec0000 - 0x00007ffab2ef1000 	C:\WINDOWS\System32\DriverStore\FileRepository\u0347247.inf_amd64_b64920149a076a52\B347036\atiu9p64.dll
0x00007ffab15d0000 - 0x00007ffab2253000 	C:\WINDOWS\System32\DriverStore\FileRepository\u0347247.inf_amd64_b64920149a076a52\B347036\atiumd64.dll
0x000000005f190000 - 0x000000005fe3f000 	C:\WINDOWS\System32\DriverStore\FileRepository\u0347247.inf_amd64_b64920149a076a52\B347036\atiumd6a.dll
0x000000005e4c0000 - 0x000000005f184000 	C:\WINDOWS\System32\DriverStore\FileRepository\u0347247.inf_amd64_b64920149a076a52\B347036\atiumd6t.dll
0x00007ffae4ba0000 - 0x00007ffae4bcb000 	C:\WINDOWS\SYSTEM32\amdihk64.dll
0x00007ffac5a80000 - 0x00007ffac5b02000 	C:\Program Files\AdoptOpenJDK\jdk-11.0.5.10-hotspot\bin\freetype.dll
0x00007ffabd570000 - 0x00007ffabd616000 	C:\Program Files\AdoptOpenJDK\jdk-11.0.5.10-hotspot\bin\fontmanager.dll
0x00007ffaebe10000 - 0x00007ffaebeb2000 	C:\WINDOWS\System32\clbcatq.dll
0x00007ffae5ba0000 - 0x00007ffae5d4f000 	C:\WINDOWS\SYSTEM32\WindowsCodecs.dll
0x00007ffade990000 - 0x00007ffade9ca000 	C:\WINDOWS\system32\dataexchange.dll
0x00007ffae7450000 - 0x00007ffae76ab000 	C:\WINDOWS\system32\d3d11.dll
0x00007ffae93a0000 - 0x00007ffae948b000 	C:\WINDOWS\system32\dxgi.dll
0x00007ffae7c80000 - 0x00007ffae7e5b000 	C:\WINDOWS\system32\dcomp.dll
0x00007ffae87a0000 - 0x00007ffae89fa000 	C:\WINDOWS\system32\twinapi.appcore.dll
0x00007ffae8b00000 - 0x00007ffae8b29000 	C:\WINDOWS\system32\RMCLIENT.dll
0x00007ffa85ae0000 - 0x00007ffa86807000 	C:\Users\justi\AppData\Local\Temp\spirvcrossj-natives-tmp5914296863552789335\spirvcrossj.dll
0x00007ffac2b80000 - 0x00007ffac2be4000 	C:\Users\justi\AppData\Local\Temp\lwjgljusti\3.2.3-build-13\lwjgl.dll
0x00007ffaadea0000 - 0x00007ffaae0f3000 	C:\Users\justi\AppData\Local\Temp\lwjgljusti\3.2.3-build-13\jemalloc.dll
0x00007ffac14a0000 - 0x00007ffac1502000 	C:\Users\justi\AppData\Local\Temp\lwjgljusti\3.2.3-build-13\glfw.dll
0x00007ffac58e0000 - 0x00007ffac5923000 	C:\WINDOWS\SYSTEM32\dinput8.dll
0x00007ffae2aa0000 - 0x00007ffae2ab1000 	C:\WINDOWS\SYSTEM32\xinput1_4.dll
0x00007ffaea460000 - 0x00007ffaea48a000 	C:\WINDOWS\SYSTEM32\DEVOBJ.dll
0x00007ffadec80000 - 0x00007ffaded9a000 	C:\WINDOWS\SYSTEM32\inputhost.dll
0x00007ffae7e60000 - 0x00007ffae7f34000 	C:\WINDOWS\SYSTEM32\CoreMessaging.dll
0x00007ffae63c0000 - 0x00007ffae66ea000 	C:\WINDOWS\SYSTEM32\CoreUIComponents.dll
0x00007ffae6d20000 - 0x00007ffae6e0f000 	C:\WINDOWS\SYSTEM32\PROPSYS.dll
0x00007ffae6130000 - 0x00007ffae6283000 	C:\WINDOWS\SYSTEM32\wintypes.dll
0x00007ffae9700000 - 0x00007ffae9731000 	C:\WINDOWS\SYSTEM32\ntmarta.dll
0x00007ffae8f70000 - 0x00007ffae8f7e000 	C:\WINDOWS\SYSTEM32\HID.DLL
0x00007ffaec420000 - 0x00007ffaec890000 	C:\WINDOWS\System32\SETUPAPI.DLL
0x00007ffaea890000 - 0x00007ffaea8ec000 	C:\WINDOWS\System32\WINTRUST.dll
0x00007ffaea720000 - 0x00007ffaea732000 	C:\WINDOWS\System32\MSASN1.dll
0x00007ffaea910000 - 0x00007ffaeaa59000 	C:\WINDOWS\System32\CRYPT32.dll
0x00007ffaacb60000 - 0x00007ffaacc6a000 	C:\WINDOWS\SYSTEM32\vulkan-1.dll
0x00007ffa84a70000 - 0x00007ffa85ad3000 	C:\WINDOWS\System32\DriverStore\FileRepository\u0347247.inf_amd64_b64920149a076a52\B347036\amdvlk64.dll
0x00007ffadf3d0000 - 0x00007ffadf46e000 	C:\WINDOWS\System32\TextInputFramework.dll
0x00007ffadd130000 - 0x00007ffadd3d6000 	C:\WINDOWS\System32\iertutil.dll
0x00007ffadcc30000 - 0x00007ffadcc55000 	C:\Users\justi\AppData\Local\Temp\scenery-natives-tmp7845225327167403768\jinput-dx8_64.dll
0x00007ffac5740000 - 0x00007ffac5766000 	C:\Users\justi\AppData\Local\Temp\scenery-natives-tmp7845225327167403768\jinput-raw_64.dll

dbghelp: loaded successfully - version: 4.0.5 - missing functions: none
symbol engine: initialized successfully - sym options: 0x614 - pdb path: .;C:\Program Files\AdoptOpenJDK\jdk-11.0.5.10-hotspot\bin;C:\WINDOWS\SYSTEM32;C:\WINDOWS\WinSxS\amd64_microsoft.windows.common-controls_6595b64144ccf1df_6.0.18362.720_none_e6beb5c51314836b;C:\Program Files\AdoptOpenJDK\jdk-11.0.5.10-hotspot\bin\server;C:\Program Files\JetBrains\IntelliJ IDEA 2019.2.3\bin;C:\WINDOWS\System32\DriverStore\FileRepository\u0347247.inf_amd64_b64920149a076a52\B347036;C:\Users\justi\AppData\Local\Temp\spirvcrossj-natives-tmp5914296863552789335;C:\Users\justi\AppData\Local\Temp\lwjgljusti\3.2.3-build-13;C:\Users\justi\AppData\Local\Temp\scenery-natives-tmp7845225327167403768

VM Arguments:
jvm_args: -ea -Djacoco-agent.destfile=C:\Users\justi\OneDrive\Dokumente\Max Planck Projekt\scenery-proteins\target/jacoco.exec -Didea.test.cyclic.buffer.size=1048576 -javaagent:C:\Program Files\JetBrains\IntelliJ IDEA 2019.2.3\lib\idea_rt.jar=49262:C:\Program Files\JetBrains\IntelliJ IDEA 2019.2.3\bin -Dfile.encoding=UTF-8 
java_command: com.intellij.rt.junit.JUnitStarter -ideVersion5 -junit4 graphics.scenery.tests.examples.PDB.BSplineTest
java_class_path (initial): C:\Program Files\JetBrains\IntelliJ IDEA 2019.2.3\lib\idea_rt.jar;C:\Program Files\JetBrains\IntelliJ IDEA 2019.2.3\plugins\junit\lib\junit5-rt.jar;C:\Program Files\JetBrains\IntelliJ IDEA 2019.2.3\plugins\junit\lib\junit-rt.jar;C:\Users\justi\OneDrive\Dokumente\Max Planck Projekt\scenery-proteins\target\test-classes;C:\Users\justi\OneDrive\Dokumente\Max Planck Projekt\scenery-proteins\target\classes;C:\Users\justi\.m2\repository\graphics\scenery\scenery\0.7.0-beta-7\scenery-0.7.0-beta-7.jar;C:\Users\justi\.m2\repository\org\jogamp\gluegen\gluegen-rt\2.3.2\gluegen-rt-2.3.2.jar;C:\Users\justi\.m2\repository\org\jogamp\gluegen\gluegen-rt\2.3.2\gluegen-rt-2.3.2-natives-linux-amd64.jar;C:\Users\justi\.m2\repository\org\jogamp\gluegen\gluegen-rt\2.3.2\gluegen-rt-2.3.2-natives-linux-i586.jar;C:\Users\justi\.m2\repository\org\jogamp\gluegen\gluegen-rt\2.3.2\gluegen-rt-2.3.2-natives-macosx-universal.jar;C:\Users\justi\.m2\repository\org\jogamp\gluegen\gluegen-rt\2.3.2\gluegen-rt-2.3.2-natives-windows-amd64.jar;C:\Users\justi\.m2\repository\org\jogamp\jogl\jogl-all\2.3.2\jogl-all-2.3.2.jar;C:\Users\justi\.m2\repository\org\jogamp\jogl\jogl-all\2.3.2\jogl-all-2.3.2-natives-linux-amd64.jar;C:\Users\justi\.m2\repository\org\jogamp\jogl\jogl-all\2.3.2\jogl-all-2.3.2-natives-linux-i586.jar;C:\Users\justi\.m2\repository\org\jogamp\jogl\jogl-all\2.3.2\jogl-all-2.3.2-natives-macosx-universal.jar;C:\Users\justi\.m2\repository\org\jogamp\jogl\jogl-all\2.3.2\jogl-all-2.3.2-natives-windows-amd64.jar;C:\Users\justi\.m2\repository\org\slf4j\slf4j-api\1.7.25\slf4j-api-1.7.25.jar;C:\Users\justi\.m2\repository\net\clearvolume\cleargl\2.2.6\cleargl-2.2.6.jar;C:\Users\justi\.m2\repository\org\jogamp\gluegen\gluegen-rt-main\2.3.2\gluegen-rt-main-2.3.2.jar;C:\Users\justi\.m2\repository\org\jogamp\gluegen\gluegen-rt\2.3.2\gluegen-rt-2.3.2-natives-android-aarch64.jar;C:\Users\justi\.m2\repository\org\jogamp\gluegen\gluegen-rt\2.3.2\gluegen-rt-2.3.2-natives-android-armv
Launcher Type: SUN_STANDARD

[Global flags]
     intx CICompilerCount                          = 3                                         {product} {ergonomic}
     uint ConcGCThreads                            = 1                                         {product} {ergonomic}
     uint G1ConcRefinementThreads                  = 4                                         {product} {ergonomic}
   size_t G1HeapRegionSize                         = 1048576                                   {product} {ergonomic}
    uintx GCDrainStackTargetSize                   = 64                                        {product} {ergonomic}
   size_t InitialHeapSize                          = 130023424                                 {product} {ergonomic}
   size_t MarkStackSize                            = 4194304                                   {product} {ergonomic}
   size_t MaxHeapSize                              = 2048917504                                {product} {ergonomic}
   size_t MaxNewSize                               = 1228931072                                {product} {ergonomic}
   size_t MinHeapDeltaBytes                        = 1048576                                   {product} {ergonomic}
    uintx NonNMethodCodeHeapSize                   = 5830732                                {pd product} {ergonomic}
    uintx NonProfiledCodeHeapSize                  = 122913754                              {pd product} {ergonomic}
    uintx ProfiledCodeHeapSize                     = 122913754                              {pd product} {ergonomic}
    uintx ReservedCodeCacheSize                    = 251658240                              {pd product} {ergonomic}
     bool SegmentedCodeCache                       = true                                      {product} {ergonomic}
     bool UseCompressedClassPointers               = true                                 {lp64_product} {ergonomic}
     bool UseCompressedOops                        = true                                 {lp64_product} {ergonomic}
     bool UseG1GC                                  = true                                      {product} {ergonomic}
     bool UseLargePagesIndividualAllocation        = false                                  {pd product} {ergonomic}

Logging:
Log output configuration:
 #0: stdout all=warning uptime,level,tags
 #1: stderr all=off uptime,level,tags

Environment Variables:
JAVA_HOME=C:\Program Files\Java\jdk1.8.0_241
PATH=C:\Program Files (x86)\Common Files\Oracle\Java\javapath;C:\ProgramData\Oracle\Java\javapath;C:\Program Files\AdoptOpenJDK\jdk-8.0.232.09-hotspot\bin;C:\Program Files\AdoptOpenJDK\jdk-11.0.5.10-hotspot\bin;C:\WINDOWS\system32;C:\WINDOWS;C:\WINDOWS\System32\Wbem;C:\WINDOWS\System32\WindowsPowerShell\v1.0\;C:\WINDOWS\System32\OpenSSH\;C:\Program Files\Git\cmd;%JAVA_HOME%\bin;%MAVEN_HOME%\bin;C:\Users\justi\AppData\Local\Microsoft\WindowsApps;C:\Users\justi\AppData\Local\Programs\MiKTeX 2.9\miktex\bin\x64\;C:\Program Files\Java\jdk-12.0.1\bin;C:\Users\justi\AppData\Local\Pandoc\
USERNAME=justi
OS=Windows_NT
PROCESSOR_IDENTIFIER=AMD64 Family 23 Model 17 Stepping 0, AuthenticAMD



---------------  S Y S T E M  ---------------

OS: Windows 10 , 64 bit Build 18362 (10.0.18362.329)

CPU:total 4 (initial active 4) (4 cores per cpu, 2 threads per core) family 23 model 17 stepping 0, cmov, cx8, fxsr, mmx, sse, sse2, sse3, ssse3, sse4.1, sse4.2, popcnt, avx, avx2, aes, clmul, mmxext, 3dnowpref, lzcnt, sse4a, ht, tsc, tscinvbit, tscinv, bmi1, bmi2, adx, sha, fma

Memory: 4k page, system-wide physical 7810M (1223M free)
TotalPageFile size 11522M (AvailPageFile size 1630M)
current process WorkingSet (physical memory assigned to process): 694M, peak: 694M
current process commit charge ("private bytes"): 844M, peak: 122757351M

vm_info: OpenJDK 64-Bit Server VM (11.0.5+10) for windows-amd64 JRE (11.0.5+10), built on Oct 19 2019 12:23:57 by "" with MS VC++ 15.8 (VS2017)

END.
