#
# A fatal error has been detected by the Java Runtime Environment:
#
#  EXCEPTION_ACCESS_VIOLATION (0xc0000005) at pc=0x00007fff81795107, pid=12356, tid=8288
#
# JRE version: OpenJDK Runtime Environment (11.0.5+10) (build 11.0.5+10)
# Java VM: OpenJDK 64-Bit Server VM (11.0.5+10, mixed mode, tiered, compressed oops, g1 gc, windows-amd64)
# Problematic frame:
# C  [spirvcrossj.dll+0x45107]
#
# No core dump will be written. Minidumps are not enabled by default on client versions of Windows
#
# If you would like to submit a bug report, please visit:
#   https://github.com/AdoptOpenJDK/openjdk-build/issues
# The crash happened outside the Java Virtual Machine in native code.
# See problematic frame for where to report the bug.
#

---------------  S U M M A R Y ------------

Command Line: -ea -Djacoco-agent.destfile=C:\Users\justi\OneDrive\Dokumente\Max Planck Projekt\scenery-proteins\target/jacoco.exec -Didea.test.cyclic.buffer.size=1048576 -javaagent:C:\Program Files\JetBrains\IntelliJ IDEA 2019.2.3\lib\idea_rt.jar=62179:C:\Program Files\JetBrains\IntelliJ IDEA 2019.2.3\bin -Dfile.encoding=UTF-8 com.intellij.rt.junit.JUnitStarter -ideVersion5 -junit4 graphics.scenery.tests.examples.sketches.FlatRibbonSketch

Host: AMD Ryzen 3 2200U with Radeon Vega Mobile Gfx  , 4 cores, 7G,  Windows 10 , 64 bit Build 18362 (10.0.18362.778)
Time: Wed Jun 10 10:38:10 2020 Mitteleuropäische Sommerzeit elapsed time: 63 seconds (0d 0h 1m 3s)

---------------  T H R E A D  ---------------

Current thread (0x0000023b076e5800):  JavaThread "main @coroutine#4" [_thread_in_native, id=8288, stack(0x0000009126500000,0x0000009126600000)]

Stack: [0x0000009126500000,0x0000009126600000],  sp=0x00000091265fc8e0,  free space=1010k
Native frames: (J=compiled Java code, j=interpreted, Vv=VM code, C=native code)
C  [spirvcrossj.dll+0x45107]

Java frames: (J=compiled Java code, j=interpreted, Vv=VM code)
j  graphics.scenery.spirvcrossj.libspirvcrossjJNI.ResourceVec_get(JLgraphics/scenery/spirvcrossj/ResourceVec;J)J+0
j  graphics.scenery.spirvcrossj.ResourceVec.get(J)Lgraphics/scenery/spirvcrossj/Resource;+10
j  graphics.scenery.backends.vulkan.VulkanShaderModule.<init>(Lgraphics/scenery/backends/vulkan/VulkanDevice;Ljava/lang/String;Lgraphics/scenery/backends/ShaderPackage;)V+165
j  graphics.scenery.backends.vulkan.VulkanShaderModule$Companion.getFromCacheOrCreate(Lgraphics/scenery/backends/vulkan/VulkanDevice;Ljava/lang/String;Lgraphics/scenery/backends/ShaderPackage;)Lgraphics/scenery/backends/vulkan/VulkanShaderModule;+77
j  graphics.scenery.backends.vulkan.VulkanRenderpass.initializeDefaultPipeline()V+281
j  graphics.scenery.backends.vulkan.VulkanRenderer.prepareRenderpassesFromConfig(Lgraphics/scenery/backends/RenderConfigReader$RenderConfig;II)V+4265
j  graphics.scenery.backends.vulkan.VulkanRenderer$SwapchainRecreator$recreate$refreshResolutionDependentResources$1.invoke()Ljava/util/List;+564
j  graphics.scenery.backends.vulkan.VulkanRenderer$SwapchainRecreator$recreate$refreshResolutionDependentResources$1.invoke()Ljava/lang/Object;+1
j  graphics.scenery.backends.vulkan.VulkanRenderer$SwapchainRecreator.recreate()V+225
j  graphics.scenery.backends.vulkan.VulkanRenderer.pollEvents()Z+48
j  graphics.scenery.backends.vulkan.VulkanRenderer.access$pollEvents(Lgraphics/scenery/backends/vulkan/VulkanRenderer;)Z+1
j  graphics.scenery.backends.vulkan.VulkanRenderer$render$1.invokeSuspend(Ljava/lang/Object;)Ljava/lang/Object;+157
j  kotlin.coroutines.jvm.internal.BaseContinuationImpl.resumeWith(Ljava/lang/Object;)V+46
j  kotlinx.coroutines.DispatchedTask.run()V+297
j  kotlinx.coroutines.EventLoopImplBase.processNextEvent()J+201
j  kotlinx.coroutines.BlockingCoroutine.joinBlocking()Ljava/lang/Object;+87
j  kotlinx.coroutines.BuildersKt__BuildersKt.runBlocking(Lkotlin/coroutines/CoroutineContext;Lkotlin/jvm/functions/Function2;)Ljava/lang/Object;+166
j  kotlinx.coroutines.BuildersKt.runBlocking(Lkotlin/coroutines/CoroutineContext;Lkotlin/jvm/functions/Function2;)Ljava/lang/Object;+2
j  kotlinx.coroutines.BuildersKt__BuildersKt.runBlocking$default(Lkotlin/coroutines/CoroutineContext;Lkotlin/jvm/functions/Function2;ILjava/lang/Object;)Ljava/lang/Object;+15
j  kotlinx.coroutines.BuildersKt.runBlocking$default(Lkotlin/coroutines/CoroutineContext;Lkotlin/jvm/functions/Function2;ILjava/lang/Object;)Ljava/lang/Object;+4
j  graphics.scenery.backends.vulkan.VulkanRenderer.render(Lgraphics/scenery/Camera;Ljava/util/List;)V+31
j  graphics.scenery.SceneryBase.sceneryMain$suspendImpl(Lgraphics/scenery/SceneryBase;Lkotlin/coroutines/Continuation;)Ljava/lang/Object;+1755
j  graphics.scenery.SceneryBase$sceneryMain$1.invokeSuspend(Ljava/lang/Object;)Ljava/lang/Object;+21
j  kotlin.coroutines.jvm.internal.BaseContinuationImpl.resumeWith(Ljava/lang/Object;)V+46
j  kotlinx.coroutines.DispatchedTask.run()V+297
j  kotlinx.coroutines.EventLoopImplBase.processNextEvent()J+201
j  kotlinx.coroutines.BlockingCoroutine.joinBlocking()Ljava/lang/Object;+87
j  kotlinx.coroutines.BuildersKt__BuildersKt.runBlocking(Lkotlin/coroutines/CoroutineContext;Lkotlin/jvm/functions/Function2;)Ljava/lang/Object;+166
j  kotlinx.coroutines.BuildersKt.runBlocking(Lkotlin/coroutines/CoroutineContext;Lkotlin/jvm/functions/Function2;)Ljava/lang/Object;+2
j  kotlinx.coroutines.BuildersKt__BuildersKt.runBlocking$default(Lkotlin/coroutines/CoroutineContext;Lkotlin/jvm/functions/Function2;ILjava/lang/Object;)Ljava/lang/Object;+15
j  kotlinx.coroutines.BuildersKt.runBlocking$default(Lkotlin/coroutines/CoroutineContext;Lkotlin/jvm/functions/Function2;ILjava/lang/Object;)Ljava/lang/Object;+4
j  graphics.scenery.SceneryBase.main()V+15
j  graphics.scenery.tests.examples.sketches.FlatRibbonSketch.main()V+1
v  ~StubRoutines::call_stub
j  jdk.internal.reflect.NativeMethodAccessorImpl.invoke0(Ljava/lang/reflect/Method;Ljava/lang/Object;[Ljava/lang/Object;)Ljava/lang/Object;+0 java.base@11.0.5
j  jdk.internal.reflect.NativeMethodAccessorImpl.invoke(Ljava/lang/Object;[Ljava/lang/Object;)Ljava/lang/Object;+100 java.base@11.0.5
j  jdk.internal.reflect.DelegatingMethodAccessorImpl.invoke(Ljava/lang/Object;[Ljava/lang/Object;)Ljava/lang/Object;+6 java.base@11.0.5
j  java.lang.reflect.Method.invoke(Ljava/lang/Object;[Ljava/lang/Object;)Ljava/lang/Object;+59 java.base@11.0.5
j  org.junit.runners.model.FrameworkMethod$1.runReflectiveCall()Ljava/lang/Object;+15
j  org.junit.internal.runners.model.ReflectiveCallable.run()Ljava/lang/Object;+1
j  org.junit.runners.model.FrameworkMethod.invokeExplosively(Ljava/lang/Object;[Ljava/lang/Object;)Ljava/lang/Object;+10
j  org.junit.internal.runners.statements.InvokeMethod.evaluate()V+12
j  org.junit.runners.ParentRunner.runLeaf(Lorg/junit/runners/model/Statement;Lorg/junit/runner/Description;Lorg/junit/runner/notification/RunNotifier;)V+17
j  org.junit.runners.BlockJUnit4ClassRunner.runChild(Lorg/junit/runners/model/FrameworkMethod;Lorg/junit/runner/notification/RunNotifier;)V+30
j  org.junit.runners.BlockJUnit4ClassRunner.runChild(Ljava/lang/Object;Lorg/junit/runner/notification/RunNotifier;)V+6
j  org.junit.runners.ParentRunner$3.run()V+12
j  org.junit.runners.ParentRunner$1.schedule(Ljava/lang/Runnable;)V+1
j  org.junit.runners.ParentRunner.runChildren(Lorg/junit/runner/notification/RunNotifier;)V+44
j  org.junit.runners.ParentRunner.access$000(Lorg/junit/runners/ParentRunner;Lorg/junit/runner/notification/RunNotifier;)V+2
j  org.junit.runners.ParentRunner$2.evaluate()V+8
j  org.junit.runners.ParentRunner.run(Lorg/junit/runner/notification/RunNotifier;)V+20
j  org.junit.runner.JUnitCore.run(Lorg/junit/runner/Runner;)Lorg/junit/runner/Result;+37
j  com.intellij.junit4.JUnit4IdeaTestRunner.startRunnerWithArgs([Ljava/lang/String;Ljava/lang/String;IZ)I+146
j  com.intellij.rt.junit.IdeaTestRunner$Repeater.startRunnerWithArgs(Lcom/intellij/rt/junit/IdeaTestRunner;[Ljava/lang/String;Ljava/util/ArrayList;Ljava/lang/String;IZ)I+22
j  com.intellij.rt.junit.JUnitStarter.prepareStreamsAndStart([Ljava/lang/String;Ljava/lang/String;Ljava/util/ArrayList;Ljava/lang/String;)I+116
j  com.intellij.rt.junit.JUnitStarter.main([Ljava/lang/String;)V+116
v  ~StubRoutines::call_stub

siginfo: EXCEPTION_ACCESS_VIOLATION (0xc0000005), reading address 0x0000000000000030


Register to memory mapping:

RIP=0x00007fff81795107 spirvcrossj.dll
RAX=0x00000091265fc910 is pointing into the stack for thread: 0x0000023b076e5800
RBX=0x0 is NULL
RCX=0x00000091265fc910 is pointing into the stack for thread: 0x0000023b076e5800
RDX=0x0000000000000030 is an unknown value
RSP=0x00000091265fc8e0 is pointing into the stack for thread: 0x0000023b076e5800
RBP=0x00000091265fca80 is pointing into the stack for thread: 0x0000023b076e5800
RSI=0x0 is NULL
RDI=0x00000091265fc9a0 is pointing into the stack for thread: 0x0000023b076e5800
R8 =0x0000023b4bb114e8 points into unknown readable memory: 12 00 00 00 11 00 00 00
R9 =0x0 is NULL
R10=0x0000023b0fcff008 is at code_begin+1000 in an Interpreter codelet
method entry point (kind = native)  [0x0000023b0fcfec20, 0x0000023b0fcff780]  2912 bytes
R11=0x00000091265fc9e8 is pointing into the stack for thread: 0x0000023b076e5800
R12=0x0 is NULL
R13={method} {0x0000023b311be9a0} 'ResourceVec_get' '(JLgraphics/scenery/spirvcrossj/ResourceVec;J)J' in 'graphics/scenery/spirvcrossj/libspirvcrossjJNI'
R14=0x00000091265fcac0 is pointing into the stack for thread: 0x0000023b076e5800
R15=0x0000023b076e5800 is a thread


Registers:
RAX=0x00000091265fc910, RBX=0x0000000000000000, RCX=0x00000091265fc910, RDX=0x0000000000000030
RSP=0x00000091265fc8e0, RBP=0x00000091265fca80, RSI=0x0000000000000000, RDI=0x00000091265fc9a0
R8 =0x0000023b4bb114e8, R9 =0x0000000000000000, R10=0x0000023b0fcff008, R11=0x00000091265fc9e8
R12=0x0000000000000000, R13=0x0000023b311be998, R14=0x00000091265fcac0, R15=0x0000023b076e5800
RIP=0x00007fff81795107, EFLAGS=0x0000000000010206

Top of Stack: (sp=0x00000091265fc8e0)
0x00000091265fc8e0:   0000023b076e63d8 0000023b076e5800
0x00000091265fc8f0:   00000091265fcb30 0000023b0fd0df72
0x00000091265fc900:   0000023b00000000 fffffffffffffffe
0x00000091265fc910:   0000000000000000 0000000000000000
0x00000091265fc920:   0000000000000000 0000023b076e5800
0x00000091265fc930:   0000000000000000 00007fff817a6738
0x00000091265fc940:   00000091265fc9a0 0000023b311be998
0x00000091265fc950:   0000023b25c086a0 0000023b076e5800
0x00000091265fc960:   0000023b076e5b40 fffffffffffffffe
0x00000091265fc970:   0000000000000000 0000000000000000
0x00000091265fc980:   0000023b4f665100 0000023b000000b9
0x00000091265fc990:   0000000000000000 000000000000000f
0x00000091265fc9a0:   00000091265fcb90 00000091265fcb30
0x00000091265fc9b0:   0000023b076e5800 00007fff8b1157b9
0x00000091265fc9c0:   0000023b4f665158 0000000000000000
0x00000091265fc9d0:   000088c400f07654 0000000000000065 

Instructions: (pc=0x00007fff81795107)
0x00007fff81795007:   48 8d 4c 24 20 48 c1 fa 02 4c 8b c2 49 c1 e8 3f
0x00007fff81795017:   4c 03 c2 49 8b d1 e8 be 6b 10 00 48 8b c7 48 8b
0x00007fff81795027:   5c 24 50 48 83 c4 40 5f c3 48 89 5c 24 08 57 48
0x00007fff81795037:   83 ec 40 48 8b c2 48 8b f9 48 8b c8 48 8d 54 24
0x00007fff81795047:   20 49 8b d8 e8 50 1d ff ff 4c 8b 4c 24 20 48 6b
0x00007fff81795057:   c3 1c f2 42 0f 10 4c 08 10 42 0f 10 04 08 42 8b
0x00007fff81795067:   44 08 18 0f 11 07 f2 0f 11 4f 10 89 47 18 4d 85
0x00007fff81795077:   c9 74 30 48 8b 4c 24 30 48 b8 25 49 92 24 49 92
0x00007fff81795087:   24 49 49 2b c9 48 f7 e9 48 8d 4c 24 20 48 c1 fa
0x00007fff81795097:   03 4c 8b c2 49 c1 e8 3f 4c 03 c2 49 8b d1 e8 e6
0x00007fff817950a7:   7d ff ff 48 8b c7 48 8b 5c 24 50 48 83 c4 40 5f
0x00007fff817950b7:   c3 cc cc cc cc cc cc cc cc 48 89 4c 24 08 57 48
0x00007fff817950c7:   83 ec 50 48 c7 44 24 28 fe ff ff ff 48 89 5c 24
0x00007fff817950d7:   68 49 8b d8 48 8b c2 48 8b f9 c7 44 24 20 00 00
0x00007fff817950e7:   00 00 48 8d 54 24 30 48 8b c8 e8 2a 1d ff ff 90
0x00007fff817950f7:   48 8d 14 5b 48 c1 e2 04 48 8b 5c 24 30 48 03 d3
0x00007fff81795107:   8b 02 89 07 8b 42 04 89 47 04 8b 42 08 89 47 08
0x00007fff81795117:   48 83 c2 10 48 8d 4f 10 48 c7 41 18 0f 00 00 00
0x00007fff81795127:   48 c7 41 10 00 00 00 00 48 83 79 18 10 72 05 48
0x00007fff81795137:   8b 01 eb 03 48 8b c1 c6 00 00 49 83 c9 ff 45 33
0x00007fff81795147:   c0 e8 03 69 ff ff 90 48 85 db 74 48 44 0f b6 4c
0x00007fff81795157:   24 60 4c 8d 44 24 30 48 8b 54 24 38 48 8b cb e8
0x00007fff81795167:   45 9e fe ff 48 8b 4c 24 40 48 2b cb 48 b8 ab aa
0x00007fff81795177:   aa aa aa aa aa 2a 48 f7 e9 48 c1 fa 03 4c 8b c2
0x00007fff81795187:   49 c1 e8 3f 4c 03 c2 48 8b d3 48 8d 4c 24 30 e8
0x00007fff81795197:   35 13 2e 00 48 8b c7 48 8b 5c 24 68 48 83 c4 50
0x00007fff817951a7:   5f c3 cc cc cc cc cc cc cc 40 53 48 83 ec 40 48
0x00007fff817951b7:   8b da 48 8d 54 24 20 e8 9d 1a ff ff 48 8b 4c 24
0x00007fff817951c7:   20 0f b6 1c 19 48 85 c9 74 51 48 8b 44 24 30 48
0x00007fff817951d7:   2b c1 48 3d 00 10 00 00 72 3c f6 c1 1f 74 07 ff
0x00007fff817951e7:   15 64 23 3c 00 cc 48 8b 41 f8 48 3b c1 72 07 ff
0x00007fff817951f7:   15 54 23 3c 00 cc 48 2b c8 48 83 f9 08 73 07 ff 


Stack slot to memory mapping:
stack at sp + 0 slots: 0x0000023b076e63d8 points into unknown readable memory: f8 7c 10 de 21 c9 05 08
stack at sp + 1 slots: 0x0000023b076e5800 is a thread
stack at sp + 2 slots: 0x00000091265fcb30 is pointing into the stack for thread: 0x0000023b076e5800
stack at sp + 3 slots: 0x0000023b0fd0df72 is at code_begin+114 in an Interpreter codelet
invokeinterface  185 invokeinterface  [0x0000023b0fd0df00, 0x0000023b0fd0eb40]  3136 bytes
stack at sp + 4 slots: 0x0000023b00000000 is an unknown value
stack at sp + 5 slots: 0xfffffffffffffffe is an unknown value
stack at sp + 6 slots: 0x0 is NULL
stack at sp + 7 slots: 0x0 is NULL


---------------  P R O C E S S  ---------------

Threads class SMR info:
_java_thread_list=0x0000023b4295fcb0, length=27, elements={
0x0000023b076e5800, 0x0000023b25abc000, 0x0000023b25abc800, 0x0000023b25ad7000,
0x0000023b25ad8000, 0x0000023b25ad9000, 0x0000023b264b7000, 0x0000023b264bf800,
0x0000023b25a50000, 0x0000023b26752800, 0x0000023b266fc000, 0x0000023b27a55000,
0x0000023b27de6800, 0x0000023b2761c000, 0x0000023b2970f000, 0x0000023b2a750000,
0x0000023b2a751000, 0x0000023b29c94800, 0x0000023b265db800, 0x0000023b271ec800,
0x0000023b271eb800, 0x0000023b271e9000, 0x0000023b271ea000, 0x0000023b271e8000,
0x0000023b271ef000, 0x0000023b38db9000, 0x0000023b38db3800
}

Java Threads: ( => current thread )
=>0x0000023b076e5800 JavaThread "main @coroutine#4" [_thread_in_native, id=8288, stack(0x0000009126500000,0x0000009126600000)]
  0x0000023b25abc000 JavaThread "Reference Handler" daemon [_thread_blocked, id=11424, stack(0x0000009126c00000,0x0000009126d00000)]
  0x0000023b25abc800 JavaThread "Finalizer" daemon [_thread_blocked, id=18188, stack(0x0000009126d00000,0x0000009126e00000)]
  0x0000023b25ad7000 JavaThread "Signal Dispatcher" daemon [_thread_blocked, id=4200, stack(0x0000009126e00000,0x0000009126f00000)]
  0x0000023b25ad8000 JavaThread "Attach Listener" daemon [_thread_blocked, id=7840, stack(0x0000009126f00000,0x0000009127000000)]
  0x0000023b25ad9000 JavaThread "C2 CompilerThread0" daemon [_thread_blocked, id=12672, stack(0x0000009127000000,0x0000009127100000)]
  0x0000023b264b7000 JavaThread "C1 CompilerThread0" daemon [_thread_blocked, id=4464, stack(0x0000009127100000,0x0000009127200000)]
  0x0000023b264bf800 JavaThread "Sweeper thread" daemon [_thread_blocked, id=7308, stack(0x0000009127200000,0x0000009127300000)]
  0x0000023b25a50000 JavaThread "Common-Cleaner" daemon [_thread_blocked, id=4208, stack(0x0000009127300000,0x0000009127400000)]
  0x0000023b26752800 JavaThread "Monitor Ctrl-Break" daemon [_thread_in_native, id=14524, stack(0x0000009127400000,0x0000009127500000)]
  0x0000023b266fc000 JavaThread "Service Thread" daemon [_thread_blocked, id=16396, stack(0x0000009127500000,0x0000009127600000)]
  0x0000023b27a55000 JavaThread "Java2D Disposer" daemon [_thread_blocked, id=11956, stack(0x0000009127900000,0x0000009127a00000)]
  0x0000023b27de6800 JavaThread "AWT-Windows" daemon [_thread_in_native, id=6776, stack(0x0000009127b00000,0x0000009127c00000)]
  0x0000023b2761c000 JavaThread "pool-2-thread-1" [_thread_blocked, id=2500, stack(0x0000009128300000,0x0000009128400000)]
  0x0000023b2970f000 JavaThread "AWT-Shutdown" [_thread_blocked, id=12176, stack(0x0000009128400000,0x0000009128500000)]
  0x0000023b2a750000 JavaThread "AWT-EventQueue-0" [_thread_blocked, id=8992, stack(0x0000009128500000,0x0000009128600000)]
  0x0000023b2a751000 JavaThread "TimerQueue" daemon [_thread_blocked, id=17272, stack(0x0000009128600000,0x0000009128700000)]
  0x0000023b29c94800 JavaThread "pool-3-thread-1" [_thread_blocked, id=7488, stack(0x0000009128700000,0x0000009128800000)]
  0x0000023b265db800 JavaThread "Timer-0" [_thread_in_native, id=12840, stack(0x0000009128b00000,0x0000009128c00000)]
  0x0000023b271ec800 JavaThread "pool-1-thread-1" [_thread_blocked, id=5668, stack(0x0000009128e00000,0x0000009128f00000)]
  0x0000023b271eb800 JavaThread "Thread-3" daemon [_thread_in_native, id=11348, stack(0x0000009129200000,0x0000009129300000)]
  0x0000023b271e9000 JavaThread "Thread-4" [_thread_blocked, id=3280, stack(0x0000009129300000,0x0000009129400000)]
  0x0000023b271ea000 JavaThread "SciJava-44ac94c2-Thread-0" [_thread_blocked, id=15468, stack(0x0000009129600000,0x0000009129700000)]
  0x0000023b271e8000 JavaThread "SciJava-44ac94c2-Thread-1" [_thread_blocked, id=16028, stack(0x0000009129700000,0x0000009129800000)]
  0x0000023b271ef000 JavaThread "Thread-5" [_thread_blocked, id=15060, stack(0x0000009126300000,0x0000009126400000)]
  0x0000023b38db9000 JavaThread "DefaultDispatcher-worker-1" daemon [_thread_blocked, id=4468, stack(0x0000009126400000,0x0000009126500000)]
  0x0000023b38db3800 JavaThread "DefaultDispatcher-worker-2" daemon [_thread_blocked, id=19120, stack(0x0000009128900000,0x0000009128a00000)]

Other Threads:
  0x0000023b25a94800 VMThread "VM Thread" [stack: 0x0000009126b00000,0x0000009126c00000] [id=19244]
  0x0000023b26701000 WatcherThread [stack: 0x0000009127600000,0x0000009127700000] [id=17744]
  0x0000023b076ff000 GCTaskThread "GC Thread#0" [stack: 0x0000009126600000,0x0000009126700000] [id=17316]
  0x0000023b26d4e000 GCTaskThread "GC Thread#1" [stack: 0x0000009127700000,0x0000009127800000] [id=16644]
  0x0000023b2ae4f800 GCTaskThread "GC Thread#2" [stack: 0x0000009127a00000,0x0000009127b00000] [id=924]
  0x0000023b2ad58800 GCTaskThread "GC Thread#3" [stack: 0x0000009128200000,0x0000009128300000] [id=8556]
  0x0000023b0772d800 ConcurrentGCThread "G1 Main Marker" [stack: 0x0000009126700000,0x0000009126800000] [id=14004]
  0x0000023b0772f000 ConcurrentGCThread "G1 Conc#0" [stack: 0x0000009126800000,0x0000009126900000] [id=11548]
  0x0000023b0779d800 ConcurrentGCThread "G1 Refine#0" [stack: 0x0000009126900000,0x0000009126a00000] [id=19440]
  0x0000023b39360800 ConcurrentGCThread "G1 Refine#1" [stack: 0x0000009129000000,0x0000009129100000] [id=18536]
  0x0000023b39360000 ConcurrentGCThread "G1 Refine#2" [stack: 0x0000009128f00000,0x0000009129000000] [id=16464]
  0x0000023b3935f000 ConcurrentGCThread "G1 Refine#3" [stack: 0x0000009129400000,0x0000009129500000] [id=11964]
  0x0000023b258f5000 ConcurrentGCThread "G1 Young RemSet Sampling" [stack: 0x0000009126a00000,0x0000009126b00000] [id=8068]

Threads with active compile tasks:

VM state:not at safepoint (normal execution)

VM Mutex/Monitor currently owned by a thread: None

Heap address: 0x0000000085e00000, size: 1954 MB, Compressed Oops mode: 32-bit
Narrow klass base: 0x0000000000000000, Narrow klass shift: 3
Compressed class space size: 1073741824 Address: 0x0000000100000000

Heap:
 garbage-first heap   total 126976K, used 58574K [0x0000000085e00000, 0x0000000100000000)
  region size 1024K, 7 young (7168K), 6 survivors (6144K)
 Metaspace       used 86710K, capacity 88905K, committed 89216K, reserved 1126400K
  class space    used 12488K, capacity 13144K, committed 13184K, reserved 1048576K
Heap Regions: E=young(eden), S=young(survivor), O=old, HS=humongous(starts), HC=humongous(continues), CS=collection set, F=free, A=archive, TAMS=top-at-mark-start (previous, next)
|   0|0x0000000085e00000, 0x0000000085f00000, 0x0000000085f00000|100%|HS|  |TAMS 0x0000000085f00000, 0x0000000085e00000| Complete 
|   1|0x0000000085f00000, 0x0000000086000000, 0x0000000086000000|100%|HC|  |TAMS 0x0000000086000000, 0x0000000085f00000| Complete 
|   2|0x0000000086000000, 0x0000000086100000, 0x0000000086100000|100%| O|  |TAMS 0x0000000086100000, 0x0000000086000000| Untracked 
|   3|0x0000000086100000, 0x0000000086200000, 0x0000000086200000|100%| O|  |TAMS 0x0000000086200000, 0x0000000086100000| Untracked 
|   4|0x0000000086200000, 0x0000000086300000, 0x0000000086300000|100%| O|  |TAMS 0x0000000086300000, 0x0000000086200000| Untracked 
|   5|0x0000000086300000, 0x0000000086400000, 0x0000000086400000|100%| O|  |TAMS 0x0000000086400000, 0x0000000086300000| Untracked 
|   6|0x0000000086400000, 0x0000000086500000, 0x0000000086500000|100%| O|  |TAMS 0x0000000086500000, 0x0000000086400000| Untracked 
|   7|0x0000000086500000, 0x0000000086600000, 0x0000000086600000|100%| O|  |TAMS 0x0000000086600000, 0x0000000086500000| Untracked 
|   8|0x0000000086600000, 0x0000000086700000, 0x0000000086700000|100%| O|  |TAMS 0x0000000086700000, 0x0000000086600000| Untracked 
|   9|0x0000000086700000, 0x0000000086800000, 0x0000000086800000|100%| O|  |TAMS 0x0000000086800000, 0x0000000086700000| Untracked 
|  10|0x0000000086800000, 0x0000000086900000, 0x0000000086900000|100%| O|  |TAMS 0x0000000086900000, 0x0000000086800000| Untracked 
|  11|0x0000000086900000, 0x0000000086a00000, 0x0000000086a00000|100%| O|  |TAMS 0x0000000086900000, 0x0000000086900000| Untracked 
|  12|0x0000000086a00000, 0x0000000086b00000, 0x0000000086b00000|100%| O|  |TAMS 0x0000000086a00000, 0x0000000086a00000| Untracked 
|  13|0x0000000086b00000, 0x0000000086c00000, 0x0000000086c00000|100%| O|  |TAMS 0x0000000086b00000, 0x0000000086b00000| Untracked 
|  14|0x0000000086c00000, 0x0000000086d00000, 0x0000000086d00000|100%| O|  |TAMS 0x0000000086c00000, 0x0000000086c00000| Untracked 
|  15|0x0000000086d00000, 0x0000000086e00000, 0x0000000086e00000|100%| O|  |TAMS 0x0000000086e00000, 0x0000000086d00000| Untracked 
|  16|0x0000000086e00000, 0x0000000086f00000, 0x0000000086f00000|100%| O|  |TAMS 0x0000000086f00000, 0x0000000086e00000| Untracked 
|  17|0x0000000086f00000, 0x0000000087000000, 0x0000000087000000|100%| O|  |TAMS 0x0000000086f00000, 0x0000000086f00000| Untracked 
|  18|0x0000000087000000, 0x0000000087100000, 0x0000000087100000|100%| O|  |TAMS 0x0000000087000000, 0x0000000087000000| Untracked 
|  19|0x0000000087100000, 0x0000000087200000, 0x0000000087200000|100%| O|  |TAMS 0x0000000087100000, 0x0000000087100000| Untracked 
|  20|0x0000000087200000, 0x0000000087300000, 0x0000000087300000|100%| O|  |TAMS 0x0000000087200000, 0x0000000087200000| Untracked 
|  21|0x0000000087300000, 0x0000000087400000, 0x0000000087400000|100%| O|  |TAMS 0x0000000087300000, 0x0000000087300000| Untracked 
|  22|0x0000000087400000, 0x0000000087500000, 0x0000000087500000|100%| O|  |TAMS 0x0000000087400000, 0x0000000087400000| Untracked 
|  23|0x0000000087500000, 0x0000000087533800, 0x0000000087600000| 20%| O|  |TAMS 0x0000000087500000, 0x0000000087500000| Untracked 
|  24|0x0000000087600000, 0x0000000087600000, 0x0000000087700000|  0%| F|  |TAMS 0x0000000087600000, 0x0000000087600000| Untracked 
|  25|0x0000000087700000, 0x0000000087700000, 0x0000000087800000|  0%| F|  |TAMS 0x0000000087700000, 0x0000000087700000| Untracked 
|  26|0x0000000087800000, 0x0000000087800000, 0x0000000087900000|  0%| F|  |TAMS 0x0000000087800000, 0x0000000087800000| Untracked 
|  27|0x0000000087900000, 0x0000000087900000, 0x0000000087a00000|  0%| F|  |TAMS 0x0000000087900000, 0x0000000087900000| Untracked 
|  28|0x0000000087a00000, 0x0000000087a00000, 0x0000000087b00000|  0%| F|  |TAMS 0x0000000087a00000, 0x0000000087a00000| Untracked 
|  29|0x0000000087b00000, 0x0000000087b00000, 0x0000000087c00000|  0%| F|  |TAMS 0x0000000087b00000, 0x0000000087b00000| Untracked 
|  30|0x0000000087c00000, 0x0000000087c00000, 0x0000000087d00000|  0%| F|  |TAMS 0x0000000087c00000, 0x0000000087c00000| Untracked 
|  31|0x0000000087d00000, 0x0000000087d00000, 0x0000000087e00000|  0%| F|  |TAMS 0x0000000087d00000, 0x0000000087d00000| Untracked 
|  32|0x0000000087e00000, 0x0000000087e00000, 0x0000000087f00000|  0%| F|  |TAMS 0x0000000087e00000, 0x0000000087e00000| Untracked 
|  33|0x0000000087f00000, 0x0000000088000000, 0x0000000088000000|100%| O|  |TAMS 0x0000000088000000, 0x0000000087f00000| Untracked 
|  34|0x0000000088000000, 0x0000000088100000, 0x0000000088100000|100%| O|  |TAMS 0x0000000088100000, 0x0000000088000000| Untracked 
|  35|0x0000000088100000, 0x0000000088200000, 0x0000000088200000|100%| O|  |TAMS 0x0000000088200000, 0x0000000088100000| Untracked 
|  36|0x0000000088200000, 0x0000000088300000, 0x0000000088300000|100%| O|  |TAMS 0x0000000088300000, 0x0000000088200000| Untracked 
|  37|0x0000000088300000, 0x0000000088400000, 0x0000000088400000|100%| O|  |TAMS 0x0000000088400000, 0x0000000088300000| Untracked 
|  38|0x0000000088400000, 0x0000000088500000, 0x0000000088500000|100%| O|  |TAMS 0x0000000088500000, 0x0000000088400000| Untracked 
|  39|0x0000000088500000, 0x0000000088600000, 0x0000000088600000|100%| O|  |TAMS 0x0000000088600000, 0x0000000088500000| Untracked 
|  40|0x0000000088600000, 0x0000000088700000, 0x0000000088700000|100%| O|  |TAMS 0x0000000088700000, 0x0000000088600000| Untracked 
|  41|0x0000000088700000, 0x0000000088800000, 0x0000000088800000|100%| O|  |TAMS 0x0000000088800000, 0x0000000088700000| Untracked 
|  42|0x0000000088800000, 0x0000000088900000, 0x0000000088900000|100%| O|  |TAMS 0x0000000088900000, 0x0000000088800000| Untracked 
|  43|0x0000000088900000, 0x0000000088a00000, 0x0000000088a00000|100%| O|  |TAMS 0x0000000088a00000, 0x0000000088900000| Untracked 
|  44|0x0000000088a00000, 0x0000000088b00000, 0x0000000088b00000|100%| O|  |TAMS 0x0000000088b00000, 0x0000000088a00000| Untracked 
|  45|0x0000000088b00000, 0x0000000088c00000, 0x0000000088c00000|100%| O|  |TAMS 0x0000000088c00000, 0x0000000088b00000| Untracked 
|  46|0x0000000088c00000, 0x0000000088d00000, 0x0000000088d00000|100%| O|  |TAMS 0x0000000088d00000, 0x0000000088c00000| Untracked 
|  47|0x0000000088d00000, 0x0000000088d00000, 0x0000000088e00000|  0%| F|  |TAMS 0x0000000088d00000, 0x0000000088d00000| Untracked 
|  48|0x0000000088e00000, 0x0000000088e00000, 0x0000000088f00000|  0%| F|  |TAMS 0x0000000088e00000, 0x0000000088e00000| Untracked 
|  49|0x0000000088f00000, 0x0000000088f00000, 0x0000000089000000|  0%| F|  |TAMS 0x0000000088f00000, 0x0000000088f00000| Untracked 
|  50|0x0000000089000000, 0x0000000089000000, 0x0000000089100000|  0%| F|  |TAMS 0x0000000089000000, 0x0000000089000000| Untracked 
|  51|0x0000000089100000, 0x0000000089100000, 0x0000000089200000|  0%| F|  |TAMS 0x0000000089100000, 0x0000000089100000| Untracked 
|  52|0x0000000089200000, 0x0000000089200000, 0x0000000089300000|  0%| F|  |TAMS 0x0000000089200000, 0x0000000089200000| Untracked 
|  53|0x0000000089300000, 0x0000000089400000, 0x0000000089400000|100%| O|  |TAMS 0x0000000089400000, 0x0000000089300000| Untracked 
|  54|0x0000000089400000, 0x0000000089400000, 0x0000000089500000|  0%| F|  |TAMS 0x0000000089400000, 0x0000000089400000| Untracked 
|  55|0x0000000089500000, 0x0000000089500000, 0x0000000089600000|  0%| F|  |TAMS 0x0000000089500000, 0x0000000089500000| Untracked 
|  56|0x0000000089600000, 0x0000000089600000, 0x0000000089700000|  0%| F|  |TAMS 0x0000000089600000, 0x0000000089600000| Untracked 
|  57|0x0000000089700000, 0x0000000089700000, 0x0000000089800000|  0%| F|  |TAMS 0x0000000089700000, 0x0000000089700000| Untracked 
|  58|0x0000000089800000, 0x0000000089900000, 0x0000000089900000|100%| O|  |TAMS 0x0000000089900000, 0x0000000089800000| Untracked 
|  59|0x0000000089900000, 0x0000000089a00000, 0x0000000089a00000|100%| O|  |TAMS 0x0000000089a00000, 0x0000000089900000| Untracked 
|  60|0x0000000089a00000, 0x0000000089b00000, 0x0000000089b00000|100%| O|  |TAMS 0x0000000089b00000, 0x0000000089a00000| Untracked 
|  61|0x0000000089b00000, 0x0000000089c00000, 0x0000000089c00000|100%| O|  |TAMS 0x0000000089c00000, 0x0000000089b00000| Untracked 
|  62|0x0000000089c00000, 0x0000000089d00000, 0x0000000089d00000|100%| O|  |TAMS 0x0000000089d00000, 0x0000000089c00000| Untracked 
|  63|0x0000000089d00000, 0x0000000089e00000, 0x0000000089e00000|100%| O|  |TAMS 0x0000000089e00000, 0x0000000089d00000| Untracked 
|  64|0x0000000089e00000, 0x0000000089f00000, 0x0000000089f00000|100%| O|  |TAMS 0x0000000089f00000, 0x0000000089e00000| Untracked 
|  65|0x0000000089f00000, 0x000000008a000000, 0x000000008a000000|100%| O|  |TAMS 0x000000008a000000, 0x0000000089f00000| Untracked 
|  66|0x000000008a000000, 0x000000008a100000, 0x000000008a100000|100%| O|  |TAMS 0x000000008a100000, 0x000000008a000000| Untracked 
|  67|0x000000008a100000, 0x000000008a200000, 0x000000008a200000|100%| O|  |TAMS 0x000000008a200000, 0x000000008a100000| Untracked 
|  68|0x000000008a200000, 0x000000008a300000, 0x000000008a300000|100%| O|  |TAMS 0x000000008a300000, 0x000000008a200000| Untracked 
|  69|0x000000008a300000, 0x000000008a400000, 0x000000008a400000|100%| O|  |TAMS 0x000000008a400000, 0x000000008a300000| Untracked 
|  70|0x000000008a400000, 0x000000008a500000, 0x000000008a500000|100%| O|  |TAMS 0x000000008a500000, 0x000000008a400000| Untracked 
|  71|0x000000008a500000, 0x000000008a500000, 0x000000008a600000|  0%| F|  |TAMS 0x000000008a500000, 0x000000008a500000| Untracked 
|  72|0x000000008a600000, 0x000000008a700000, 0x000000008a700000|100%| S|CS|TAMS 0x000000008a600000, 0x000000008a600000| Complete 
|  73|0x000000008a700000, 0x000000008a800000, 0x000000008a800000|100%| S|CS|TAMS 0x000000008a700000, 0x000000008a700000| Complete 
|  74|0x000000008a800000, 0x000000008a900000, 0x000000008a900000|100%| S|CS|TAMS 0x000000008a800000, 0x000000008a800000| Complete 
|  75|0x000000008a900000, 0x000000008aa00000, 0x000000008aa00000|100%| S|CS|TAMS 0x000000008a900000, 0x000000008a900000| Complete 
|  76|0x000000008aa00000, 0x000000008ab00000, 0x000000008ab00000|100%| S|CS|TAMS 0x000000008aa00000, 0x000000008aa00000| Complete 
|  77|0x000000008ab00000, 0x000000008ab00000, 0x000000008ac00000|  0%| F|  |TAMS 0x000000008ab00000, 0x000000008ab00000| Untracked 
|  78|0x000000008ac00000, 0x000000008ac00000, 0x000000008ad00000|  0%| F|  |TAMS 0x000000008ac00000, 0x000000008ac00000| Untracked 
|  79|0x000000008ad00000, 0x000000008ae00000, 0x000000008ae00000|100%| S|CS|TAMS 0x000000008ad00000, 0x000000008ad00000| Complete 
|  80|0x000000008ae00000, 0x000000008ae00000, 0x000000008af00000|  0%| F|  |TAMS 0x000000008ae00000, 0x000000008ae00000| Untracked 
|  81|0x000000008af00000, 0x000000008af00000, 0x000000008b000000|  0%| F|  |TAMS 0x000000008af00000, 0x000000008af00000| Untracked 
|  82|0x000000008b000000, 0x000000008b000000, 0x000000008b100000|  0%| F|  |TAMS 0x000000008b000000, 0x000000008b000000| Untracked 
|  83|0x000000008b100000, 0x000000008b100000, 0x000000008b200000|  0%| F|  |TAMS 0x000000008b100000, 0x000000008b100000| Untracked 
|  84|0x000000008b200000, 0x000000008b200000, 0x000000008b300000|  0%| F|  |TAMS 0x000000008b200000, 0x000000008b200000| Untracked 
|  85|0x000000008b300000, 0x000000008b300000, 0x000000008b400000|  0%| F|  |TAMS 0x000000008b300000, 0x000000008b300000| Untracked 
|  86|0x000000008b400000, 0x000000008b400000, 0x000000008b500000|  0%| F|  |TAMS 0x000000008b400000, 0x000000008b400000| Untracked 
|  87|0x000000008b500000, 0x000000008b500000, 0x000000008b600000|  0%| F|  |TAMS 0x000000008b500000, 0x000000008b500000| Untracked 
|  88|0x000000008b600000, 0x000000008b600000, 0x000000008b700000|  0%| F|  |TAMS 0x000000008b600000, 0x000000008b600000| Untracked 
|  89|0x000000008b700000, 0x000000008b700000, 0x000000008b800000|  0%| F|  |TAMS 0x000000008b700000, 0x000000008b700000| Untracked 
|  90|0x000000008b800000, 0x000000008b800000, 0x000000008b900000|  0%| F|  |TAMS 0x000000008b800000, 0x000000008b800000| Untracked 
|  91|0x000000008b900000, 0x000000008b900000, 0x000000008ba00000|  0%| F|  |TAMS 0x000000008b900000, 0x000000008b900000| Untracked 
|  92|0x000000008ba00000, 0x000000008ba00000, 0x000000008bb00000|  0%| F|  |TAMS 0x000000008ba00000, 0x000000008ba00000| Untracked 
|  93|0x000000008bb00000, 0x000000008bb00000, 0x000000008bc00000|  0%| F|  |TAMS 0x000000008bb00000, 0x000000008bb00000| Untracked 
|  94|0x000000008bc00000, 0x000000008bc00000, 0x000000008bd00000|  0%| F|  |TAMS 0x000000008bc00000, 0x000000008bc00000| Untracked 
|  95|0x000000008bd00000, 0x000000008bd00000, 0x000000008be00000|  0%| F|  |TAMS 0x000000008bd00000, 0x000000008bd00000| Untracked 
|  96|0x000000008be00000, 0x000000008be00000, 0x000000008bf00000|  0%| F|  |TAMS 0x000000008be00000, 0x000000008be00000| Untracked 
|  97|0x000000008bf00000, 0x000000008bf00000, 0x000000008c000000|  0%| F|  |TAMS 0x000000008bf00000, 0x000000008bf00000| Untracked 
|  98|0x000000008c000000, 0x000000008c000000, 0x000000008c100000|  0%| F|  |TAMS 0x000000008c000000, 0x000000008c000000| Untracked 
|  99|0x000000008c100000, 0x000000008c100000, 0x000000008c200000|  0%| F|  |TAMS 0x000000008c100000, 0x000000008c100000| Untracked 
| 100|0x000000008c200000, 0x000000008c200000, 0x000000008c300000|  0%| F|  |TAMS 0x000000008c200000, 0x000000008c200000| Untracked 
| 101|0x000000008c300000, 0x000000008c300000, 0x000000008c400000|  0%| F|  |TAMS 0x000000008c300000, 0x000000008c300000| Untracked 
| 102|0x000000008c400000, 0x000000008c400000, 0x000000008c500000|  0%| F|  |TAMS 0x000000008c400000, 0x000000008c400000| Untracked 
| 103|0x000000008c500000, 0x000000008c500000, 0x000000008c600000|  0%| F|  |TAMS 0x000000008c500000, 0x000000008c500000| Untracked 
| 104|0x000000008c600000, 0x000000008c600000, 0x000000008c700000|  0%| F|  |TAMS 0x000000008c600000, 0x000000008c600000| Untracked 
| 105|0x000000008c700000, 0x000000008c700000, 0x000000008c800000|  0%| F|  |TAMS 0x000000008c700000, 0x000000008c700000| Untracked 
| 106|0x000000008c800000, 0x000000008c800000, 0x000000008c900000|  0%| F|  |TAMS 0x000000008c800000, 0x000000008c800000| Untracked 
| 107|0x000000008c900000, 0x000000008c900000, 0x000000008ca00000|  0%| F|  |TAMS 0x000000008c900000, 0x000000008c900000| Untracked 
| 108|0x000000008ca00000, 0x000000008ca00000, 0x000000008cb00000|  0%| F|  |TAMS 0x000000008ca00000, 0x000000008ca00000| Untracked 
| 109|0x000000008cb00000, 0x000000008cb00000, 0x000000008cc00000|  0%| F|  |TAMS 0x000000008cb00000, 0x000000008cb00000| Untracked 
| 110|0x000000008cc00000, 0x000000008cc00000, 0x000000008cd00000|  0%| F|  |TAMS 0x000000008cc00000, 0x000000008cc00000| Untracked 
| 111|0x000000008cd00000, 0x000000008cd00000, 0x000000008ce00000|  0%| F|  |TAMS 0x000000008cd00000, 0x000000008cd00000| Untracked 
| 112|0x000000008ce00000, 0x000000008ce00000, 0x000000008cf00000|  0%| F|  |TAMS 0x000000008ce00000, 0x000000008ce00000| Untracked 
| 113|0x000000008cf00000, 0x000000008cf00000, 0x000000008d000000|  0%| F|  |TAMS 0x000000008cf00000, 0x000000008cf00000| Untracked 
| 114|0x000000008d000000, 0x000000008d000000, 0x000000008d100000|  0%| F|  |TAMS 0x000000008d000000, 0x000000008d000000| Untracked 
| 115|0x000000008d100000, 0x000000008d100000, 0x000000008d200000|  0%| F|  |TAMS 0x000000008d100000, 0x000000008d100000| Untracked 
| 116|0x000000008d200000, 0x000000008d200000, 0x000000008d300000|  0%| F|  |TAMS 0x000000008d200000, 0x000000008d200000| Untracked 
| 117|0x000000008d300000, 0x000000008d300000, 0x000000008d400000|  0%| F|  |TAMS 0x000000008d300000, 0x000000008d300000| Untracked 
| 118|0x000000008d400000, 0x000000008d400000, 0x000000008d500000|  0%| F|  |TAMS 0x000000008d400000, 0x000000008d400000| Untracked 
| 119|0x000000008d500000, 0x000000008d500000, 0x000000008d600000|  0%| F|  |TAMS 0x000000008d500000, 0x000000008d500000| Untracked 
| 120|0x000000008d600000, 0x000000008d600000, 0x000000008d700000|  0%| F|  |TAMS 0x000000008d600000, 0x000000008d600000| Untracked 
| 121|0x000000008d700000, 0x000000008d700000, 0x000000008d800000|  0%| F|  |TAMS 0x000000008d700000, 0x000000008d700000| Untracked 
| 122|0x000000008d800000, 0x000000008d800000, 0x000000008d900000|  0%| F|  |TAMS 0x000000008d800000, 0x000000008d800000| Untracked 
| 123|0x000000008d900000, 0x000000008d9a0490, 0x000000008da00000| 62%| E|  |TAMS 0x000000008d900000, 0x000000008d900000| Complete 

Card table byte_map: [0x0000023b1f0d0000,0x0000023b1f4b0000] _byte_map_base: 0x0000023b1eca1000

Marking Bits (Prev, Next): (CMBitMap*) 0x0000023b077253f8, (CMBitMap*) 0x0000023b07725430
 Prev Bits: [0x0000023b1f890000, 0x0000023b21718000)
 Next Bits: [0x0000023b21720000, 0x0000023b235a8000)

Polling page: 0x0000023b054a0000

Metaspace:

Usage:
  Non-class:     73.99 MB capacity,    72.48 MB ( 98%) used,     1.32 MB (  2%) free+waste,   188.19 KB ( <1%) overhead. 
      Class:     12.84 MB capacity,    12.20 MB ( 95%) used,   556.43 KB (  4%) free+waste,    98.88 KB ( <1%) overhead. 
       Both:     86.82 MB capacity,    84.68 MB ( 98%) used,     1.86 MB (  2%) free+waste,   287.06 KB ( <1%) overhead. 

Virtual space:
  Non-class space:       76.00 MB reserved,      74.25 MB ( 98%) committed 
      Class space:        1.00 GB reserved,      12.88 MB (  1%) committed 
             Both:        1.07 GB reserved,      87.13 MB (  8%) committed 

Chunk freelists:
   Non-Class:  79.00 KB
       Class:  8.00 KB
        Both:  87.00 KB

MaxMetaspaceSize: 17179869184.00 GB
CompressedClassSpaceSize: 1.00 GB

CodeHeap 'non-profiled nmethods': size=120064Kb used=6375Kb max_used=6375Kb free=113688Kb
 bounds [0x0000023b177b0000, 0x0000023b17df0000, 0x0000023b1ecf0000]
CodeHeap 'profiled nmethods': size=120000Kb used=20658Kb max_used=20658Kb free=99341Kb
 bounds [0x0000023b10280000, 0x0000023b116c0000, 0x0000023b177b0000]
CodeHeap 'non-nmethods': size=5696Kb used=1882Kb max_used=1937Kb free=3813Kb
 bounds [0x0000023b0fcf0000, 0x0000023b0ff60000, 0x0000023b10280000]
 total_blobs=13014 nmethods=7878 adapters=1494
 compilation: enabled
              stopped_count=0, restarted_count=0
 full_count=0

Compilation events (20 events):
Event: 63.511 Thread 0x0000023b264b7000 nmethod 8754 0x0000023b116b6a90 code [0x0000023b116b6c40, 0x0000023b116b6df0]
Event: 63.511 Thread 0x0000023b264b7000 8756   !   3       java.nio.DirectIntBufferU::put (31 bytes)
Event: 63.512 Thread 0x0000023b264b7000 nmethod 8756 0x0000023b116b6e90 code [0x0000023b116b7080, 0x0000023b116b7550]
Event: 63.512 Thread 0x0000023b264b7000 8757       1       org.slf4j.impl.StaticLoggerBinder::getLoggerFactory (5 bytes)
Event: 63.512 Thread 0x0000023b264b7000 nmethod 8757 0x0000023b17dd9690 code [0x0000023b17dd9840, 0x0000023b17dd9958]
Event: 63.523 Thread 0x0000023b264b7000 8758       3       java.util.Calendar::internalGet (7 bytes)
Event: 63.524 Thread 0x0000023b264b7000 nmethod 8758 0x0000023b116b7810 code [0x0000023b116b79c0, 0x0000023b116b7b58]
Event: 63.531 Thread 0x0000023b264b7000 8759   !   3       java.nio.DirectIntBufferU::get (28 bytes)
Event: 63.532 Thread 0x0000023b264b7000 nmethod 8759 0x0000023b116b7c10 code [0x0000023b116b7e00, 0x0000023b116b82b0]
Event: 63.532 Thread 0x0000023b264b7000 8760       3       graphics.scenery.spirvcrossj.IntVec::add (20 bytes)
Event: 63.532 Thread 0x0000023b264b7000 nmethod 8760 0x0000023b116b8510 code [0x0000023b116b86e0, 0x0000023b116b8910]
Event: 63.532 Thread 0x0000023b264b7000 8761       3       graphics.scenery.spirvcrossj.IntVec::doAdd (10 bytes)
Event: 63.532 Thread 0x0000023b264b7000 nmethod 8761 0x0000023b116b8a10 code [0x0000023b116b8bc0, 0x0000023b116b8d70]
Event: 63.558 Thread 0x0000023b25ad9000 nmethod 8699 0x0000023b17dd9e90 code [0x0000023b17ddaa00, 0x0000023b17de39d0]
Event: 63.558 Thread 0x0000023b25ad9000 8749       4       java.util.StringTokenizer::scanToken (179 bytes)
Event: 63.578 Thread 0x0000023b25ad9000 nmethod 8749 0x0000023b17de8c10 code [0x0000023b17de8dc0, 0x0000023b17de9398]
Event: 63.578 Thread 0x0000023b25ad9000 8750  s    4       java.util.Hashtable::put (104 bytes)
Event: 63.586 Thread 0x0000023b25ad9000 nmethod 8750 0x0000023b17de9690 code [0x0000023b17de9840, 0x0000023b17de9ec8]
Event: 63.586 Thread 0x0000023b25ad9000 8735       4       java.lang.Integer::toUnsignedLong (7 bytes)
Event: 63.586 Thread 0x0000023b25ad9000 nmethod 8735 0x0000023b17dea110 code [0x0000023b17dea2a0, 0x0000023b17dea2d8]

GC Heap History (20 events):
Event: 42.532 GC heap before
{Heap before GC invocations=18 (full 0):
 garbage-first heap   total 126976K, used 69632K [0x0000000085e00000, 0x0000000100000000)
  region size 1024K, 26 young (26624K), 5 survivors (5120K)
 Metaspace       used 73771K, capacity 75142K, committed 75392K, reserved 1114112K
  class space    used 10254K, capacity 10842K, committed 10880K, reserved 1048576K
}
Event: 42.544 GC heap after
{Heap after GC invocations=19 (full 0):
 garbage-first heap   total 126976K, used 53248K [0x0000000085e00000, 0x0000000100000000)
  region size 1024K, 3 young (3072K), 3 survivors (3072K)
 Metaspace       used 73771K, capacity 75142K, committed 75392K, reserved 1114112K
  class space    used 10254K, capacity 10842K, committed 10880K, reserved 1048576K
}
Event: 42.694 GC heap before
{Heap before GC invocations=19 (full 0):
 garbage-first heap   total 126976K, used 56320K [0x0000000085e00000, 0x0000000100000000)
  region size 1024K, 6 young (6144K), 3 survivors (3072K)
 Metaspace       used 74441K, capacity 75846K, committed 76160K, reserved 1114112K
  class space    used 10423K, capacity 11034K, committed 11136K, reserved 1048576K
}
Event: 42.704 GC heap after
{Heap after GC invocations=20 (full 0):
 garbage-first heap   total 126976K, used 51778K [0x0000000085e00000, 0x0000000100000000)
  region size 1024K, 1 young (1024K), 1 survivors (1024K)
 Metaspace       used 74441K, capacity 75846K, committed 76160K, reserved 1114112K
  class space    used 10423K, capacity 11034K, committed 11136K, reserved 1048576K
}
Event: 44.224 GC heap before
{Heap before GC invocations=20 (full 0):
 garbage-first heap   total 126976K, used 83522K [0x0000000085e00000, 0x0000000100000000)
  region size 1024K, 32 young (32768K), 1 survivors (1024K)
 Metaspace       used 76883K, capacity 78290K, committed 78336K, reserved 1116160K
  class space    used 10882K, capacity 11486K, committed 11520K, reserved 1048576K
}
Event: 44.229 GC heap after
{Heap after GC invocations=21 (full 0):
 garbage-first heap   total 126976K, used 52127K [0x0000000085e00000, 0x0000000100000000)
  region size 1024K, 1 young (1024K), 1 survivors (1024K)
 Metaspace       used 76883K, capacity 78290K, committed 78336K, reserved 1116160K
  class space    used 10882K, capacity 11486K, committed 11520K, reserved 1048576K
}
Event: 46.052 GC heap before
{Heap before GC invocations=21 (full 0):
 garbage-first heap   total 126976K, used 86943K [0x0000000085e00000, 0x0000000100000000)
  region size 1024K, 35 young (35840K), 1 survivors (1024K)
 Metaspace       used 79361K, capacity 80945K, committed 81024K, reserved 1118208K
  class space    used 11249K, capacity 11891K, committed 11904K, reserved 1048576K
}
Event: 46.061 GC heap after
{Heap after GC invocations=22 (full 0):
 garbage-first heap   total 126976K, used 53407K [0x0000000085e00000, 0x0000000100000000)
  region size 1024K, 3 young (3072K), 3 survivors (3072K)
 Metaspace       used 79361K, capacity 80945K, committed 81024K, reserved 1118208K
  class space    used 11249K, capacity 11891K, committed 11904K, reserved 1048576K
}
Event: 47.810 GC heap before
{Heap before GC invocations=22 (full 0):
 garbage-first heap   total 126976K, used 89247K [0x0000000085e00000, 0x0000000100000000)
  region size 1024K, 38 young (38912K), 3 survivors (3072K)
 Metaspace       used 80477K, capacity 82096K, committed 82176K, reserved 1120256K
  class space    used 11590K, capacity 12227K, committed 12288K, reserved 1048576K
}
Event: 47.820 GC heap after
{Heap after GC invocations=23 (full 0):
 garbage-first heap   total 126976K, used 53871K [0x0000000085e00000, 0x0000000100000000)
  region size 1024K, 3 young (3072K), 3 survivors (3072K)
 Metaspace       used 80477K, capacity 82096K, committed 82176K, reserved 1120256K
  class space    used 11590K, capacity 12227K, committed 12288K, reserved 1048576K
}
Event: 49.553 GC heap before
{Heap before GC invocations=23 (full 0):
 garbage-first heap   total 126976K, used 91759K [0x0000000085e00000, 0x0000000100000000)
  region size 1024K, 40 young (40960K), 3 survivors (3072K)
 Metaspace       used 81148K, capacity 82941K, committed 83072K, reserved 1120256K
  class space    used 11661K, capacity 12308K, committed 12416K, reserved 1048576K
}
Event: 49.565 GC heap after
{Heap after GC invocations=24 (full 0):
 garbage-first heap   total 126976K, used 54613K [0x0000000085e00000, 0x0000000100000000)
  region size 1024K, 4 young (4096K), 4 survivors (4096K)
 Metaspace       used 81148K, capacity 82941K, committed 83072K, reserved 1120256K
  class space    used 11661K, capacity 12308K, committed 12416K, reserved 1048576K
}
Event: 52.538 GC heap before
{Heap before GC invocations=24 (full 0):
 garbage-first heap   total 126976K, used 93525K [0x0000000085e00000, 0x0000000100000000)
  region size 1024K, 42 young (43008K), 4 survivors (4096K)
 Metaspace       used 81349K, capacity 83349K, committed 83584K, reserved 1120256K
  class space    used 11668K, capacity 12316K, committed 12416K, reserved 1048576K
}
Event: 52.543 GC heap after
{Heap after GC invocations=25 (full 0):
 garbage-first heap   total 126976K, used 53785K [0x0000000085e00000, 0x0000000100000000)
  region size 1024K, 2 young (2048K), 2 survivors (2048K)
 Metaspace       used 81349K, capacity 83349K, committed 83584K, reserved 1120256K
  class space    used 11668K, capacity 12316K, committed 12416K, reserved 1048576K
}
Event: 56.113 GC heap before
{Heap before GC invocations=25 (full 0):
 garbage-first heap   total 126976K, used 95769K [0x0000000085e00000, 0x0000000100000000)
  region size 1024K, 43 young (44032K), 2 survivors (2048K)
 Metaspace       used 81966K, capacity 84103K, committed 84224K, reserved 1120256K
  class space    used 11795K, capacity 12454K, committed 12544K, reserved 1048576K
}
Event: 56.120 GC heap after
{Heap after GC invocations=26 (full 0):
 garbage-first heap   total 126976K, used 54095K [0x0000000085e00000, 0x0000000100000000)
  region size 1024K, 2 young (2048K), 2 survivors (2048K)
 Metaspace       used 81966K, capacity 84103K, committed 84224K, reserved 1120256K
  class space    used 11795K, capacity 12454K, committed 12544K, reserved 1048576K
}
Event: 58.124 GC heap before
{Heap before GC invocations=26 (full 0):
 garbage-first heap   total 126976K, used 97103K [0x0000000085e00000, 0x0000000100000000)
  region size 1024K, 44 young (45056K), 2 survivors (2048K)
 Metaspace       used 82378K, capacity 84623K, committed 84736K, reserved 1122304K
  class space    used 11852K, capacity 12494K, committed 12544K, reserved 1048576K
}
Event: 58.134 GC heap after
{Heap after GC invocations=27 (full 0):
 garbage-first heap   total 126976K, used 54722K [0x0000000085e00000, 0x0000000100000000)
  region size 1024K, 3 young (3072K), 3 survivors (3072K)
 Metaspace       used 82378K, capacity 84623K, committed 84736K, reserved 1122304K
  class space    used 11852K, capacity 12494K, committed 12544K, reserved 1048576K
}
Event: 63.611 GC heap before
{Heap before GC invocations=27 (full 0):
 garbage-first heap   total 126976K, used 97730K [0x0000000085e00000, 0x0000000100000000)
  region size 1024K, 46 young (47104K), 3 survivors (3072K)
 Metaspace       used 86673K, capacity 88905K, committed 89216K, reserved 1126400K
  class space    used 12485K, capacity 13144K, committed 13184K, reserved 1048576K
}
Event: 63.628 GC heap after
{Heap after GC invocations=28 (full 0):
 garbage-first heap   total 126976K, used 58574K [0x0000000085e00000, 0x0000000100000000)
  region size 1024K, 6 young (6144K), 6 survivors (6144K)
 Metaspace       used 86673K, capacity 88905K, committed 89216K, reserved 1126400K
  class space    used 12485K, capacity 13144K, committed 13184K, reserved 1048576K
}

Deoptimization events (20 events):
Event: 62.464 Thread 0x0000023b076e5800 Uncommon trap: trap_request=0xffffffde fr.pc=0x0000023b17a12f84 relative=0x00000000000001a4
Event: 62.464 Thread 0x0000023b076e5800 Uncommon trap: reason=class_check action=maybe_recompile pc=0x0000023b17a12f84 method=java.io.BufferedInputStream.read1([BII)I @ 39 c2
Event: 62.464 Thread 0x0000023b076e5800 DEOPT PACKING pc=0x0000023b17a12f84 sp=0x00000091265f9ed0
Event: 62.464 Thread 0x0000023b076e5800 DEOPT UNPACKING pc=0x0000023b0fd18f2f sp=0x00000091265f9e58 mode 2
Event: 62.470 Thread 0x0000023b076e5800 Uncommon trap: trap_request=0xffffff6e fr.pc=0x0000023b17d78b3c relative=0x000000000000141c
Event: 62.470 Thread 0x0000023b076e5800 Uncommon trap: reason=speculate_class_check action=maybe_recompile pc=0x0000023b17d78b3c method=java.util.Hashtable.addEntry(ILjava/lang/Object;Ljava/lang/Object;I)V @ 18 c2
Event: 62.470 Thread 0x0000023b076e5800 DEOPT PACKING pc=0x0000023b17d78b3c sp=0x00000091265f9fe0
Event: 62.470 Thread 0x0000023b076e5800 DEOPT UNPACKING pc=0x0000023b0fd18f2f sp=0x00000091265f9f28 mode 2
Event: 62.470 Thread 0x0000023b076e5800 Uncommon trap: trap_request=0xffffff6e fr.pc=0x0000023b17d78b3c relative=0x000000000000141c
Event: 62.470 Thread 0x0000023b076e5800 Uncommon trap: reason=speculate_class_check action=maybe_recompile pc=0x0000023b17d78b3c method=java.util.Hashtable.addEntry(ILjava/lang/Object;Ljava/lang/Object;I)V @ 18 c2
Event: 62.470 Thread 0x0000023b076e5800 DEOPT PACKING pc=0x0000023b17d78b3c sp=0x00000091265f9fe0
Event: 62.470 Thread 0x0000023b076e5800 DEOPT UNPACKING pc=0x0000023b0fd18f2f sp=0x00000091265f9f28 mode 2
Event: 62.470 Thread 0x0000023b076e5800 Uncommon trap: trap_request=0xffffff6e fr.pc=0x0000023b17d78b3c relative=0x000000000000141c
Event: 62.470 Thread 0x0000023b076e5800 Uncommon trap: reason=speculate_class_check action=maybe_recompile pc=0x0000023b17d78b3c method=java.util.Hashtable.addEntry(ILjava/lang/Object;Ljava/lang/Object;I)V @ 18 c2
Event: 62.470 Thread 0x0000023b076e5800 DEOPT PACKING pc=0x0000023b17d78b3c sp=0x00000091265f9fe0
Event: 62.470 Thread 0x0000023b076e5800 DEOPT UNPACKING pc=0x0000023b0fd18f2f sp=0x00000091265f9f28 mode 2
Event: 62.471 Thread 0x0000023b076e5800 Uncommon trap: trap_request=0xffffff6e fr.pc=0x0000023b17d78b3c relative=0x000000000000141c
Event: 62.472 Thread 0x0000023b076e5800 Uncommon trap: reason=speculate_class_check action=maybe_recompile pc=0x0000023b17d78b3c method=java.util.Hashtable.addEntry(ILjava/lang/Object;Ljava/lang/Object;I)V @ 18 c2
Event: 62.472 Thread 0x0000023b076e5800 DEOPT PACKING pc=0x0000023b17d78b3c sp=0x00000091265f9fb0
Event: 62.472 Thread 0x0000023b076e5800 DEOPT UNPACKING pc=0x0000023b0fd18f2f sp=0x00000091265f9ef8 mode 2

Classes redefined (0 events):
No events

Internal exceptions (20 events):
Event: 61.093 Thread 0x0000023b076e5800 Exception <a 'java/io/FileNotFoundException'{0x000000008b814618}> (0x000000008b814618) thrown at [c:/cygwin64/tmp/openjdk-jdk11u-windows-x64-hotspot/workspace/build/src/src/hotspot/share/prims/jni.cpp, line 615]
Event: 61.093 Thread 0x0000023b076e5800 Exception <a 'java/io/FileNotFoundException'{0x000000008b816b50}> (0x000000008b816b50) thrown at [c:/cygwin64/tmp/openjdk-jdk11u-windows-x64-hotspot/workspace/build/src/src/hotspot/share/prims/jni.cpp, line 615]
Event: 61.093 Thread 0x0000023b076e5800 Exception <a 'java/io/FileNotFoundException'{0x000000008b818f18}> (0x000000008b818f18) thrown at [c:/cygwin64/tmp/openjdk-jdk11u-windows-x64-hotspot/workspace/build/src/src/hotspot/share/prims/jni.cpp, line 615]
Event: 61.103 Thread 0x0000023b076e5800 Exception <a 'java/io/FileNotFoundException'{0x000000008b833048}> (0x000000008b833048) thrown at [c:/cygwin64/tmp/openjdk-jdk11u-windows-x64-hotspot/workspace/build/src/src/hotspot/share/prims/jni.cpp, line 615]
Event: 61.109 Thread 0x0000023b076e5800 Exception <a 'java/io/FileNotFoundException'{0x000000008b835470}> (0x000000008b835470) thrown at [c:/cygwin64/tmp/openjdk-jdk11u-windows-x64-hotspot/workspace/build/src/src/hotspot/share/prims/jni.cpp, line 615]
Event: 61.109 Thread 0x0000023b076e5800 Exception <a 'java/io/FileNotFoundException'{0x000000008b8377b0}> (0x000000008b8377b0) thrown at [c:/cygwin64/tmp/openjdk-jdk11u-windows-x64-hotspot/workspace/build/src/src/hotspot/share/prims/jni.cpp, line 615]
Event: 61.112 Thread 0x0000023b076e5800 Exception <a 'java/io/FileNotFoundException'{0x000000008b850d88}> (0x000000008b850d88) thrown at [c:/cygwin64/tmp/openjdk-jdk11u-windows-x64-hotspot/workspace/build/src/src/hotspot/share/prims/jni.cpp, line 615]
Event: 61.112 Thread 0x0000023b076e5800 Exception <a 'java/io/FileNotFoundException'{0x000000008b8531b0}> (0x000000008b8531b0) thrown at [c:/cygwin64/tmp/openjdk-jdk11u-windows-x64-hotspot/workspace/build/src/src/hotspot/share/prims/jni.cpp, line 615]
Event: 61.113 Thread 0x0000023b076e5800 Exception <a 'java/io/FileNotFoundException'{0x000000008b8554f0}> (0x000000008b8554f0) thrown at [c:/cygwin64/tmp/openjdk-jdk11u-windows-x64-hotspot/workspace/build/src/src/hotspot/share/prims/jni.cpp, line 615]
Event: 61.114 Thread 0x0000023b076e5800 Exception <a 'java/io/FileNotFoundException'{0x000000008b86dc30}> (0x000000008b86dc30) thrown at [c:/cygwin64/tmp/openjdk-jdk11u-windows-x64-hotspot/workspace/build/src/src/hotspot/share/prims/jni.cpp, line 615]
Event: 61.115 Thread 0x0000023b076e5800 Exception <a 'java/io/FileNotFoundException'{0x000000008b870058}> (0x000000008b870058) thrown at [c:/cygwin64/tmp/openjdk-jdk11u-windows-x64-hotspot/workspace/build/src/src/hotspot/share/prims/jni.cpp, line 615]
Event: 61.120 Thread 0x0000023b076e5800 Exception <a 'java/io/FileNotFoundException'{0x000000008b872398}> (0x000000008b872398) thrown at [c:/cygwin64/tmp/openjdk-jdk11u-windows-x64-hotspot/workspace/build/src/src/hotspot/share/prims/jni.cpp, line 615]
Event: 61.132 Thread 0x0000023b076e5800 Exception <a 'java/io/FileNotFoundException'{0x000000008b8bb828}> (0x000000008b8bb828) thrown at [c:/cygwin64/tmp/openjdk-jdk11u-windows-x64-hotspot/workspace/build/src/src/hotspot/share/prims/jni.cpp, line 615]
Event: 61.132 Thread 0x0000023b076e5800 Exception <a 'java/io/FileNotFoundException'{0x000000008b8bdab0}> (0x000000008b8bdab0) thrown at [c:/cygwin64/tmp/openjdk-jdk11u-windows-x64-hotspot/workspace/build/src/src/hotspot/share/prims/jni.cpp, line 615]
Event: 61.132 Thread 0x0000023b076e5800 Exception <a 'java/io/FileNotFoundException'{0x000000008b8bfc50}> (0x000000008b8bfc50) thrown at [c:/cygwin64/tmp/openjdk-jdk11u-windows-x64-hotspot/workspace/build/src/src/hotspot/share/prims/jni.cpp, line 615]
Event: 61.154 Thread 0x0000023b076e5800 Exception <a 'java/io/FileNotFoundException'{0x000000008b8f6018}> (0x000000008b8f6018) thrown at [c:/cygwin64/tmp/openjdk-jdk11u-windows-x64-hotspot/workspace/build/src/src/hotspot/share/prims/jni.cpp, line 615]
Event: 61.154 Thread 0x0000023b076e5800 Exception <a 'java/io/FileNotFoundException'{0x000000008b8f82a0}> (0x000000008b8f82a0) thrown at [c:/cygwin64/tmp/openjdk-jdk11u-windows-x64-hotspot/workspace/build/src/src/hotspot/share/prims/jni.cpp, line 615]
Event: 61.154 Thread 0x0000023b076e5800 Exception <a 'java/io/FileNotFoundException'{0x000000008b8fa440}> (0x000000008b8fa440) thrown at [c:/cygwin64/tmp/openjdk-jdk11u-windows-x64-hotspot/workspace/build/src/src/hotspot/share/prims/jni.cpp, line 615]
Event: 61.164 Thread 0x0000023b076e5800 Implicit null exception at 0x0000023b17da6cd7 to 0x0000023b17dae522
Event: 61.164 Thread 0x0000023b076e5800 Implicit null exception at 0x0000023b17db9bc1 to 0x0000023b17dc11ae

Events (20 events):
Event: 63.591 loading class graphics/scenery/spirvcrossj/BufferRange
Event: 63.591 loading class graphics/scenery/spirvcrossj/BufferRange done
Event: 63.594 loading class graphics/scenery/backends/vulkan/VulkanShaderModule$UBOMemberSpec
Event: 63.594 loading class graphics/scenery/backends/vulkan/VulkanShaderModule$UBOMemberSpec done
Event: 63.608 loading class graphics/scenery/backends/vulkan/VulkanShaderModule$$special$$inlined$sortedBy$1
Event: 63.608 loading class graphics/scenery/backends/vulkan/VulkanShaderModule$$special$$inlined$sortedBy$1 done
Event: 63.609 loading class kotlin/comparisons/ComparisonsKt
Event: 63.609 loading class kotlin/comparisons/ComparisonsKt done
Event: 63.610 loading class kotlin/comparisons/ComparisonsKt___ComparisonsKt
Event: 63.610 loading class kotlin/comparisons/ComparisonsKt___ComparisonsKt done
Event: 63.610 loading class kotlin/comparisons/ComparisonsKt___ComparisonsJvmKt
Event: 63.610 loading class kotlin/comparisons/ComparisonsKt___ComparisonsJvmKt done
Event: 63.611 Executing VM operation: G1CollectForAllocation
Event: 63.628 Executing VM operation: G1CollectForAllocation done
Event: 63.634 loading class kotlin/comparisons/ComparisonsKt__ComparisonsKt
Event: 63.634 loading class kotlin/comparisons/ComparisonsKt__ComparisonsKt done
Event: 63.636 loading class graphics/scenery/backends/vulkan/VulkanShaderModule$UBOSpec
Event: 63.636 loading class graphics/scenery/backends/vulkan/VulkanShaderModule$UBOSpec done
Event: 63.641 loading class graphics/scenery/backends/vulkan/VulkanShaderModule$UBOSpecType
Event: 63.641 loading class graphics/scenery/backends/vulkan/VulkanShaderModule$UBOSpecType done


Dynamic libraries:
0x00007ff666fe0000 - 0x00007ff666fed000 	C:\Program Files\AdoptOpenJDK\jdk-11.0.5.10-hotspot\bin\java.exe
0x00007fffc86e0000 - 0x00007fffc88d0000 	C:\WINDOWS\SYSTEM32\ntdll.dll
0x00007fffc8290000 - 0x00007fffc8342000 	C:\WINDOWS\System32\KERNEL32.DLL
0x00007fffc6240000 - 0x00007fffc64e4000 	C:\WINDOWS\System32\KERNELBASE.dll
0x00007fffc65d0000 - 0x00007fffc66ca000 	C:\WINDOWS\System32\ucrtbase.dll
0x00007fffbea40000 - 0x00007fffbea57000 	C:\Program Files\AdoptOpenJDK\jdk-11.0.5.10-hotspot\bin\jli.dll
0x00007fffc69f0000 - 0x00007fffc6b84000 	C:\WINDOWS\System32\USER32.dll
0x00007fffc6210000 - 0x00007fffc6231000 	C:\WINDOWS\System32\win32u.dll
0x00007fffc7f20000 - 0x00007fffc7f46000 	C:\WINDOWS\System32\GDI32.dll
0x00007fffc58a0000 - 0x00007fffc5a34000 	C:\WINDOWS\System32\gdi32full.dll
0x00007fffc66d0000 - 0x00007fffc676e000 	C:\WINDOWS\System32\msvcp_win.dll
0x00007fffbe9c0000 - 0x00007fffbe9d6000 	C:\Program Files\AdoptOpenJDK\jdk-11.0.5.10-hotspot\bin\VCRUNTIME140.dll
0x00007fffb3d70000 - 0x00007fffb3ff4000 	C:\WINDOWS\WinSxS\amd64_microsoft.windows.common-controls_6595b64144ccf1df_6.0.18362.836_none_e6c4b943130f18ed\COMCTL32.dll
0x00007fffc6790000 - 0x00007fffc682e000 	C:\WINDOWS\System32\msvcrt.dll
0x00007fffc8350000 - 0x00007fffc8686000 	C:\WINDOWS\System32\combase.dll
0x00007fffc7d90000 - 0x00007fffc7eb0000 	C:\WINDOWS\System32\RPCRT4.dll
0x00007fffc64f0000 - 0x00007fffc6570000 	C:\WINDOWS\System32\bcryptPrimitives.dll
0x00007fffc78e0000 - 0x00007fffc790e000 	C:\WINDOWS\System32\IMM32.DLL
0x00007fffb9140000 - 0x00007fffb91db000 	C:\Program Files\AdoptOpenJDK\jdk-11.0.5.10-hotspot\bin\msvcp140.dll
0x00007fff8afa0000 - 0x00007fff8ba5a000 	C:\Program Files\AdoptOpenJDK\jdk-11.0.5.10-hotspot\bin\server\jvm.dll
0x00007fffc81e0000 - 0x00007fffc8283000 	C:\WINDOWS\System32\ADVAPI32.dll
0x00007fffc6b90000 - 0x00007fffc6c27000 	C:\WINDOWS\System32\sechost.dll
0x00007fffc8690000 - 0x00007fffc8698000 	C:\WINDOWS\System32\PSAPI.DLL
0x00007fffbf900000 - 0x00007fffbf909000 	C:\WINDOWS\SYSTEM32\WSOCK32.dll
0x00007fffc7eb0000 - 0x00007fffc7f1f000 	C:\WINDOWS\System32\WS2_32.dll
0x00007fffba1a0000 - 0x00007fffba1c4000 	C:\WINDOWS\SYSTEM32\WINMM.dll
0x00007fffb9280000 - 0x00007fffb928a000 	C:\WINDOWS\SYSTEM32\VERSION.dll
0x00007fffba170000 - 0x00007fffba19d000 	C:\WINDOWS\SYSTEM32\WINMMBASE.dll
0x00007fffc61c0000 - 0x00007fffc620a000 	C:\WINDOWS\System32\cfgmgr32.dll
0x00007fffc55d0000 - 0x00007fffc55e1000 	C:\WINDOWS\System32\kernel.appcore.dll
0x00007fffb9130000 - 0x00007fffb9140000 	C:\Program Files\AdoptOpenJDK\jdk-11.0.5.10-hotspot\bin\verify.dll
0x00007fffc3f80000 - 0x00007fffc4174000 	C:\WINDOWS\SYSTEM32\DBGHELP.DLL
0x00007fffbdbf0000 - 0x00007fffbdc1a000 	C:\WINDOWS\SYSTEM32\dbgcore.DLL
0x00007fffb9100000 - 0x00007fffb9128000 	C:\Program Files\AdoptOpenJDK\jdk-11.0.5.10-hotspot\bin\java.dll
0x00007fffc1140000 - 0x00007fffc114e000 	C:\Program Files\AdoptOpenJDK\jdk-11.0.5.10-hotspot\bin\instrument.dll
0x00007fffb90e0000 - 0x00007fffb90f6000 	C:\Program Files\AdoptOpenJDK\jdk-11.0.5.10-hotspot\bin\zip.dll
0x00007fffb90d0000 - 0x00007fffb90da000 	C:\Program Files\AdoptOpenJDK\jdk-11.0.5.10-hotspot\bin\jimage.dll
0x00007fffc7080000 - 0x00007fffc7764000 	C:\WINDOWS\System32\SHELL32.dll
0x00007fffc6fd0000 - 0x00007fffc7079000 	C:\WINDOWS\System32\shcore.dll
0x00007fffc5a40000 - 0x00007fffc61be000 	C:\WINDOWS\System32\windows.storage.dll
0x00007fffc5640000 - 0x00007fffc5663000 	C:\WINDOWS\System32\profapi.dll
0x00007fffc55f0000 - 0x00007fffc563a000 	C:\WINDOWS\System32\powrprof.dll
0x00007fffc55a0000 - 0x00007fffc55b0000 	C:\WINDOWS\System32\UMPDC.dll
0x00007fffc7880000 - 0x00007fffc78d2000 	C:\WINDOWS\System32\shlwapi.dll
0x00007fffc6770000 - 0x00007fffc6787000 	C:\WINDOWS\System32\cryptsp.dll
0x00007fffb90b0000 - 0x00007fffb90c9000 	C:\Program Files\AdoptOpenJDK\jdk-11.0.5.10-hotspot\bin\net.dll
0x00007fffbc3e0000 - 0x00007fffbc4d0000 	C:\WINDOWS\SYSTEM32\WINHTTP.dll
0x00007fffc4db0000 - 0x00007fffc4e17000 	C:\WINDOWS\system32\mswsock.dll
0x00007fffb9090000 - 0x00007fffb90a2000 	C:\Program Files\AdoptOpenJDK\jdk-11.0.5.10-hotspot\bin\nio.dll
0x00007fffbfc60000 - 0x00007fffbfc7a000 	C:\Program Files\JetBrains\IntelliJ IDEA 2019.2.3\bin\breakgen64.dll
0x00007fffc4920000 - 0x00007fffc4953000 	C:\WINDOWS\system32\rsaenh.dll
0x00007fffc5870000 - 0x00007fffc5896000 	C:\WINDOWS\System32\bcrypt.dll
0x00007fffc54c0000 - 0x00007fffc54e5000 	C:\WINDOWS\SYSTEM32\USERENV.dll
0x00007fffc4f80000 - 0x00007fffc4f8c000 	C:\WINDOWS\SYSTEM32\CRYPTBASE.dll
0x00007fffc4ac0000 - 0x00007fffc4afa000 	C:\WINDOWS\SYSTEM32\IPHLPAPI.DLL
0x00007fffc7f50000 - 0x00007fffc7f58000 	C:\WINDOWS\System32\NSI.dll
0x00007fffbde90000 - 0x00007fffbdea6000 	C:\WINDOWS\SYSTEM32\dhcpcsvc6.DLL
0x00007fffbdf60000 - 0x00007fffbdf7c000 	C:\WINDOWS\SYSTEM32\dhcpcsvc.DLL
0x00007fffc4b00000 - 0x00007fffc4bcb000 	C:\WINDOWS\SYSTEM32\DNSAPI.dll
0x00007fffb9080000 - 0x00007fffb9089000 	C:\Program Files\AdoptOpenJDK\jdk-11.0.5.10-hotspot\bin\management.dll
0x00007fffb9070000 - 0x00007fffb907b000 	C:\Program Files\AdoptOpenJDK\jdk-11.0.5.10-hotspot\bin\management_ext.dll
0x00007fffae9f0000 - 0x00007fffaea06000 	C:\WINDOWS\system32\napinsp.dll
0x00007fffac640000 - 0x00007fffac65a000 	C:\WINDOWS\system32\pnrpnsp.dll
0x00007fffb8ff0000 - 0x00007fffb8ffe000 	C:\WINDOWS\System32\winrnr.dll
0x00007fffbe900000 - 0x00007fffbe91c000 	C:\WINDOWS\system32\NLAapi.dll
0x00007fffc1550000 - 0x00007fffc1565000 	C:\WINDOWS\system32\wshbth.dll
0x00007fffbf7a0000 - 0x00007fffbf7aa000 	C:\Windows\System32\rasadhlp.dll
0x00007fffbdb10000 - 0x00007fffbdb87000 	C:\WINDOWS\System32\fwpuclnt.dll
0x00007fff9bfd0000 - 0x00007fff9c169000 	C:\Program Files\AdoptOpenJDK\jdk-11.0.5.10-hotspot\bin\awt.dll
0x00007fffc7f60000 - 0x00007fffc8024000 	C:\WINDOWS\System32\OLEAUT32.dll
0x00007fffc20a0000 - 0x00007fffc2660000 	C:\WINDOWS\SYSTEM32\d2d1.dll
0x00007fffc34e0000 - 0x00007fffc356f000 	C:\WINDOWS\SYSTEM32\apphelp.dll
0x00007fffc39e0000 - 0x00007fffc3a0d000 	C:\WINDOWS\system32\DWMAPI.DLL
0x00007fffc35b0000 - 0x00007fffc3649000 	C:\WINDOWS\system32\uxtheme.dll
0x00007fff9c6b0000 - 0x00007fff9c806000 	C:\WINDOWS\system32\opengl32.dll
0x00007fffa7720000 - 0x00007fffa774c000 	C:\WINDOWS\SYSTEM32\GLU32.dll
0x00007fffc41f0000 - 0x00007fffc4210000 	C:\WINDOWS\SYSTEM32\dxcore.dll
0x00007fffc6e70000 - 0x00007fffc6fa6000 	C:\WINDOWS\System32\MSCTF.dll
0x00007fffc6890000 - 0x00007fffc69e7000 	C:\WINDOWS\System32\ole32.dll
0x00007fff9f3a0000 - 0x00007fff9f567000 	C:\WINDOWS\system32\d3d9.dll
0x00007fffb9d80000 - 0x00007fffb9f5b000 	C:\WINDOWS\System32\DriverStore\FileRepository\u0347247.inf_amd64_b64920149a076a52\B347036\aticfx64.dll
0x00007fffb9240000 - 0x00007fffb9271000 	C:\WINDOWS\System32\DriverStore\FileRepository\u0347247.inf_amd64_b64920149a076a52\B347036\atiu9p64.dll
0x00007fff82480000 - 0x00007fff83103000 	C:\WINDOWS\System32\DriverStore\FileRepository\u0347247.inf_amd64_b64920149a076a52\B347036\atiumd64.dll
0x0000000074770000 - 0x000000007541f000 	C:\WINDOWS\System32\DriverStore\FileRepository\u0347247.inf_amd64_b64920149a076a52\B347036\atiumd6a.dll
0x0000000073aa0000 - 0x0000000074764000 	C:\WINDOWS\System32\DriverStore\FileRepository\u0347247.inf_amd64_b64920149a076a52\B347036\atiumd6t.dll
0x00007fffc0be0000 - 0x00007fffc0c0b000 	C:\WINDOWS\SYSTEM32\amdihk64.dll
0x00007fffb6280000 - 0x00007fffb6302000 	C:\Program Files\AdoptOpenJDK\jdk-11.0.5.10-hotspot\bin\freetype.dll
0x00007fff9f620000 - 0x00007fff9f6c6000 	C:\Program Files\AdoptOpenJDK\jdk-11.0.5.10-hotspot\bin\fontmanager.dll
0x00007fffc0e60000 - 0x00007fffc0e69000 	C:\Program Files\AdoptOpenJDK\jdk-11.0.5.10-hotspot\bin\prefs.dll
0x00007fffc7770000 - 0x00007fffc7812000 	C:\WINDOWS\System32\clbcatq.dll
0x00007fffb7fd0000 - 0x00007fffb817f000 	C:\WINDOWS\SYSTEM32\WindowsCodecs.dll
0x00007fffb57c0000 - 0x00007fffb57fa000 	C:\WINDOWS\system32\dataexchange.dll
0x00007fffc2660000 - 0x00007fffc28bb000 	C:\WINDOWS\system32\d3d11.dll
0x00007fffc30f0000 - 0x00007fffc32cc000 	C:\WINDOWS\system32\dcomp.dll
0x00007fffc4280000 - 0x00007fffc436b000 	C:\WINDOWS\system32\dxgi.dll
0x00007fffc3680000 - 0x00007fffc38e1000 	C:\WINDOWS\system32\twinapi.appcore.dll
0x00007fffc3af0000 - 0x00007fffc3b19000 	C:\WINDOWS\system32\RMCLIENT.dll
0x00007fff81750000 - 0x00007fff82477000 	C:\Users\justi\AppData\Local\Temp\spirvcrossj-natives-tmp9352498537783457806\spirvcrossj.dll
0x00007fffae480000 - 0x00007fffae4e4000 	C:\Users\justi\AppData\Local\Temp\lwjgljusti\3.2.3-build-13\lwjgl.dll
0x00007fff8ab60000 - 0x00007fff8adb3000 	C:\Users\justi\AppData\Local\Temp\lwjgljusti\3.2.3-build-13\jemalloc.dll
0x00007fffa1b60000 - 0x00007fffa1bc2000 	C:\Users\justi\AppData\Local\Temp\lwjgljusti\3.2.3-build-13\glfw.dll
0x00007fffb91f0000 - 0x00007fffb9233000 	C:\WINDOWS\SYSTEM32\dinput8.dll
0x00007fffbf640000 - 0x00007fffbf651000 	C:\WINDOWS\SYSTEM32\xinput1_4.dll
0x00007fffc5340000 - 0x00007fffc536a000 	C:\WINDOWS\SYSTEM32\DEVOBJ.dll
0x00007fffb87e0000 - 0x00007fffb88fb000 	C:\WINDOWS\SYSTEM32\inputhost.dll
0x00007fffc32d0000 - 0x00007fffc33a4000 	C:\WINDOWS\SYSTEM32\CoreMessaging.dll
0x00007fffc13f0000 - 0x00007fffc1543000 	C:\WINDOWS\SYSTEM32\wintypes.dll
0x00007fffc1d30000 - 0x00007fffc1e20000 	C:\WINDOWS\SYSTEM32\PROPSYS.dll
0x00007fffb95d0000 - 0x00007fffb98fa000 	C:\WINDOWS\SYSTEM32\CoreUIComponents.dll
0x00007fffc45e0000 - 0x00007fffc4611000 	C:\WINDOWS\SYSTEM32\ntmarta.dll
0x00007fffc3ec0000 - 0x00007fffc3ece000 	C:\WINDOWS\SYSTEM32\HID.DLL
0x00007fffc7920000 - 0x00007fffc7d90000 	C:\WINDOWS\System32\SETUPAPI.DLL
0x00007fffc6570000 - 0x00007fffc65cc000 	C:\WINDOWS\System32\WINTRUST.dll
0x00007fffc55b0000 - 0x00007fffc55c2000 	C:\WINDOWS\System32\MSASN1.dll
0x00007fffc5720000 - 0x00007fffc5869000 	C:\WINDOWS\System32\CRYPT32.dll
0x00007fff9bec0000 - 0x00007fff9bfca000 	C:\WINDOWS\SYSTEM32\vulkan-1.dll
0x00007fff68530000 - 0x00007fff6c7d9000 	C:\Program Files\RenderDoc\renderdoc.dll
0x00007fffc6cb0000 - 0x00007fffc6d80000 	C:\WINDOWS\System32\COMDLG32.dll
0x00007fffc28c0000 - 0x00007fffc2d12000 	C:\WINDOWS\SYSTEM32\d3dcompiler_47.dll
0x00007fff806e0000 - 0x00007fff81743000 	C:\WINDOWS\System32\DriverStore\FileRepository\u0347247.inf_amd64_b64920149a076a52\B347036\amdvlk64.dll
0x00007fffb9000000 - 0x00007fffb9025000 	C:\Users\justi\AppData\Local\Temp\scenery-natives-tmp4322709500760180781\jinput-dx8_64.dll
0x00007fffb8b20000 - 0x00007fffb8b46000 	C:\Users\justi\AppData\Local\Temp\scenery-natives-tmp4322709500760180781\jinput-raw_64.dll
0x000000006e4c0000 - 0x000000006e4df000 	C:\Users\justi\AppData\Local\Temp\jffi723746513490375893.dll

dbghelp: loaded successfully - version: 4.0.5 - missing functions: none
symbol engine: initialized successfully - sym options: 0x614 - pdb path: .;C:\Program Files\AdoptOpenJDK\jdk-11.0.5.10-hotspot\bin;C:\WINDOWS\SYSTEM32;C:\WINDOWS\WinSxS\amd64_microsoft.windows.common-controls_6595b64144ccf1df_6.0.18362.836_none_e6c4b943130f18ed;C:\Program Files\AdoptOpenJDK\jdk-11.0.5.10-hotspot\bin\server;C:\Program Files\JetBrains\IntelliJ IDEA 2019.2.3\bin;C:\WINDOWS\System32\DriverStore\FileRepository\u0347247.inf_amd64_b64920149a076a52\B347036;C:\Users\justi\AppData\Local\Temp\spirvcrossj-natives-tmp9352498537783457806;C:\Users\justi\AppData\Local\Temp\lwjgljusti\3.2.3-build-13;C:\Program Files\RenderDoc;C:\Users\justi\AppData\Local\Temp\scenery-natives-tmp4322709500760180781;C:\Users\justi\AppData\Local\Temp

VM Arguments:
jvm_args: -ea -Djacoco-agent.destfile=C:\Users\justi\OneDrive\Dokumente\Max Planck Projekt\scenery-proteins\target/jacoco.exec -Didea.test.cyclic.buffer.size=1048576 -javaagent:C:\Program Files\JetBrains\IntelliJ IDEA 2019.2.3\lib\idea_rt.jar=62179:C:\Program Files\JetBrains\IntelliJ IDEA 2019.2.3\bin -Dfile.encoding=UTF-8 
java_command: com.intellij.rt.junit.JUnitStarter -ideVersion5 -junit4 graphics.scenery.tests.examples.sketches.FlatRibbonSketch
java_class_path (initial): C:\Program Files\JetBrains\IntelliJ IDEA 2019.2.3\lib\idea_rt.jar;C:\Program Files\JetBrains\IntelliJ IDEA 2019.2.3\plugins\junit\lib\junit5-rt.jar;C:\Program Files\JetBrains\IntelliJ IDEA 2019.2.3\plugins\junit\lib\junit-rt.jar;C:\Users\justi\OneDrive\Dokumente\Max Planck Projekt\scenery-proteins\target\test-classes;C:\Users\justi\OneDrive\Dokumente\Max Planck Projekt\scenery-proteins\target\classes;C:\Users\justi\OneDrive\Dokumente\Max Planck Projekt\scenery\target\classes;C:\Users\justi\.m2\repository\org\jogamp\gluegen\gluegen-rt\2.3.2\gluegen-rt-2.3.2.jar;C:\Users\justi\.m2\repository\org\jogamp\gluegen\gluegen-rt\2.3.2\gluegen-rt-2.3.2-natives-linux-amd64.jar;C:\Users\justi\.m2\repository\org\jogamp\gluegen\gluegen-rt\2.3.2\gluegen-rt-2.3.2-natives-linux-i586.jar;C:\Users\justi\.m2\repository\org\jogamp\gluegen\gluegen-rt\2.3.2\gluegen-rt-2.3.2-natives-macosx-universal.jar;C:\Users\justi\.m2\repository\org\jogamp\gluegen\gluegen-rt\2.3.2\gluegen-rt-2.3.2-natives-windows-amd64.jar;C:\Users\justi\.m2\repository\org\jogamp\jogl\jogl-all\2.3.2\jogl-all-2.3.2.jar;C:\Users\justi\.m2\repository\org\jogamp\jogl\jogl-all\2.3.2\jogl-all-2.3.2-natives-linux-amd64.jar;C:\Users\justi\.m2\repository\org\jogamp\jogl\jogl-all\2.3.2\jogl-all-2.3.2-natives-linux-i586.jar;C:\Users\justi\.m2\repository\org\jogamp\jogl\jogl-all\2.3.2\jogl-all-2.3.2-natives-macosx-universal.jar;C:\Users\justi\.m2\repository\org\jogamp\jogl\jogl-all\2.3.2\jogl-all-2.3.2-natives-windows-amd64.jar;C:\Users\justi\.m2\repository\org\slf4j\slf4j-api\1.7.25\slf4j-api-1.7.25.jar;C:\Users\justi\.m2\repository\net\clearvolume\cleargl\2.2.10\cleargl-2.2.10.jar;C:\Users\justi\.m2\repository\org\jogamp\gluegen\gluegen-rt-main\2.3.2\gluegen-rt-main-2.3.2.jar;C:\Users\justi\.m2\repository\org\jogamp\gluegen\gluegen-rt\2.3.2\gluegen-rt-2.3.2-natives-android-aarch64.jar;C:\Users\justi\.m2\repository\org\jogamp\gluegen\gluegen-rt\2.3.2\gluegen-rt-2.3.2-natives-android-armv6.jar;C:\Users\
Launcher Type: SUN_STANDARD

[Global flags]
     intx CICompilerCount                          = 3                                         {product} {ergonomic}
     uint ConcGCThreads                            = 1                                         {product} {ergonomic}
     uint G1ConcRefinementThreads                  = 4                                         {product} {ergonomic}
   size_t G1HeapRegionSize                         = 1048576                                   {product} {ergonomic}
    uintx GCDrainStackTargetSize                   = 64                                        {product} {ergonomic}
   size_t InitialHeapSize                          = 130023424                                 {product} {ergonomic}
   size_t MarkStackSize                            = 4194304                                   {product} {ergonomic}
   size_t MaxHeapSize                              = 2048917504                                {product} {ergonomic}
   size_t MaxNewSize                               = 1228931072                                {product} {ergonomic}
   size_t MinHeapDeltaBytes                        = 1048576                                   {product} {ergonomic}
    uintx NonNMethodCodeHeapSize                   = 5830732                                {pd product} {ergonomic}
    uintx NonProfiledCodeHeapSize                  = 122913754                              {pd product} {ergonomic}
    uintx ProfiledCodeHeapSize                     = 122913754                              {pd product} {ergonomic}
    uintx ReservedCodeCacheSize                    = 251658240                              {pd product} {ergonomic}
     bool SegmentedCodeCache                       = true                                      {product} {ergonomic}
     bool UseCompressedClassPointers               = true                                 {lp64_product} {ergonomic}
     bool UseCompressedOops                        = true                                 {lp64_product} {ergonomic}
     bool UseG1GC                                  = true                                      {product} {ergonomic}
     bool UseLargePagesIndividualAllocation        = false                                  {pd product} {ergonomic}

Logging:
Log output configuration:
 #0: stdout all=warning uptime,level,tags
 #1: stderr all=off uptime,level,tags

Environment Variables:
JAVA_HOME=C:\Program Files\Java\jdk1.8.0_241
PATH=C:\Program Files\Haskell\bin;C:\Program Files\Haskell Platform\8.6.5\lib\extralibs\bin;C:\Program Files\Haskell Platform\8.6.5\bin;C:\Program Files (x86)\Common Files\Oracle\Java\javapath;C:\ProgramData\Oracle\Java\javapath;C:\Program Files\AdoptOpenJDK\jdk-8.0.232.09-hotspot\bin;C:\Program Files\AdoptOpenJDK\jdk-11.0.5.10-hotspot\bin;C:\WINDOWS\system32;C:\WINDOWS;C:\WINDOWS\System32\Wbem;C:\WINDOWS\System32\WindowsPowerShell\v1.0\;C:\WINDOWS\System32\OpenSSH\;C:\Program Files\Git\cmd;C:\Program Files\Java\jdk1.8.0_241\bin;C:\Users\justi\apache-maven-3.6.3\bin;C:\Program Files\Haskell Platform\8.6.5\mingw\bin;C:\Program Files (x86)\Windows Kits\10\Windows Performance Toolkit\;C:\Users\justi\AppData\Roaming\cabal\bin;C:\Users\justi\AppData\Roaming\local\bin;C:\Users\justi\AppData\Local\Microsoft\WindowsApps;C:\Users\justi\AppData\Local\Programs\MiKTeX 2.9\miktex\bin\x64\;C:\Program Files\Java\jdk-12.0.1\bin;C:\Users\justi\AppData\Local\Pandoc\
USERNAME=justi
OS=Windows_NT
PROCESSOR_IDENTIFIER=AMD64 Family 23 Model 17 Stepping 0, AuthenticAMD



---------------  S Y S T E M  ---------------

OS: Windows 10 , 64 bit Build 18362 (10.0.18362.778)

CPU:total 4 (initial active 4) (4 cores per cpu, 2 threads per core) family 23 model 17 stepping 0, cmov, cx8, fxsr, mmx, sse, sse2, sse3, ssse3, sse4.1, sse4.2, popcnt, avx, avx2, aes, clmul, mmxext, 3dnowpref, lzcnt, sse4a, ht, tsc, tscinvbit, tscinv, bmi1, bmi2, adx, sha, fma

Memory: 4k page, system-wide physical 7810M (1040M free)
TotalPageFile size 12737M (AvailPageFile size 1508M)
current process WorkingSet (physical memory assigned to process): 492M, peak: 496M
current process commit charge ("private bytes"): 735M, peak: 740M

vm_info: OpenJDK 64-Bit Server VM (11.0.5+10) for windows-amd64 JRE (11.0.5+10), built on Oct 19 2019 12:23:57 by "" with MS VC++ 15.8 (VS2017)

END.
